#
# A fatal error has been detected by the Java Runtime Environment:
#
#  EXCEPTION_ACCESS_VIOLATION (0xc0000005) at pc=0x00007ffeed181d5b, pid=1340, tid=16524
#
# JRE version: Java(TM) SE Runtime Environment (8.0_25-b18) (build 1.8.0_25-b18)
# Java VM: Java HotSpot(TM) 64-Bit Server VM (25.25-b02 mixed mode windows-amd64 compressed oops)
# Problematic frame:
# C  [ig9icd64.dll+0x6b1d5b]
#
# Failed to write core dump. Minidumps are not enabled by default on client versions of Windows
#
# If you would like to submit a bug report, please visit:
#   http://bugreport.sun.com/bugreport/crash.jsp
#

---------------  T H R E A D  ---------------

Current thread (0x0000000017948000):  VMThread [stack: 0x0000000019630000,0x0000000019730000] [id=16524]

siginfo: ExceptionCode=0xc0000005, reading address 0x0000000000000018

Registers:
RAX=0x0000000000000000, RBX=0x0000000037560900, RCX=0x0000000000000000, RDX=0x0000000037560900
RSP=0x000000001972f340, RBP=0x0000000000000000, RSI=0x0000000037560900, RDI=0x0000000000000000
R8 =0x0000000000931440, R9 =0x0000000000000001, R10=0x0000000000008000, R11=0x000000001972f240
R12=0x0000000000000001, R13=0x00000000028b1658, R14=0x0000000000000000, R15=0x0000000000000004
RIP=0x00007ffeed181d5b, EFLAGS=0x0000000000010202

Top of Stack: (sp=0x000000001972f340)
0x000000001972f340:   0000000002625a00 000000a4f8523a2e
0x000000001972f350:   0000000030dd13a0 0000000030be1920
0x000000001972f360:   0000000000000004 0000000000000000
0x000000001972f370:   0000000000000001 0000000037560900
0x000000001972f380:   0000000000000000 00007ffeed0f155d
0x000000001972f390:   0000000030be1920 0000000037560900
0x000000001972f3a0:   0000000037560900 0000000037560900
0x000000001972f3b0:   0000000000000001 00007fff35c40000
0x000000001972f3c0:   0000000000000001 00007ffeecad0000
0x000000001972f3d0:   00000000028b1658 00007ffeecfc1250
0x000000001972f3e0:   0000000000000000 00007ffeed0f15ed
0x000000001972f3f0:   00007fff35c5d920 0000000037560900
0x000000001972f400:   00000000177d59a0 0000000000000001
0x000000001972f410:   0000000000000000 00007ffeed011211
0x000000001972f420:   0000000000000001 000000000000408c
0x000000001972f430:   00007fff35c5d920 0000000000000001 

Instructions: (pc=0x00007ffeed181d5b)
0x00007ffeed181d3b:   5f c3 cc cc cc cc cc cc cc cc cc cc cc cc cc cc
0x00007ffeed181d4b:   cc cc cc cc cc 40 55 56 41 54 41 56 48 83 ec 28
0x00007ffeed181d5b:   48 8b 71 18 45 33 e4 48 8b ea 4c 8b f1 48 85 f6
0x00007ffeed181d6b:   0f 84 87 02 00 00 48 89 5c 24 58 48 89 7c 24 60 


Register to memory mapping:

RAX=0x0000000000000000 is an unknown value
RBX=0x0000000037560900 is an unknown value
RCX=0x0000000000000000 is an unknown value
RDX=0x0000000037560900 is an unknown value
RSP=0x000000001972f340 is an unknown value
RBP=0x0000000000000000 is an unknown value
RSI=0x0000000037560900 is an unknown value
RDI=0x0000000000000000 is an unknown value
R8 =0x0000000000931440 is an unknown value
R9 =0x0000000000000001 is an unknown value
R10=0x0000000000008000 is an unknown value
R11=0x000000001972f240 is an unknown value
R12=0x0000000000000001 is an unknown value
R13=0x00000000028b1658 is an unknown value
R14=0x0000000000000000 is an unknown value
R15=0x0000000000000004 is an unknown value


Stack: [0x0000000019630000,0x0000000019730000],  sp=0x000000001972f340,  free space=1020k
Native frames: (J=compiled Java code, j=interpreted, Vv=VM code, C=native code)

VM_Operation (0x0000000000d7f200): Exit, mode: safepoint, requested by thread 0x000000001d780800


---------------  P R O C E S S  ---------------

Java Threads: ( => current thread )
  0x000000001d781800 JavaThread "AWT-Shutdown" [_thread_blocked, id=1716, stack(0x0000000000d80000,0x0000000000e80000)]
  0x000000001d780800 JavaThread "SIGINT handler" daemon [_thread_blocked, id=12380, stack(0x0000000000c80000,0x0000000000d80000)]
  0x0000000025488800 JavaThread "LWJGL Timer" daemon [_thread_blocked, id=12152, stack(0x0000000049ea0000,0x0000000049fa0000)]
  0x0000000025487000 JavaThread "jME3 Audio Decoder" daemon [_thread_blocked, id=18832, stack(0x0000000045450000,0x0000000045550000)]
  0x0000000025483000 JavaThread "jME3 Main" [_thread_in_native, id=19032, stack(0x00000000334f0000,0x00000000335f0000)]
  0x0000000025482800 JavaThread "TimerQueue" daemon [_thread_blocked, id=20060, stack(0x0000000033cf0000,0x0000000033df0000)]
  0x0000000025486000 JavaThread "Java2D Disposer" daemon [_thread_blocked, id=17044, stack(0x000000001e7a0000,0x000000001e8a0000)]
  0x00000000199ee000 JavaThread "Service Thread" daemon [_thread_blocked, id=7592, stack(0x000000001a330000,0x000000001a430000)]
  0x0000000019961000 JavaThread "C1 CompilerThread3" daemon [_thread_blocked, id=6952, stack(0x000000001a230000,0x000000001a330000)]
  0x000000001995e000 JavaThread "C2 CompilerThread2" daemon [_thread_blocked, id=10768, stack(0x000000001a130000,0x000000001a230000)]
  0x000000001995a000 JavaThread "C2 CompilerThread1" daemon [_thread_blocked, id=4636, stack(0x000000001a030000,0x000000001a130000)]
  0x0000000019956000 JavaThread "C2 CompilerThread0" daemon [_thread_blocked, id=16896, stack(0x0000000019f30000,0x000000001a030000)]
  0x0000000019953800 JavaThread "Attach Listener" daemon [_thread_blocked, id=17012, stack(0x0000000019e30000,0x0000000019f30000)]
  0x0000000019953000 JavaThread "Signal Dispatcher" daemon [_thread_blocked, id=2304, stack(0x0000000019d30000,0x0000000019e30000)]
  0x00000000029b3000 JavaThread "Finalizer" daemon [_thread_blocked, id=12292, stack(0x0000000019830000,0x0000000019930000)]
  0x00000000029b2800 JavaThread "Reference Handler" daemon [_thread_blocked, id=3788, stack(0x0000000019730000,0x0000000019830000)]
  0x00000000028be000 JavaThread "main" [_thread_blocked, id=12984, stack(0x00000000027b0000,0x00000000028b0000)]

Other Threads:
=>0x0000000017948000 VMThread [stack: 0x0000000019630000,0x0000000019730000] [id=16524]

VM state:at safepoint (shutting down)

VM Mutex/Monitor currently owned by a thread:  ([mutex/lock_event])
[0x00000000028bd7e0] Threads_lock - owner thread: 0x0000000017948000

Heap:
 PSYoungGen      total 264192K, used 200697K [0x00000000d5e00000, 0x00000000ee900000, 0x0000000100000000)
  eden space 228352K, 87% used [0x00000000d5e00000,0x00000000e21a64b8,0x00000000e3d00000)
  from space 35840K, 0% used [0x00000000e3d00000,0x00000000e3d58000,0x00000000e6000000)
  to   space 35840K, 0% used [0x00000000ec600000,0x00000000ec600000,0x00000000ee900000)
 ParOldGen       total 110080K, used 34269K [0x0000000081a00000, 0x0000000088580000, 0x00000000d5e00000)
  object space 110080K, 31% used [0x0000000081a00000,0x0000000083b77578,0x0000000088580000)
 Metaspace       used 46748K, capacity 47629K, committed 47872K, reserved 1091584K
  class space    used 5393K, capacity 5626K, committed 5632K, reserved 1048576K

Card table byte_map: [0x0000000011d80000,0x0000000012180000] byte_map_base: 0x0000000011973000

Marking Bits: (ParMarkBitMap*) 0x0000000050d0d490
 Begin Bits: [0x0000000012c30000, 0x0000000014bc8000)
 End Bits:   [0x0000000014bc8000, 0x0000000016b60000)

Polling page: 0x0000000000f50000

CodeCache: size=245760Kb used=25667Kb max_used=25826Kb free=220092Kb
 bounds [0x00000000029c0000, 0x0000000004330000, 0x00000000119c0000]
 total_blobs=8200 nmethods=7448 adapters=665
 compilation: enabled

Compilation events (10 events):
Event: 4938.890 Thread 0x0000000019961000 9201       3       org.eclipse.jetty.util.component.AbstractLifeCycle::isStopping (14 bytes)
Event: 4938.891 Thread 0x0000000019961000 nmethod 9201 0x0000000003dd5550 code [0x0000000003dd56a0, 0x0000000003dd5850]
Event: 4938.891 Thread 0x000000001995e000 9202       4       org.eclipse.jetty.io.SelectorManager$ManagedSelector::runChanges (26 bytes)
Event: 4938.903 Thread 0x000000001995e000 nmethod 9202 0x00000000042f8d90 code [0x00000000042f8fa0, 0x00000000042f9900]
Event: 4939.399 Thread 0x0000000019961000 9203       1       org.eclipse.jetty.util.component.ContainerLifeCycle$Bean::access$100 (5 bytes)
Event: 4939.400 Thread 0x0000000019961000 nmethod 9203 0x0000000003857d10 code [0x0000000003857e60, 0x0000000003857f50]
Event: 4939.447 Thread 0x0000000019961000 9204       3       com.jme3.util.NativeObject::setUpdateNeeded (6 bytes)
Event: 4939.447 Thread 0x0000000019961000 nmethod 9204 0x0000000003f567d0 code [0x0000000003f56920, 0x0000000003f56a70]
Event: 4939.448 Thread 0x0000000019956000 9205       4       java.util.HashMap::removeNode (291 bytes)
Event: 4939.460 Thread 0x0000000019956000 nmethod 9205 0x0000000004187f50 code [0x00000000041880c0, 0x0000000004188678]

GC Heap History (10 events):
Event: 15.629 GC heap before
{Heap before GC invocations=11 (full 2):
 PSYoungGen      total 250880K, used 21994K [0x00000000d5e00000, 0x00000000e8280000, 0x0000000100000000)
  eden space 228864K, 0% used [0x00000000d5e00000,0x00000000d5e00000,0x00000000e3d80000)
  from space 22016K, 99% used [0x00000000e4900000,0x00000000e5e7a858,0x00000000e5e80000)
  to   space 35328K, 0% used [0x00000000e6000000,0x00000000e6000000,0x00000000e8280000)
 ParOldGen       total 62976K, used 59982K [0x0000000081a00000, 0x0000000085780000, 0x00000000d5e00000)
  object space 62976K, 95% used [0x0000000081a00000,0x0000000085493a90,0x0000000085780000)
 Metaspace       used 33801K, capacity 34462K, committed 34816K, reserved 1079296K
  class space    used 4068K, capacity 4274K, committed 4352K, reserved 1048576K
Event: 15.794 GC heap after
Heap after GC invocations=11 (full 2):
 PSYoungGen      total 250880K, used 0K [0x00000000d5e00000, 0x00000000e8280000, 0x0000000100000000)
  eden space 228864K, 0% used [0x00000000d5e00000,0x00000000d5e00000,0x00000000e3d80000)
  from space 22016K, 0% used [0x00000000e4900000,0x00000000e4900000,0x00000000e5e80000)
  to   space 35328K, 0% used [0x00000000e6000000,0x00000000e6000000,0x00000000e8280000)
 ParOldGen       total 62976K, used 56449K [0x0000000081a00000, 0x0000000085780000, 0x00000000d5e00000)
  object space 62976K, 89% used [0x0000000081a00000,0x00000000851206f8,0x0000000085780000)
 Metaspace       used 33800K, capacity 34460K, committed 34816K, reserved 1079296K
  class space    used 4067K, capacity 4273K, committed 4352K, reserved 1048576K
}
Event: 15.794 GC heap before
{Heap before GC invocations=12 (full 2):
 PSYoungGen      total 250880K, used 762K [0x00000000d5e00000, 0x00000000e8280000, 0x0000000100000000)
  eden space 228864K, 0% used [0x00000000d5e00000,0x00000000d5ebeba8,0x00000000e3d80000)
  from space 22016K, 0% used [0x00000000e4900000,0x00000000e4900000,0x00000000e5e80000)
  to   space 35328K, 0% used [0x00000000e6000000,0x00000000e6000000,0x00000000e8280000)
 ParOldGen       total 62976K, used 56449K [0x0000000081a00000, 0x0000000085780000, 0x00000000d5e00000)
  object space 62976K, 89% used [0x0000000081a00000,0x00000000851206f8,0x0000000085780000)
 Metaspace       used 33800K, capacity 34460K, committed 34816K, reserved 1079296K
  class space    used 4067K, capacity 4273K, committed 4352K, reserved 1048576K
Event: 15.795 GC heap after
Heap after GC invocations=12 (full 2):
 PSYoungGen      total 263680K, used 64K [0x00000000d5e00000, 0x00000000e8380000, 0x0000000100000000)
  eden space 228352K, 0% used [0x00000000d5e00000,0x00000000d5e00000,0x00000000e3d00000)
  from space 35328K, 0% used [0x00000000e6000000,0x00000000e6010000,0x00000000e8280000)
  to   space 35840K, 0% used [0x00000000e3d00000,0x00000000e3d00000,0x00000000e6000000)
 ParOldGen       total 62976K, used 56449K [0x0000000081a00000, 0x0000000085780000, 0x00000000d5e00000)
  object space 62976K, 89% used [0x0000000081a00000,0x00000000851206f8,0x0000000085780000)
 Metaspace       used 33800K, capacity 34460K, committed 34816K, reserved 1079296K
  class space    used 4067K, capacity 4273K, committed 4352K, reserved 1048576K
}
Event: 15.795 GC heap before
{Heap before GC invocations=13 (full 3):
 PSYoungGen      total 263680K, used 64K [0x00000000d5e00000, 0x00000000e8380000, 0x0000000100000000)
  eden space 228352K, 0% used [0x00000000d5e00000,0x00000000d5e00000,0x00000000e3d00000)
  from space 35328K, 0% used [0x00000000e6000000,0x00000000e6010000,0x00000000e8280000)
  to   space 35840K, 0% used [0x00000000e3d00000,0x00000000e3d00000,0x00000000e6000000)
 ParOldGen       total 62976K, used 56449K [0x0000000081a00000, 0x0000000085780000, 0x00000000d5e00000)
  object space 62976K, 89% used [0x0000000081a00000,0x00000000851206f8,0x0000000085780000)
 Metaspace       used 33800K, capacity 34460K, committed 34816K, reserved 1079296K
  class space    used 4067K, capacity 4273K, committed 4352K, reserved 1048576K
Event: 15.858 GC heap after
Heap after GC invocations=13 (full 3):
 PSYoungGen      total 263680K, used 0K [0x00000000d5e00000, 0x00000000e8380000, 0x0000000100000000)
  eden space 228352K, 0% used [0x00000000d5e00000,0x00000000d5e00000,0x00000000e3d00000)
  from space 35328K, 0% used [0x00000000e6000000,0x00000000e6000000,0x00000000e8280000)
  to   space 35840K, 0% used [0x00000000e3d00000,0x00000000e3d00000,0x00000000e6000000)
 ParOldGen       total 62976K, used 56449K [0x0000000081a00000, 0x0000000085780000, 0x00000000d5e00000)
  object space 62976K, 89% used [0x0000000081a00000,0x00000000851206d8,0x0000000085780000)
 Metaspace       used 33800K, capacity 34460K, committed 34816K, reserved 1079296K
  class space    used 4067K, capacity 4273K, committed 4352K, reserved 1048576K
}
Event: 66.688 GC heap before
{Heap before GC invocations=14 (full 4):
 PSYoungGen      total 263680K, used 228352K [0x00000000d5e00000, 0x00000000e8380000, 0x0000000100000000)
  eden space 228352K, 100% used [0x00000000d5e00000,0x00000000e3d00000,0x00000000e3d00000)
  from space 35328K, 0% used [0x00000000e6000000,0x00000000e6000000,0x00000000e8280000)
  to   space 35840K, 0% used [0x00000000e3d00000,0x00000000e3d00000,0x00000000e6000000)
 ParOldGen       total 62976K, used 56449K [0x0000000081a00000, 0x0000000085780000, 0x00000000d5e00000)
  object space 62976K, 89% used [0x0000000081a00000,0x00000000851206d8,0x0000000085780000)
 Metaspace       used 46407K, capacity 47337K, committed 47616K, reserved 1091584K
  class space    used 5369K, capacity 5620K, committed 5632K, reserved 1048576K
Event: 66.906 GC heap after
Heap after GC invocations=14 (full 4):
 PSYoungGen      total 263680K, used 0K [0x00000000d5e00000, 0x00000000e8380000, 0x0000000100000000)
  eden space 228352K, 0% used [0x00000000d5e00000,0x00000000d5e00000,0x00000000e3d00000)
  from space 35328K, 0% used [0x00000000e6000000,0x00000000e6000000,0x00000000e8280000)
  to   space 35840K, 0% used [0x00000000e3d00000,0x00000000e3d00000,0x00000000e6000000)
 ParOldGen       total 110080K, used 34261K [0x0000000081a00000, 0x0000000088580000, 0x00000000d5e00000)
  object space 110080K, 31% used [0x0000000081a00000,0x0000000083b75578,0x0000000088580000)
 Metaspace       used 46407K, capacity 47337K, committed 47616K, reserved 1091584K
  class space    used 5369K, capacity 5620K, committed 5632K, reserved 1048576K
}
Event: 284.679 GC heap before
{Heap before GC invocations=15 (full 4):
 PSYoungGen      total 263680K, used 228352K [0x00000000d5e00000, 0x00000000e8380000, 0x0000000100000000)
  eden space 228352K, 100% used [0x00000000d5e00000,0x00000000e3d00000,0x00000000e3d00000)
  from space 35328K, 0% used [0x00000000e6000000,0x00000000e6000000,0x00000000e8280000)
  to   space 35840K, 0% used [0x00000000e3d00000,0x00000000e3d00000,0x00000000e6000000)
 ParOldGen       total 110080K, used 34261K [0x0000000081a00000, 0x0000000088580000, 0x00000000d5e00000)
  object space 110080K, 31% used [0x0000000081a00000,0x0000000083b75578,0x0000000088580000)
 Metaspace       used 46605K, capacity 47495K, committed 47616K, reserved 1091584K
  class space    used 5378K, capacity 5625K, committed 5632K, reserved 1048576K
Event: 284.691 GC heap after
Heap after GC invocations=15 (full 4):
 PSYoungGen      total 264192K, used 352K [0x00000000d5e00000, 0x00000000ee900000, 0x0000000100000000)
  eden space 228352K, 0% used [0x00000000d5e00000,0x00000000d5e00000,0x00000000e3d00000)
  from space 35840K, 0% used [0x00000000e3d00000,0x00000000e3d58000,0x00000000e6000000)
  to   space 35840K, 0% used [0x00000000ec600000,0x00000000ec600000,0x00000000ee900000)
 ParOldGen       total 110080K, used 34269K [0x0000000081a00000, 0x0000000088580000, 0x00000000d5e00000)
  object space 110080K, 31% used [0x0000000081a00000,0x0000000083b77578,0x0000000088580000)
 Metaspace       used 46605K, capacity 47495K, committed 47616K, reserved 1091584K
  class space    used 5378K, capacity 5625K, committed 5632K, reserved 1048576K
}

Deoptimization events (10 events):
Event: 4938.890 Thread 0x000000001d763800 Uncommon trap: reason=unreached action=reinterpret pc=0x0000000003e0336c method=java.util.concurrent.locks.AbstractQueuedSynchronizer.doReleaseShared()V @ 6
Event: 4938.891 Thread 0x000000001b38b000 Uncommon trap: reason=class_check action=maybe_recompile pc=0x0000000003c627e4 method=java.util.HashMap.removeNode(ILjava/lang/Object;Ljava/lang/Object;ZZ)Ljava/util/HashMap$Node; @ 68
Event: 4938.891 Thread 0x000000001b3d3800 Uncommon trap: reason=class_check action=maybe_recompile pc=0x0000000003c627e4 method=java.util.HashMap.removeNode(ILjava/lang/Object;Ljava/lang/Object;ZZ)Ljava/util/HashMap$Node; @ 68
Event: 4939.397 Thread 0x000000001d77d000 Uncommon trap: reason=unreached action=reinterpret pc=0x00000000040f7e94 method=java.util.concurrent.ConcurrentHashMap.clear()V @ 12
Event: 4939.415 Thread 0x000000001d77d000 Uncommon trap: reason=class_check action=maybe_recompile pc=0x000000000411e0d8 method=java.util.Collections$3.nextElement()Ljava/lang/Object; @ 4
Event: 4939.415 Thread 0x000000001d77d000 Uncommon trap: reason=class_check action=maybe_recompile pc=0x000000000411e0d8 method=java.util.Collections$3.nextElement()Ljava/lang/Object; @ 4
Event: 4939.415 Thread 0x000000001d77d000 Uncommon trap: reason=class_check action=maybe_recompile pc=0x000000000411e0d8 method=java.util.Collections$3.nextElement()Ljava/lang/Object; @ 4
Event: 4939.415 Thread 0x000000001d77d000 Uncommon trap: reason=class_check action=maybe_recompile pc=0x000000000411e0d8 method=java.util.Collections$3.nextElement()Ljava/lang/Object; @ 4
Event: 4939.445 Thread 0x0000000025483000 Uncommon trap: reason=class_check action=maybe_recompile pc=0x0000000003c627e4 method=java.util.HashMap.removeNode(ILjava/lang/Object;Ljava/lang/Object;ZZ)Ljava/util/HashMap$Node; @ 68
Event: 4939.466 Thread 0x000000001d77d000 Uncommon trap: reason=unreached action=reinterpret pc=0x00000000040dc850 method=java.util.concurrent.ConcurrentLinkedQueue.poll()Ljava/lang/Object; @ 41

Internal exceptions (10 events):
Event: 4938.886 Thread 0x000000001d780000 Exception <a 'org/lwjgl/LWJGLException': Failed to set device gamma.> (0x00000000e1d112c8) thrown at [D:\re\workspace\8-2-build-windows-amd64-cygwin\jdk8u25\1677\hotspot\src\share\vm\prims\jni.cpp, line 742]
Event: 4938.889 Thread 0x000000001d77d000 Exception <a 'java/security/PrivilegedActionException'> (0x00000000e1d77c50) thrown at [D:\re\workspace\8-2-build-windows-amd64-cygwin\jdk8u25\1677\hotspot\src\share\vm\prims\jvm.cpp, line 1312]
Event: 4939.398 Thread 0x000000001d77d000 Exception <a 'java/security/PrivilegedActionException'> (0x00000000e1d82998) thrown at [D:\re\workspace\8-2-build-windows-amd64-cygwin\jdk8u25\1677\hotspot\src\share\vm\prims\jvm.cpp, line 1312]
Event: 4939.408 Thread 0x000000001d77d000 Exception <a 'java/security/PrivilegedActionException'> (0x00000000e1d934b8) thrown at [D:\re\workspace\8-2-build-windows-amd64-cygwin\jdk8u25\1677\hotspot\src\share\vm\prims\jvm.cpp, line 1312]
Event: 4939.411 Thread 0x000000001d77d000 Exception <a 'java/security/PrivilegedActionException'> (0x00000000e1da6668) thrown at [D:\re\workspace\8-2-build-windows-amd64-cygwin\jdk8u25\1677\hotspot\src\share\vm\prims\jvm.cpp, line 1312]
Event: 4939.412 Thread 0x000000001d77d000 Exception <a 'java/security/PrivilegedActionException'> (0x00000000e1dac530) thrown at [D:\re\workspace\8-2-build-windows-amd64-cygwin\jdk8u25\1677\hotspot\src\share\vm\prims\jvm.cpp, line 1312]
Event: 4939.413 Thread 0x000000001d77d000 Exception <a 'java/security/PrivilegedActionException'> (0x00000000e1db13c8) thrown at [D:\re\workspace\8-2-build-windows-amd64-cygwin\jdk8u25\1677\hotspot\src\share\vm\prims\jvm.cpp, line 1312]
Event: 4939.414 Thread 0x000000001d77d000 Exception <a 'java/security/PrivilegedActionException'> (0x00000000e1db7988) thrown at [D:\re\workspace\8-2-build-windows-amd64-cygwin\jdk8u25\1677\hotspot\src\share\vm\prims\jvm.cpp, line 1312]
Event: 4939.468 Thread 0x000000001d77d000 Exception <a 'java/security/PrivilegedActionException'> (0x00000000e1dca008) thrown at [D:\re\workspace\8-2-build-windows-amd64-cygwin\jdk8u25\1677\hotspot\src\share\vm\prims\jvm.cpp, line 1312]
Event: 4939.477 Thread 0x000000001d77d000 Exception <a 'java/io/FileNotFoundException'> (0x00000000e214fed8) thrown at [D:\re\workspace\8-2-build-windows-amd64-cygwin\jdk8u25\1677\hotspot\src\share\vm\prims\jni.cpp, line 716]

Events (10 events):
Event: 4939.471 Thread 0x000000001d763800 Thread exited: 0x000000001d763800
Event: 4939.471 Thread 0x000000001b38b000 Thread exited: 0x000000001b38b000
Event: 4939.471 Thread 0x000000001b3d3800 Thread exited: 0x000000001b3d3800
Event: 4939.471 Thread 0x000000001b3d4000 Thread exited: 0x000000001b3d4000
Event: 4939.477 Executing VM operation: RevokeBias
Event: 4939.478 Executing VM operation: RevokeBias done
Event: 4939.479 Executing VM operation: RevokeBias
Event: 4939.479 Executing VM operation: RevokeBias done
Event: 4939.479 Thread 0x000000001d77d000 Thread exited: 0x000000001d77d000
Event: 4939.490 Executing VM operation: Exit


Dynamic libraries:
0x00007ff6f06b0000 - 0x00007ff6f06e4000 	C:\Program Files\Java\jdk1.8.0_25\bin\java.exe
0x00007fff38f50000 - 0x00007fff39145000 	C:\Windows\SYSTEM32\ntdll.dll
0x00007fff38160000 - 0x00007fff3821d000 	C:\Windows\System32\KERNEL32.DLL
0x00007fff367b0000 - 0x00007fff36a78000 	C:\Windows\System32\KERNELBASE.dll
0x00007fff38e60000 - 0x00007fff38f0c000 	C:\Windows\System32\ADVAPI32.dll
0x00007fff36fb0000 - 0x00007fff3704e000 	C:\Windows\System32\msvcrt.dll
0x00007fff37050000 - 0x00007fff370eb000 	C:\Windows\System32\sechost.dll
0x00007fff38c00000 - 0x00007fff38d2b000 	C:\Windows\System32\RPCRT4.dll
0x00007fff37e20000 - 0x00007fff37fc0000 	C:\Windows\System32\USER32.dll
0x00007fff36c90000 - 0x00007fff36cb2000 	C:\Windows\System32\win32u.dll
0x00007fff38130000 - 0x00007fff3815a000 	C:\Windows\System32\GDI32.dll
0x00007fff36b80000 - 0x00007fff36c8b000 	C:\Windows\System32\gdi32full.dll
0x00007fff36690000 - 0x00007fff3672d000 	C:\Windows\System32\msvcp_win.dll
0x00007fff36a80000 - 0x00007fff36b80000 	C:\Windows\System32\ucrtbase.dll
0x00007fff257b0000 - 0x00007fff25a4a000 	C:\Windows\WinSxS\amd64_microsoft.windows.common-controls_6595b64144ccf1df_6.0.19041.844_none_ca00b6081b84eb1d\COMCTL32.dll
0x00007fff38090000 - 0x00007fff380c0000 	C:\Windows\System32\IMM32.DLL
0x0000000051f20000 - 0x0000000051ff2000 	C:\Program Files\Java\jdk1.8.0_25\jre\bin\msvcr100.dll
0x0000000050530000 - 0x0000000050d8a000 	C:\Program Files\Java\jdk1.8.0_25\jre\bin\server\jvm.dll
0x00007fff371d0000 - 0x00007fff371d8000 	C:\Windows\System32\PSAPI.DLL
0x00007fff25780000 - 0x00007fff257a7000 	C:\Windows\SYSTEM32\WINMM.dll
0x00007fff1c680000 - 0x00007fff1c689000 	C:\Windows\SYSTEM32\WSOCK32.dll
0x00007fff380c0000 - 0x00007fff3812b000 	C:\Windows\System32\WS2_32.dll
0x0000000051f10000 - 0x0000000051f1f000 	C:\Program Files\Java\jdk1.8.0_25\jre\bin\verify.dll
0x0000000051ee0000 - 0x0000000051f08000 	C:\Program Files\Java\jdk1.8.0_25\jre\bin\java.dll
0x0000000051ec0000 - 0x0000000051ed6000 	C:\Program Files\Java\jdk1.8.0_25\jre\bin\zip.dll
0x00007fff37530000 - 0x00007fff37c72000 	C:\Windows\System32\SHELL32.dll
0x00007fff34770000 - 0x00007fff34f01000 	C:\Windows\SYSTEM32\windows.storage.dll
0x00007fff38220000 - 0x00007fff38575000 	C:\Windows\System32\combase.dll
0x00007fff36030000 - 0x00007fff3605c000 	C:\Windows\SYSTEM32\Wldp.dll
0x00007fff37fe0000 - 0x00007fff3808e000 	C:\Windows\System32\SHCORE.dll
0x00007fff38580000 - 0x00007fff385d5000 	C:\Windows\System32\shlwapi.dll
0x00007fff365d0000 - 0x00007fff365ef000 	C:\Windows\SYSTEM32\profapi.dll
0x00007fff30100000 - 0x00007fff3010a000 	C:\Program Files (x86)\apache-maven-3.8.1\lib\jansi-native\windows64\jansi.dll
0x0000000051eb0000 - 0x0000000051ebd000 	C:\Program Files\Java\jdk1.8.0_25\jre\bin\management.dll
0x0000000051e90000 - 0x0000000051eaa000 	C:\Program Files\Java\jdk1.8.0_25\jre\bin\net.dll
0x00007fff35e10000 - 0x00007fff35e7a000 	C:\Windows\system32\mswsock.dll
0x00007fff35ad0000 - 0x00007fff35b0b000 	C:\Windows\SYSTEM32\IPHLPAPI.DLL
0x00007fff38e50000 - 0x00007fff38e58000 	C:\Windows\System32\NSI.dll
0x00007fff2d4c0000 - 0x00007fff2d4d7000 	C:\Windows\SYSTEM32\dhcpcsvc6.DLL
0x00007fff2d440000 - 0x00007fff2d45d000 	C:\Windows\SYSTEM32\dhcpcsvc.DLL
0x00007fff35b10000 - 0x00007fff35bdc000 	C:\Windows\SYSTEM32\DNSAPI.dll
0x0000000051e60000 - 0x0000000051e84000 	C:\Program Files\Java\jdk1.8.0_25\jre\bin\sunec.dll
0x00007fff36070000 - 0x00007fff36088000 	C:\Windows\SYSTEM32\CRYPTSP.dll
0x00007fff35760000 - 0x00007fff35794000 	C:\Windows\system32\rsaenh.dll
0x00007fff36f80000 - 0x00007fff36fa7000 	C:\Windows\System32\bcrypt.dll
0x00007fff36590000 - 0x00007fff365be000 	C:\Windows\SYSTEM32\USERENV.dll
0x00007fff36730000 - 0x00007fff367b0000 	C:\Windows\System32\bcryptprimitives.dll
0x00007fff35f90000 - 0x00007fff35f9c000 	C:\Windows\SYSTEM32\CRYPTBASE.dll
0x0000000051e40000 - 0x0000000051e51000 	C:\Program Files\Java\jdk1.8.0_25\jre\bin\nio.dll
0x00007ffefaad0000 - 0x00007ffefaae7000 	C:\Windows\system32\napinsp.dll
0x00007ffefaaf0000 - 0x00007ffefab0b000 	C:\Windows\system32\pnrpnsp.dll
0x00007fff30980000 - 0x00007fff30995000 	C:\Windows\system32\wshbth.dll
0x00007fff315a0000 - 0x00007fff315bd000 	C:\Windows\system32\NLAapi.dll
0x00007ffefab10000 - 0x00007ffefab22000 	C:\Windows\System32\winrnr.dll
0x00007fff2de80000 - 0x00007fff2de8a000 	C:\Windows\System32\rasadhlp.dll
0x00007fff2ac90000 - 0x00007fff2ad0f000 	C:\Windows\System32\fwpuclnt.dll
0x0000000051ca0000 - 0x0000000051e38000 	C:\Program Files\Java\jdk1.8.0_25\jre\bin\awt.dll
0x00007fff37460000 - 0x00007fff3752d000 	C:\Windows\System32\OLEAUT32.dll
0x00007fff32f40000 - 0x00007fff32fd0000 	C:\Windows\SYSTEM32\apphelp.dll
0x00007fff33030000 - 0x00007fff330ce000 	C:\Windows\system32\uxtheme.dll
0x00007fff38d30000 - 0x00007fff38e45000 	C:\Windows\System32\MSCTF.dll
0x00007fff38ad0000 - 0x00007fff38bfa000 	C:\Windows\System32\ole32.dll
0x00007fff34f20000 - 0x00007fff34f32000 	C:\Windows\SYSTEM32\kernel.appcore.dll
0x00007fff33e00000 - 0x00007fff33e2f000 	C:\Windows\system32\DWMAPI.DLL
0x00007fff36d20000 - 0x00007fff36d6e000 	C:\Windows\System32\cfgmgr32.dll
0x00007fff29470000 - 0x00007fff29617000 	C:\Windows\System32\DriverStore\FileRepository\iigd_dch.inf_amd64_24db536432518c37\igdgmm64.dll
0x00007fff26b10000 - 0x00007fff293fa000 	C:\Windows\System32\DriverStore\FileRepository\iigd_dch.inf_amd64_24db536432518c37\igc64.dll
0x00007fff2b150000 - 0x00007fff2b18b000 	C:\Windows\SYSTEM32\dxcore.dll
0x0000000051c50000 - 0x0000000051c97000 	C:\Program Files\Java\jdk1.8.0_25\jre\bin\fontmanager.dll
0x0000000051c00000 - 0x0000000051c41000 	C:\Program Files\Java\jdk1.8.0_25\jre\bin\t2k.dll
0x00007fff23fa0000 - 0x00007fff24099000 	C:\Windows\SYSTEM32\textinputframework.dll
0x00007fff329b0000 - 0x00007fff32d0e000 	C:\Windows\System32\CoreUIComponents.dll
0x00007fff32d10000 - 0x00007fff32e02000 	C:\Windows\System32\CoreMessaging.dll
0x00007fff35390000 - 0x00007fff353c3000 	C:\Windows\SYSTEM32\ntmarta.dll
0x00007fff332d0000 - 0x00007fff33424000 	C:\Windows\SYSTEM32\wintypes.dll
0x00007ffed6560000 - 0x00007ffed6732000 	W:\home\nico\Workspaces\factory-wild\Virtual_Factory\java-project\jmonkey-ld-master\bulletjme.dll
0x0000000180000000 - 0x0000000180064000 	W:\home\nico\Workspaces\factory-wild\Virtual_Factory\java-project\jmonkey-ld-master\OpenAL64.dll
0x000000002af90000 - 0x000000002afe3000 	W:\home\nico\Workspaces\factory-wild\Virtual_Factory\java-project\jmonkey-ld-master\lwjgl64.dll
0x00007fff2ee30000 - 0x00007fff2ee3a000 	C:\Windows\SYSTEM32\VERSION.dll
0x00007fff06690000 - 0x00007fff067b6000 	C:\Windows\SYSTEM32\OPENGL32.dll
0x00007fff072b0000 - 0x00007fff072dc000 	C:\Windows\SYSTEM32\GLU32.dll
0x00007fff301e0000 - 0x00007fff3028e000 	C:\Windows\SYSTEM32\mscms.dll
0x00007fff30180000 - 0x00007fff30191000 	C:\Windows\SYSTEM32\ColorAdapterClient.dll
0x00007fff37c80000 - 0x00007fff37d29000 	C:\Windows\System32\clbcatq.dll
0x00007fff2ee40000 - 0x00007fff2ef39000 	C:\Windows\System32\AppXDeploymentClient.dll
0x00007ffeecad0000 - 0x00007ffeeda1a000 	C:\Windows\System32\DriverStore\FileRepository\iigd_dch.inf_amd64_24db536432518c37\ig9icd64.dll
0x00007fff34f90000 - 0x00007fff35083000 	C:\Windows\system32\dxgi.dll
0x00007fff35c40000 - 0x00007fff35c8b000 	C:\Windows\SYSTEM32\powrprof.dll
0x00007fff35ab0000 - 0x00007fff35ac2000 	C:\Windows\SYSTEM32\UMPDC.dll
0x00007fff12520000 - 0x00007fff12563000 	C:\Windows\SYSTEM32\icm32.dll
0x00007ffeec6d0000 - 0x00007ffeecac1000 	C:\Windows\System32\DriverStore\FileRepository\iigd_dch.inf_amd64_24db536432518c37\igdml64.dll
0x00007fff2ebe0000 - 0x00007fff2ec65000 	C:\Windows\System32\MMDevApi.dll
0x00007fff36440000 - 0x00007fff3646c000 	C:\Windows\System32\DEVOBJ.dll
0x00007ffefe460000 - 0x00007ffefe4fc000 	C:\Windows\SYSTEM32\dsound.dll
0x00007fff1e0e0000 - 0x00007fff1e106000 	C:\Windows\SYSTEM32\winmmbase.dll
0x00007fff2eca0000 - 0x00007fff2ee21000 	C:\Windows\SYSTEM32\AUDIOSES.DLL
0x00007fff33f30000 - 0x00007fff33f44000 	C:\Windows\SYSTEM32\resourcepolicyclient.dll
0x00007fff344a0000 - 0x00007fff34684000 	C:\Windows\SYSTEM32\dbghelp.dll

VM Arguments:
jvm_args: -Dclassworlds.conf=C:\Program Files (x86)\apache-maven-3.8.1\bin\..\bin\m2.conf -Dmaven.home=C:\Program Files (x86)\apache-maven-3.8.1\bin\.. -Dlibrary.jansi.path=C:\Program Files (x86)\apache-maven-3.8.1\bin\..\lib\jansi-native -Dmaven.multiModuleProjectDirectory=W:\home\nico\Workspaces\factory-wild\Virtual_Factory\java-project\jmonkey-ld-master 
java_command: org.codehaus.plexus.classworlds.launcher.Launcher jetty:run
java_class_path (initial): C:\Program Files (x86)\apache-maven-3.8.1\bin\..\boot\plexus-classworlds-2.6.0.jar
Launcher Type: SUN_STANDARD

Environment Variables:
PATH=C:\Program Files\WindowsApps\Microsoft.WindowsTerminal_1.7.1033.0_x64__8wekyb3d8bbwe;C:\Windows\system32;C:\Windows;C:\Windows\System32\Wbem;C:\Windows\System32\WindowsPowerShell\v1.0\;C:\Windows\System32\OpenSSH\;C:\Program Files\Intel\WiFi\bin\;C:\Program Files\Common Files\Intel\WirelessCommon\;C:\gwprog\putty\;C:\Program Files\Docker\Docker\resources\bin;C:\ProgramData\DockerDesktop\version-bin;C:\Users\gnlpf\AppData\Local\Microsoft\WindowsApps;C:\Users\gnlpf\AppData\Local\Programs\Microsoft VS Code\bin;C:\Program Files\Java\jdk1.8.0_25\bin;C:\Program Files (x86)\apache-maven-3.8.1\bin;C:\linked-data-fu-0.9.13-pr.0\bin;
USERNAME=gnlpf
OS=Windows_NT
PROCESSOR_IDENTIFIER=Intel64 Family 6 Model 142 Stepping 10, GenuineIntel



---------------  S Y S T E M  ---------------

OS: Windows 8.1 , 64 bit Build 9600 

CPU:total 8 (4 cores per cpu, 2 threads per core) family 6 model 142 stepping 10, cmov, cx8, fxsr, mmx, sse, sse2, sse3, ssse3, sse4.1, sse4.2, popcnt, avx, avx2, aes, clmul, erms, lzcnt, ht, tsc, tscinvbit, bmi1, bmi2

Memory: 4k page, physical 8280788k(1811752k free), swap 14845416k(4503944k free)

vm_info: Java HotSpot(TM) 64-Bit Server VM (25.25-b02) for windows-amd64 JRE (1.8.0_25-b18), built on Oct  7 2014 14:25:37 by "java_re" with MS VC++ 10.0 (VS2010)

time: Sat Apr 24 13:47:45 2021
elapsed time: 4942 seconds (0d 1h 22m 22s)

