#
# A fatal error has been detected by the Java Runtime Environment:
#
#  EXCEPTION_ACCESS_VIOLATION (0xc0000005) at pc=0x00007ffe64601d5b, pid=4960, tid=16436
#
# JRE version: Java(TM) SE Runtime Environment (8.0_25-b18) (build 1.8.0_25-b18)
# Java VM: Java HotSpot(TM) 64-Bit Server VM (25.25-b02 mixed mode windows-amd64 compressed oops)
# Problematic frame:
# C  [ig9icd64.dll+0x6b1d5b]
#
# Failed to write core dump. Minidumps are not enabled by default on client versions of Windows
#
# If you would like to submit a bug report, please visit:
#   http://bugreport.sun.com/bugreport/crash.jsp
#

---------------  T H R E A D  ---------------

Current thread (0x0000000017dd8000):  VMThread [stack: 0x0000000019ae0000,0x0000000019be0000] [id=16436]

siginfo: ExceptionCode=0xc0000005, reading address 0x0000000000000018

Registers:
RAX=0x0000000000000000, RBX=0x00000000359e8f00, RCX=0x0000000000000000, RDX=0x00000000359e8f00
RSP=0x0000000019bdf2d0, RBP=0x0000000000000000, RSI=0x00000000359e8f00, RDI=0x0000000000000000
R8 =0x00000000e8d5f213, R9 =0x0000000003d099e5, R10=0x000000008619bcd9, R11=0xfffffffff7c671d9
R12=0x0000000000000001, R13=0x0000000002c41658, R14=0x0000000000000000, R15=0x0000000000000004
RIP=0x00007ffe64601d5b, EFLAGS=0x0000000000010202

Top of Stack: (sp=0x0000000019bdf2d0)
0x0000000019bdf2d0:   0000000002625a00 000000158c58d684
0x0000000019bdf2e0:   0000000030e63060 0000000030f73460
0x0000000019bdf2f0:   0000000000000004 0000000000000000
0x0000000019bdf300:   0000000000000001 00000000359e8f00
0x0000000019bdf310:   0000000000000000 00007ffe6457155d
0x0000000019bdf320:   0000000030f73460 00000000359e8f00
0x0000000019bdf330:   00000000359e8f00 00000000359e8f00
0x0000000019bdf340:   0000000000000001 00007ffeae020000
0x0000000019bdf350:   0000000000000001 00007ffe63f50000
0x0000000019bdf360:   0000000002c41658 00007ffe64441250
0x0000000019bdf370:   0000000000000000 00007ffe645715ed
0x0000000019bdf380:   00007ffeae03d920 00000000359e8f00
0x0000000019bdf390:   0000000002df94f0 0000000000000001
0x0000000019bdf3a0:   0000000000000000 00007ffe64491211
0x0000000019bdf3b0:   0000000000000001 0000000000004034
0x0000000019bdf3c0:   00007ffeae03d920 0000000000000001 

Instructions: (pc=0x00007ffe64601d5b)
0x00007ffe64601d3b:   5f c3 cc cc cc cc cc cc cc cc cc cc cc cc cc cc
0x00007ffe64601d4b:   cc cc cc cc cc 40 55 56 41 54 41 56 48 83 ec 28
0x00007ffe64601d5b:   48 8b 71 18 45 33 e4 48 8b ea 4c 8b f1 48 85 f6
0x00007ffe64601d6b:   0f 84 87 02 00 00 48 89 5c 24 58 48 89 7c 24 60 


Register to memory mapping:

RAX=0x0000000000000000 is an unknown value
RBX=0x00000000359e8f00 is an unknown value
RCX=0x0000000000000000 is an unknown value
RDX=0x00000000359e8f00 is an unknown value
RSP=0x0000000019bdf2d0 is an unknown value
RBP=0x0000000000000000 is an unknown value
RSI=0x00000000359e8f00 is an unknown value
RDI=0x0000000000000000 is an unknown value
R8 =0x00000000e8d5f213 is an unknown value
R9 =0x0000000003d099e5 is at entry_point+229 in (nmethod*)0x0000000003d097d0

[error occurred during error reporting (printing register info), id 0xc0000005]

Stack: [0x0000000019ae0000,0x0000000019be0000],  sp=0x0000000019bdf2d0,  free space=1020k
Native frames: (J=compiled Java code, j=interpreted, Vv=VM code, C=native code)

VM_Operation (0x000000001f36f030): Exit, mode: safepoint, requested by thread 0x000000001cefb000


---------------  P R O C E S S  ---------------

Java Threads: ( => current thread )
  0x000000001cf00800 JavaThread "AWT-Shutdown" [_thread_blocked, id=15820, stack(0x000000001f470000,0x000000001f570000)]
  0x000000001cefb000 JavaThread "SIGINT handler" daemon [_thread_blocked, id=8480, stack(0x000000001f270000,0x000000001f370000)]
  0x000000001cf02000 JavaThread "LWJGL Timer" daemon [_thread_blocked, id=9044, stack(0x000000003ed70000,0x000000003ee70000)]
  0x000000001cefd800 JavaThread "jME3 Audio Decoder" daemon [_thread_blocked, id=12644, stack(0x000000003a120000,0x000000003a220000)]
  0x000000001cefc800 JavaThread "jME3 Main" [_thread_in_native, id=3164, stack(0x0000000033850000,0x0000000033950000)]
  0x000000001cefa800 JavaThread "TimerQueue" daemon [_thread_blocked, id=1296, stack(0x0000000034050000,0x0000000034150000)]
  0x000000001dc3b800 JavaThread "Java2D Disposer" daemon [_thread_blocked, id=17128, stack(0x000000001eb50000,0x000000001ec50000)]
  0x0000000019ea6000 JavaThread "Service Thread" daemon [_thread_blocked, id=3760, stack(0x000000001a7e0000,0x000000001a8e0000)]
  0x0000000019e19800 JavaThread "C1 CompilerThread3" daemon [_thread_blocked, id=8964, stack(0x000000001a6e0000,0x000000001a7e0000)]
  0x0000000019e15800 JavaThread "C2 CompilerThread2" daemon [_thread_blocked, id=15472, stack(0x000000001a5e0000,0x000000001a6e0000)]
  0x0000000019e0f000 JavaThread "C2 CompilerThread1" daemon [_thread_blocked, id=13064, stack(0x000000001a4e0000,0x000000001a5e0000)]
  0x0000000019e07000 JavaThread "C2 CompilerThread0" daemon [_thread_blocked, id=16884, stack(0x000000001a3e0000,0x000000001a4e0000)]
  0x0000000019e05000 JavaThread "Attach Listener" daemon [_thread_blocked, id=1404, stack(0x000000001a2e0000,0x000000001a3e0000)]
  0x0000000019e04800 JavaThread "Signal Dispatcher" daemon [_thread_blocked, id=96, stack(0x000000001a1e0000,0x000000001a2e0000)]
  0x0000000017ddc800 JavaThread "Finalizer" daemon [_thread_blocked, id=11432, stack(0x0000000019ce0000,0x0000000019de0000)]
  0x0000000002e43800 JavaThread "Reference Handler" daemon [_thread_blocked, id=11860, stack(0x0000000019be0000,0x0000000019ce0000)]
  0x0000000002c4e000 JavaThread "main" [_thread_blocked, id=14784, stack(0x0000000002c50000,0x0000000002d50000)]

Other Threads:
=>0x0000000017dd8000 VMThread [stack: 0x0000000019ae0000,0x0000000019be0000] [id=16436]

VM state:at safepoint (shutting down)

VM Mutex/Monitor currently owned by a thread:  ([mutex/lock_event])
[0x0000000002c4d4d0] Threads_lock - owner thread: 0x0000000017dd8000

Heap:
 PSYoungGen      total 488448K, used 131369K [0x00000000d5e00000, 0x00000000feb80000, 0x0000000100000000)
  eden space 454656K, 28% used [0x00000000d5e00000,0x00000000dde1a588,0x00000000f1a00000)
  from space 33792K, 0% used [0x00000000f1a00000,0x00000000f1a30000,0x00000000f3b00000)
  to   space 32768K, 0% used [0x00000000fcb80000,0x00000000fcb80000,0x00000000feb80000)
 ParOldGen       total 110080K, used 34699K [0x0000000081a00000, 0x0000000088580000, 0x00000000d5e00000)
  object space 110080K, 31% used [0x0000000081a00000,0x0000000083be2fa8,0x0000000088580000)
 Metaspace       used 46864K, capacity 47755K, committed 47872K, reserved 1091584K
  class space    used 5406K, capacity 5627K, committed 5632K, reserved 1048576K

Card table byte_map: [0x0000000012210000,0x0000000012610000] byte_map_base: 0x0000000011e03000

Marking Bits: (ParMarkBitMap*) 0x000000005b81d490
 Begin Bits: [0x00000000130c0000, 0x0000000015058000)
 End Bits:   [0x0000000015058000, 0x0000000016ff0000)

Polling page: 0x00000000012d0000

CodeCache: size=245760Kb used=27513Kb max_used=27545Kb free=218246Kb
 bounds [0x0000000002e50000, 0x0000000004980000, 0x0000000011e50000]
 total_blobs=8368 nmethods=7615 adapters=666
 compilation: enabled

Compilation events (10 events):
Event: 945.712 Thread 0x0000000019e19800 9525       3       com.jme3.util.IntMap$IntMapIterator::next (5 bytes)
Event: 945.712 Thread 0x0000000019e19800 nmethod 9525 0x00000000043635d0 code [0x0000000004363740, 0x0000000004363948]
Event: 945.713 Thread 0x0000000019e19800 9526       3       org.lwjgl.MemoryUtil::getAddress (9 bytes)
Event: 945.715 Thread 0x0000000019e19800 nmethod 9526 0x000000000414f550 code [0x000000000414f6c0, 0x000000000414f9d0]
Event: 945.715 Thread 0x0000000019e19800 9527       3       org.lwjgl.MemoryUtil::getAddress (10 bytes)
Event: 945.715 Thread 0x0000000019e19800 nmethod 9527 0x000000000414f050 code [0x000000000414f1c0, 0x000000000414f3d0]
Event: 945.715 Thread 0x0000000019e19800 9528       3       org.lwjgl.BufferChecks::checkDirect (24 bytes)
Event: 945.716 Thread 0x0000000019e19800 nmethod 9528 0x0000000004151b90 code [0x0000000004151d00, 0x0000000004151fd8]
Event: 945.792 Thread 0x0000000019e19800 9529       3       java.util.concurrent.ConcurrentLinkedQueue$Node::casItem (13 bytes)
Event: 945.793 Thread 0x0000000019e19800 nmethod 9529 0x000000000414ed10 code [0x000000000414ee60, 0x000000000414eff0]

GC Heap History (10 events):
Event: 258.222 GC heap before
{Heap before GC invocations=15 (full 4):
 PSYoungGen      total 264704K, used 229376K [0x00000000d5e00000, 0x00000000e8480000, 0x0000000100000000)
  eden space 229376K, 100% used [0x00000000d5e00000,0x00000000e3e00000,0x00000000e3e00000)
  from space 35328K, 0% used [0x00000000e6100000,0x00000000e6100000,0x00000000e8380000)
  to   space 35840K, 0% used [0x00000000e3e00000,0x00000000e3e00000,0x00000000e6100000)
 ParOldGen       total 110080K, used 34271K [0x0000000081a00000, 0x0000000088580000, 0x00000000d5e00000)
  object space 110080K, 31% used [0x0000000081a00000,0x0000000083b77f48,0x0000000088580000)
 Metaspace       used 46557K, capacity 47487K, committed 47616K, reserved 1091584K
  class space    used 5388K, capacity 5625K, committed 5632K, reserved 1048576K
Event: 258.230 GC heap after
Heap after GC invocations=15 (full 4):
 PSYoungGen      total 265216K, used 528K [0x00000000d5e00000, 0x00000000eee80000, 0x0000000100000000)
  eden space 229376K, 0% used [0x00000000d5e00000,0x00000000d5e00000,0x00000000e3e00000)
  from space 35840K, 1% used [0x00000000e3e00000,0x00000000e3e84010,0x00000000e6100000)
  to   space 35840K, 0% used [0x00000000ecb80000,0x00000000ecb80000,0x00000000eee80000)
 ParOldGen       total 110080K, used 34279K [0x0000000081a00000, 0x0000000088580000, 0x00000000d5e00000)
  object space 110080K, 31% used [0x0000000081a00000,0x0000000083b79f48,0x0000000088580000)
 Metaspace       used 46557K, capacity 47487K, committed 47616K, reserved 1091584K
  class space    used 5388K, capacity 5625K, committed 5632K, reserved 1048576K
}
Event: 356.265 GC heap before
{Heap before GC invocations=16 (full 4):
 PSYoungGen      total 265216K, used 229904K [0x00000000d5e00000, 0x00000000eee80000, 0x0000000100000000)
  eden space 229376K, 100% used [0x00000000d5e00000,0x00000000e3e00000,0x00000000e3e00000)
  from space 35840K, 1% used [0x00000000e3e00000,0x00000000e3e84010,0x00000000e6100000)
  to   space 35840K, 0% used [0x00000000ecb80000,0x00000000ecb80000,0x00000000eee80000)
 ParOldGen       total 110080K, used 34279K [0x0000000081a00000, 0x0000000088580000, 0x00000000d5e00000)
  object space 110080K, 31% used [0x0000000081a00000,0x0000000083b79f48,0x0000000088580000)
 Metaspace       used 46610K, capacity 47487K, committed 47616K, reserved 1091584K
  class space    used 5389K, capacity 5625K, committed 5632K, reserved 1048576K
Event: 356.270 GC heap after
Heap after GC invocations=16 (full 4):
 PSYoungGen      total 359936K, used 208K [0x00000000d5e00000, 0x00000000ee700000, 0x0000000100000000)
  eden space 331776K, 0% used [0x00000000d5e00000,0x00000000d5e00000,0x00000000ea200000)
  from space 28160K, 0% used [0x00000000ecb80000,0x00000000ecbb4010,0x00000000ee700000)
  to   space 35328K, 0% used [0x00000000ea200000,0x00000000ea200000,0x00000000ec480000)
 ParOldGen       total 110080K, used 34491K [0x0000000081a00000, 0x0000000088580000, 0x00000000d5e00000)
  object space 110080K, 31% used [0x0000000081a00000,0x0000000083baef98,0x0000000088580000)
 Metaspace       used 46610K, capacity 47487K, committed 47616K, reserved 1091584K
  class space    used 5389K, capacity 5625K, committed 5632K, reserved 1048576K
}
Event: 504.991 GC heap before
{Heap before GC invocations=17 (full 4):
 PSYoungGen      total 359936K, used 331984K [0x00000000d5e00000, 0x00000000ee700000, 0x0000000100000000)
  eden space 331776K, 100% used [0x00000000d5e00000,0x00000000ea200000,0x00000000ea200000)
  from space 28160K, 0% used [0x00000000ecb80000,0x00000000ecbb4010,0x00000000ee700000)
  to   space 35328K, 0% used [0x00000000ea200000,0x00000000ea200000,0x00000000ec480000)
 ParOldGen       total 110080K, used 34491K [0x0000000081a00000, 0x0000000088580000, 0x00000000d5e00000)
  object space 110080K, 31% used [0x0000000081a00000,0x0000000083baef98,0x0000000088580000)
 Metaspace       used 46674K, capacity 47563K, committed 47616K, reserved 1091584K
  class space    used 5391K, capacity 5627K, committed 5632K, reserved 1048576K
Event: 504.998 GC heap after
Heap after GC invocations=17 (full 4):
 PSYoungGen      total 367104K, used 256K [0x00000000d5e00000, 0x00000000f6a80000, 0x0000000100000000)
  eden space 331776K, 0% used [0x00000000d5e00000,0x00000000d5e00000,0x00000000ea200000)
  from space 35328K, 0% used [0x00000000ea200000,0x00000000ea240000,0x00000000ec480000)
  to   space 34816K, 0% used [0x00000000f4880000,0x00000000f4880000,0x00000000f6a80000)
 ParOldGen       total 110080K, used 34571K [0x0000000081a00000, 0x0000000088580000, 0x00000000d5e00000)
  object space 110080K, 31% used [0x0000000081a00000,0x0000000083bc2fa8,0x0000000088580000)
 Metaspace       used 46674K, capacity 47563K, committed 47616K, reserved 1091584K
  class space    used 5391K, capacity 5627K, committed 5632K, reserved 1048576K
}
Event: 655.653 GC heap before
{Heap before GC invocations=18 (full 4):
 PSYoungGen      total 367104K, used 332032K [0x00000000d5e00000, 0x00000000f6a80000, 0x0000000100000000)
  eden space 331776K, 100% used [0x00000000d5e00000,0x00000000ea200000,0x00000000ea200000)
  from space 35328K, 0% used [0x00000000ea200000,0x00000000ea240000,0x00000000ec480000)
  to   space 34816K, 0% used [0x00000000f4880000,0x00000000f4880000,0x00000000f6a80000)
 ParOldGen       total 110080K, used 34571K [0x0000000081a00000, 0x0000000088580000, 0x00000000d5e00000)
  object space 110080K, 31% used [0x0000000081a00000,0x0000000083bc2fa8,0x0000000088580000)
 Metaspace       used 46708K, capacity 47627K, committed 47872K, reserved 1091584K
  class space    used 5391K, capacity 5627K, committed 5632K, reserved 1048576K
Event: 655.657 GC heap after
Heap after GC invocations=18 (full 4):
 PSYoungGen      total 474624K, used 224K [0x00000000d5e00000, 0x00000000f5c00000, 0x0000000100000000)
  eden space 454656K, 0% used [0x00000000d5e00000,0x00000000d5e00000,0x00000000f1a00000)
  from space 19968K, 1% used [0x00000000f4880000,0x00000000f48b8000,0x00000000f5c00000)
  to   space 33792K, 0% used [0x00000000f1a00000,0x00000000f1a00000,0x00000000f3b00000)
 ParOldGen       total 110080K, used 34635K [0x0000000081a00000, 0x0000000088580000, 0x00000000d5e00000)
  object space 110080K, 31% used [0x0000000081a00000,0x0000000083bd2fa8,0x0000000088580000)
 Metaspace       used 46708K, capacity 47627K, committed 47872K, reserved 1091584K
  class space    used 5391K, capacity 5627K, committed 5632K, reserved 1048576K
}
Event: 861.173 GC heap before
{Heap before GC invocations=19 (full 4):
 PSYoungGen      total 474624K, used 454880K [0x00000000d5e00000, 0x00000000f5c00000, 0x0000000100000000)
  eden space 454656K, 100% used [0x00000000d5e00000,0x00000000f1a00000,0x00000000f1a00000)
  from space 19968K, 1% used [0x00000000f4880000,0x00000000f48b8000,0x00000000f5c00000)
  to   space 33792K, 0% used [0x00000000f1a00000,0x00000000f1a00000,0x00000000f3b00000)
 ParOldGen       total 110080K, used 34635K [0x0000000081a00000, 0x0000000088580000, 0x00000000d5e00000)
  object space 110080K, 31% used [0x0000000081a00000,0x0000000083bd2fa8,0x0000000088580000)
 Metaspace       used 46743K, capacity 47627K, committed 47872K, reserved 1091584K
  class space    used 5392K, capacity 5627K, committed 5632K, reserved 1048576K
Event: 861.179 GC heap after
Heap after GC invocations=19 (full 4):
 PSYoungGen      total 488448K, used 192K [0x00000000d5e00000, 0x00000000feb80000, 0x0000000100000000)
  eden space 454656K, 0% used [0x00000000d5e00000,0x00000000d5e00000,0x00000000f1a00000)
  from space 33792K, 0% used [0x00000000f1a00000,0x00000000f1a30000,0x00000000f3b00000)
  to   space 32768K, 0% used [0x00000000fcb80000,0x00000000fcb80000,0x00000000feb80000)
 ParOldGen       total 110080K, used 34699K [0x0000000081a00000, 0x0000000088580000, 0x00000000d5e00000)
  object space 110080K, 31% used [0x0000000081a00000,0x0000000083be2fa8,0x0000000088580000)
 Metaspace       used 46743K, capacity 47627K, committed 47872K, reserved 1091584K
  class space    used 5392K, capacity 5627K, committed 5632K, reserved 1048576K
}

Deoptimization events (10 events):
Event: 945.728 Thread 0x000000001cf03800 Uncommon trap: reason=unreached action=reinterpret pc=0x0000000004228af8 method=org.eclipse.jetty.util.AttributesMap.setAttribute(Ljava/lang/String;Ljava/lang/Object;)V @ 1
Event: 945.792 Thread 0x000000001cf03800 Uncommon trap: reason=unreached action=reinterpret pc=0x00000000033bef14 method=java.util.concurrent.ConcurrentLinkedQueue.poll()Ljava/lang/Object; @ 41
Event: 945.793 Thread 0x000000001c0d4800 Uncommon trap: reason=class_check action=maybe_recompile pc=0x0000000003f0b400 method=org.eclipse.jetty.util.thread.QueuedThreadPool.idleJobPoll()Ljava/lang/Runnable; @ 17
Event: 945.793 Thread 0x000000001caa1800 Uncommon trap: reason=class_check action=maybe_recompile pc=0x0000000003f0b400 method=org.eclipse.jetty.util.thread.QueuedThreadPool.idleJobPoll()Ljava/lang/Runnable; @ 17
Event: 945.793 Thread 0x000000001d361000 Uncommon trap: reason=class_check action=maybe_recompile pc=0x0000000003f0b400 method=org.eclipse.jetty.util.thread.QueuedThreadPool.idleJobPoll()Ljava/lang/Runnable; @ 17
Event: 945.793 Thread 0x000000001dc3c800 Uncommon trap: reason=class_check action=maybe_recompile pc=0x0000000003f0b400 method=org.eclipse.jetty.util.thread.QueuedThreadPool.idleJobPoll()Ljava/lang/Runnable; @ 17
Event: 945.793 Thread 0x000000001c853000 Uncommon trap: reason=class_check action=maybe_recompile pc=0x0000000003f0b400 method=org.eclipse.jetty.util.thread.QueuedThreadPool.idleJobPoll()Ljava/lang/Runnable; @ 17
Event: 945.793 Thread 0x000000001ceea000 Uncommon trap: reason=class_check action=maybe_recompile pc=0x0000000003f0b400 method=org.eclipse.jetty.util.thread.QueuedThreadPool.idleJobPoll()Ljava/lang/Runnable; @ 17
Event: 945.793 Thread 0x000000001dc3b000 Uncommon trap: reason=class_check action=maybe_recompile pc=0x0000000003f0b400 method=org.eclipse.jetty.util.thread.QueuedThreadPool.idleJobPoll()Ljava/lang/Runnable; @ 17
Event: 945.793 Thread 0x000000001c0d3800 Uncommon trap: reason=class_check action=maybe_recompile pc=0x0000000003f0b400 method=org.eclipse.jetty.util.thread.QueuedThreadPool.idleJobPoll()Ljava/lang/Runnable; @ 17

Internal exceptions (10 events):
Event: 945.164 Thread 0x000000001cf04000 Exception <a 'org/lwjgl/LWJGLException': Failed to set device gamma.> (0x00000000dd6b16f8) thrown at [D:\re\workspace\8-2-build-windows-amd64-cygwin\jdk8u25\1677\hotspot\src\share\vm\prims\jni.cpp, line 742]
Event: 945.165 Thread 0x000000001cf03800 Exception <a 'java/security/PrivilegedActionException'> (0x00000000dd364618) thrown at [D:\re\workspace\8-2-build-windows-amd64-cygwin\jdk8u25\1677\hotspot\src\share\vm\prims\jvm.cpp, line 1312]
Event: 945.692 Thread 0x000000001cf03800 Exception <a 'java/security/PrivilegedActionException'> (0x00000000dd36f348) thrown at [D:\re\workspace\8-2-build-windows-amd64-cygwin\jdk8u25\1677\hotspot\src\share\vm\prims\jvm.cpp, line 1312]
Event: 945.697 Thread 0x000000001cf03800 Exception <a 'java/security/PrivilegedActionException'> (0x00000000dd37fea8) thrown at [D:\re\workspace\8-2-build-windows-amd64-cygwin\jdk8u25\1677\hotspot\src\share\vm\prims\jvm.cpp, line 1312]
Event: 945.701 Thread 0x000000001cf03800 Exception <a 'java/security/PrivilegedActionException'> (0x00000000dd393028) thrown at [D:\re\workspace\8-2-build-windows-amd64-cygwin\jdk8u25\1677\hotspot\src\share\vm\prims\jvm.cpp, line 1312]
Event: 945.701 Thread 0x000000001cf03800 Exception <a 'java/security/PrivilegedActionException'> (0x00000000dd398ed8) thrown at [D:\re\workspace\8-2-build-windows-amd64-cygwin\jdk8u25\1677\hotspot\src\share\vm\prims\jvm.cpp, line 1312]
Event: 945.702 Thread 0x000000001cf03800 Exception <a 'java/security/PrivilegedActionException'> (0x00000000dd39dd58) thrown at [D:\re\workspace\8-2-build-windows-amd64-cygwin\jdk8u25\1677\hotspot\src\share\vm\prims\jvm.cpp, line 1312]
Event: 945.702 Thread 0x000000001cf03800 Exception <a 'java/security/PrivilegedActionException'> (0x00000000dd3a4300) thrown at [D:\re\workspace\8-2-build-windows-amd64-cygwin\jdk8u25\1677\hotspot\src\share\vm\prims\jvm.cpp, line 1312]
Event: 945.793 Thread 0x000000001cf03800 Exception <a 'java/security/PrivilegedActionException'> (0x00000000dd3b6968) thrown at [D:\re\workspace\8-2-build-windows-amd64-cygwin\jdk8u25\1677\hotspot\src\share\vm\prims\jvm.cpp, line 1312]
Event: 945.798 Thread 0x000000001cf03800 Exception <a 'java/io/FileNotFoundException'> (0x00000000dd3c4c38) thrown at [D:\re\workspace\8-2-build-windows-amd64-cygwin\jdk8u25\1677\hotspot\src\share\vm\prims\jni.cpp, line 716]

Events (10 events):
Event: 945.793 Thread 0x000000001dc3b000 Thread exited: 0x000000001dc3b000
Event: 945.793 Thread 0x000000001ceea000 Thread exited: 0x000000001ceea000
Event: 945.794 Executing VM operation: BulkRevokeBias
Event: 945.794 Executing VM operation: BulkRevokeBias done
Event: 945.799 Executing VM operation: RevokeBias
Event: 945.800 Executing VM operation: RevokeBias done
Event: 945.800 Executing VM operation: RevokeBias
Event: 945.800 Executing VM operation: RevokeBias done
Event: 945.801 Thread 0x000000001cf03800 Thread exited: 0x000000001cf03800
Event: 945.805 Executing VM operation: Exit


Dynamic libraries:
0x00007ff709390000 - 0x00007ff7093c4000 	C:\Program Files\Java\jdk1.8.0_25\bin\java.exe
0x00007ffeb1330000 - 0x00007ffeb1525000 	C:\Windows\SYSTEM32\ntdll.dll
0x00007ffeb08c0000 - 0x00007ffeb097d000 	C:\Windows\System32\KERNEL32.DLL
0x00007ffeaecd0000 - 0x00007ffeaef98000 	C:\Windows\System32\KERNELBASE.dll
0x00007ffeaf440000 - 0x00007ffeaf4ec000 	C:\Windows\System32\ADVAPI32.dll
0x00007ffeaf3a0000 - 0x00007ffeaf43e000 	C:\Windows\System32\msvcrt.dll
0x00007ffeaf500000 - 0x00007ffeaf59b000 	C:\Windows\System32\sechost.dll
0x00007ffeb0c00000 - 0x00007ffeb0d2b000 	C:\Windows\System32\RPCRT4.dll
0x00007ffeb0a60000 - 0x00007ffeb0c00000 	C:\Windows\System32\USER32.dll
0x00007ffeaea70000 - 0x00007ffeaea92000 	C:\Windows\System32\win32u.dll
0x00007ffeaf5a0000 - 0x00007ffeaf5ca000 	C:\Windows\System32\GDI32.dll
0x00007ffeaf0a0000 - 0x00007ffeaf1ab000 	C:\Windows\System32\gdi32full.dll
0x00007ffeaf2f0000 - 0x00007ffeaf38d000 	C:\Windows\System32\msvcp_win.dll
0x00007ffeaefa0000 - 0x00007ffeaf0a0000 	C:\Windows\System32\ucrtbase.dll
0x00007ffe9dca0000 - 0x00007ffe9df3a000 	C:\Windows\WinSxS\amd64_microsoft.windows.common-controls_6595b64144ccf1df_6.0.19041.844_none_ca00b6081b84eb1d\COMCTL32.dll
0x00007ffeaff90000 - 0x00007ffeaffc0000 	C:\Windows\System32\IMM32.DLL
0x000000005ca30000 - 0x000000005cb02000 	C:\Program Files\Java\jdk1.8.0_25\jre\bin\msvcr100.dll
0x000000005b040000 - 0x000000005b89a000 	C:\Program Files\Java\jdk1.8.0_25\jre\bin\server\jvm.dll
0x00007ffeaf4f0000 - 0x00007ffeaf4f8000 	C:\Windows\System32\PSAPI.DLL
0x00007ffe9dc60000 - 0x00007ffe9dc87000 	C:\Windows\SYSTEM32\WINMM.dll
0x00007ffe94250000 - 0x00007ffe94259000 	C:\Windows\SYSTEM32\WSOCK32.dll
0x00007ffeaff20000 - 0x00007ffeaff8b000 	C:\Windows\System32\WS2_32.dll
0x000000005ca20000 - 0x000000005ca2f000 	C:\Program Files\Java\jdk1.8.0_25\jre\bin\verify.dll
0x000000005c9f0000 - 0x000000005ca18000 	C:\Program Files\Java\jdk1.8.0_25\jre\bin\java.dll
0x000000005c9d0000 - 0x000000005c9e6000 	C:\Program Files\Java\jdk1.8.0_25\jre\bin\zip.dll
0x00007ffeaffc0000 - 0x00007ffeb0702000 	C:\Windows\System32\SHELL32.dll
0x00007ffeaca70000 - 0x00007ffead201000 	C:\Windows\SYSTEM32\windows.storage.dll
0x00007ffeb0d30000 - 0x00007ffeb1085000 	C:\Windows\System32\combase.dll
0x00007ffeae410000 - 0x00007ffeae43c000 	C:\Windows\SYSTEM32\Wldp.dll
0x00007ffeafc10000 - 0x00007ffeafcbe000 	C:\Windows\System32\SHCORE.dll
0x00007ffeaf740000 - 0x00007ffeaf795000 	C:\Windows\System32\shlwapi.dll
0x00007ffeae9b0000 - 0x00007ffeae9cf000 	C:\Windows\SYSTEM32\profapi.dll
0x00007ffea7f10000 - 0x00007ffea7f1a000 	C:\Program Files (x86)\apache-maven-3.8.1\lib\jansi-native\windows64\jansi.dll
0x000000005c9c0000 - 0x000000005c9cd000 	C:\Program Files\Java\jdk1.8.0_25\jre\bin\management.dll
0x000000005c9a0000 - 0x000000005c9ba000 	C:\Program Files\Java\jdk1.8.0_25\jre\bin\net.dll
0x00007ffeae1f0000 - 0x00007ffeae25a000 	C:\Windows\system32\mswsock.dll
0x00007ffeadeb0000 - 0x00007ffeadeeb000 	C:\Windows\SYSTEM32\IPHLPAPI.DLL
0x00007ffeaf390000 - 0x00007ffeaf398000 	C:\Windows\System32\NSI.dll
0x00007ffea5860000 - 0x00007ffea5877000 	C:\Windows\SYSTEM32\dhcpcsvc6.DLL
0x00007ffea55c0000 - 0x00007ffea55dd000 	C:\Windows\SYSTEM32\dhcpcsvc.DLL
0x00007ffeadef0000 - 0x00007ffeadfbc000 	C:\Windows\SYSTEM32\DNSAPI.dll
0x000000005c970000 - 0x000000005c994000 	C:\Program Files\Java\jdk1.8.0_25\jre\bin\sunec.dll
0x00007ffeae450000 - 0x00007ffeae468000 	C:\Windows\SYSTEM32\CRYPTSP.dll
0x00007ffeadb40000 - 0x00007ffeadb74000 	C:\Windows\system32\rsaenh.dll
0x00007ffeaf1b0000 - 0x00007ffeaf1d7000 	C:\Windows\System32\bcrypt.dll
0x00007ffeae970000 - 0x00007ffeae99e000 	C:\Windows\SYSTEM32\USERENV.dll
0x00007ffeaeaa0000 - 0x00007ffeaeb20000 	C:\Windows\System32\bcryptprimitives.dll
0x00007ffeae370000 - 0x00007ffeae37c000 	C:\Windows\SYSTEM32\CRYPTBASE.dll
0x000000005c950000 - 0x000000005c961000 	C:\Program Files\Java\jdk1.8.0_25\jre\bin\nio.dll
0x00007ffe96030000 - 0x00007ffe96047000 	C:\Windows\system32\napinsp.dll
0x00007ffe7fbf0000 - 0x00007ffe7fc0b000 	C:\Windows\system32\pnrpnsp.dll
0x00007ffea8e10000 - 0x00007ffea8e25000 	C:\Windows\system32\wshbth.dll
0x00007ffea9990000 - 0x00007ffea99ad000 	C:\Windows\system32\NLAapi.dll
0x00007ffe7fbd0000 - 0x00007ffe7fbe2000 	C:\Windows\System32\winrnr.dll
0x00007ffea6e00000 - 0x00007ffea6e0a000 	C:\Windows\System32\rasadhlp.dll
0x00007ffea3090000 - 0x00007ffea310f000 	C:\Windows\System32\fwpuclnt.dll
0x000000005c7b0000 - 0x000000005c948000 	C:\Program Files\Java\jdk1.8.0_25\jre\bin\awt.dll
0x00007ffeb0980000 - 0x00007ffeb0a4d000 	C:\Windows\System32\OLEAUT32.dll
0x00007ffeab320000 - 0x00007ffeab3b0000 	C:\Windows\SYSTEM32\apphelp.dll
0x00007ffeab450000 - 0x00007ffeab4ee000 	C:\Windows\system32\uxtheme.dll
0x00007ffeafe00000 - 0x00007ffeaff15000 	C:\Windows\System32\MSCTF.dll
0x00007ffeb0730000 - 0x00007ffeb085a000 	C:\Windows\System32\ole32.dll
0x00007ffead350000 - 0x00007ffead362000 	C:\Windows\SYSTEM32\kernel.appcore.dll
0x00007ffeac2f0000 - 0x00007ffeac31f000 	C:\Windows\system32\DWMAPI.DLL
0x00007ffeaec80000 - 0x00007ffeaecce000 	C:\Windows\System32\cfgmgr32.dll
0x00007ffea17e0000 - 0x00007ffea1987000 	C:\Windows\System32\DriverStore\FileRepository\iigd_dch.inf_amd64_24db536432518c37\igdgmm64.dll
0x00007ffe9eee0000 - 0x00007ffea17ca000 	C:\Windows\System32\DriverStore\FileRepository\iigd_dch.inf_amd64_24db536432518c37\igc64.dll
0x00007ffea34e0000 - 0x00007ffea351b000 	C:\Windows\SYSTEM32\dxcore.dll
0x000000005c760000 - 0x000000005c7a7000 	C:\Program Files\Java\jdk1.8.0_25\jre\bin\fontmanager.dll
0x000000005c710000 - 0x000000005c751000 	C:\Program Files\Java\jdk1.8.0_25\jre\bin\t2k.dll
0x00007ffe9bbc0000 - 0x00007ffe9bcb9000 	C:\Windows\SYSTEM32\textinputframework.dll
0x00007ffeaad90000 - 0x00007ffeab0ee000 	C:\Windows\System32\CoreUIComponents.dll
0x00007ffeab0f0000 - 0x00007ffeab1e2000 	C:\Windows\System32\CoreMessaging.dll
0x00007ffead770000 - 0x00007ffead7a3000 	C:\Windows\SYSTEM32\ntmarta.dll
0x00007ffeab6b0000 - 0x00007ffeab804000 	C:\Windows\SYSTEM32\wintypes.dll
0x00007ffe77c40000 - 0x00007ffe77e12000 	W:\home\nico\Workspaces\factory-wild\Virtual_Factory\java-project\jmonkey-ld-master\bulletjme.dll
0x0000000180000000 - 0x0000000180064000 	W:\home\nico\Workspaces\factory-wild\Virtual_Factory\java-project\jmonkey-ld-master\OpenAL64.dll
0x0000000034b70000 - 0x0000000034bc3000 	W:\home\nico\Workspaces\factory-wild\Virtual_Factory\java-project\jmonkey-ld-master\lwjgl64.dll
0x00007ffea6ec0000 - 0x00007ffea6eca000 	C:\Windows\SYSTEM32\VERSION.dll
0x00007ffe7ec50000 - 0x00007ffe7ed76000 	C:\Windows\SYSTEM32\OPENGL32.dll
0x00007ffe7ec20000 - 0x00007ffe7ec4c000 	C:\Windows\SYSTEM32\GLU32.dll
0x00007ffea86a0000 - 0x00007ffea874e000 	C:\Windows\SYSTEM32\mscms.dll
0x00007ffea84d0000 - 0x00007ffea84e1000 	C:\Windows\SYSTEM32\ColorAdapterClient.dll
0x00007ffeb1090000 - 0x00007ffeb1139000 	C:\Windows\System32\clbcatq.dll
0x00007ffea7000000 - 0x00007ffea70f9000 	C:\Windows\System32\AppXDeploymentClient.dll
0x00007ffe63f50000 - 0x00007ffe64e9a000 	C:\Windows\System32\DriverStore\FileRepository\iigd_dch.inf_amd64_24db536432518c37\ig9icd64.dll
0x00007ffead370000 - 0x00007ffead463000 	C:\Windows\system32\dxgi.dll
0x00007ffeae020000 - 0x00007ffeae06b000 	C:\Windows\SYSTEM32\powrprof.dll
0x00007ffeade90000 - 0x00007ffeadea2000 	C:\Windows\SYSTEM32\UMPDC.dll
0x00007ffe9cdb0000 - 0x00007ffe9cdf3000 	C:\Windows\SYSTEM32\icm32.dll
0x00007ffe63b50000 - 0x00007ffe63f41000 	C:\Windows\System32\DriverStore\FileRepository\iigd_dch.inf_amd64_24db536432518c37\igdml64.dll
0x00007ffea71b0000 - 0x00007ffea7235000 	C:\Windows\System32\MMDevApi.dll
0x00007ffeae840000 - 0x00007ffeae86c000 	C:\Windows\System32\DEVOBJ.dll
0x00007ffe74260000 - 0x00007ffe742fc000 	C:\Windows\SYSTEM32\dsound.dll
0x00007ffe93c20000 - 0x00007ffe93c46000 	C:\Windows\SYSTEM32\winmmbase.dll
0x00007ffea7470000 - 0x00007ffea75f1000 	C:\Windows\SYSTEM32\AUDIOSES.DLL
0x00007ffeac200000 - 0x00007ffeac214000 	C:\Windows\SYSTEM32\resourcepolicyclient.dll
0x00007ffeac880000 - 0x00007ffeaca64000 	C:\Windows\SYSTEM32\dbghelp.dll

VM Arguments:
jvm_args: -Dclassworlds.conf=C:\Program Files (x86)\apache-maven-3.8.1\bin\..\bin\m2.conf -Dmaven.home=C:\Program Files (x86)\apache-maven-3.8.1\bin\.. -Dlibrary.jansi.path=C:\Program Files (x86)\apache-maven-3.8.1\bin\..\lib\jansi-native -Dmaven.multiModuleProjectDirectory=W:\home\nico\Workspaces\factory-wild\Virtual_Factory\java-project\jmonkey-ld-master 
java_command: org.codehaus.plexus.classworlds.launcher.Launcher jetty:run
java_class_path (initial): C:\Program Files (x86)\apache-maven-3.8.1\bin\..\boot\plexus-classworlds-2.6.0.jar
Launcher Type: SUN_STANDARD

Environment Variables:
PATH=C:\Windows\system32;C:\Windows;C:\Windows\System32\Wbem;C:\Windows\System32\WindowsPowerShell\v1.0\;C:\Windows\System32\OpenSSH\;C:\Program Files\Intel\WiFi\bin\;C:\Program Files\Common Files\Intel\WirelessCommon\;C:\gwprog\putty\;C:\Program Files\Docker\Docker\resources\bin;C:\ProgramData\DockerDesktop\version-bin;C:\Users\gnlpf\AppData\Local\Microsoft\WindowsApps;C:\Users\gnlpf\AppData\Local\Programs\Microsoft VS Code\bin;C:\Program Files\Java\jdk1.8.0_25\bin;C:\Program Files (x86)\apache-maven-3.8.1\bin;C:\linked-data-fu-0.9.13-pr.0\bin
USERNAME=gnlpf
OS=Windows_NT
PROCESSOR_IDENTIFIER=Intel64 Family 6 Model 142 Stepping 10, GenuineIntel



---------------  S Y S T E M  ---------------

OS: Windows 8.1 , 64 bit Build 9600 

CPU:total 8 (4 cores per cpu, 2 threads per core) family 6 model 142 stepping 10, cmov, cx8, fxsr, mmx, sse, sse2, sse3, ssse3, sse4.1, sse4.2, popcnt, avx, avx2, aes, clmul, erms, lzcnt, ht, tsc, tscinvbit, bmi1, bmi2

Memory: 4k page, physical 8280788k(1679820k free), swap 13523668k(3418228k free)

vm_info: Java HotSpot(TM) 64-Bit Server VM (25.25-b02) for windows-amd64 JRE (1.8.0_25-b18), built on Oct  7 2014 14:25:37 by "java_re" with MS VC++ 10.0 (VS2010)

time: Sun Apr 25 13:25:50 2021
elapsed time: 947 seconds (0d 0h 15m 47s)

