#
# A fatal error has been detected by the Java Runtime Environment:
#
#  EXCEPTION_ACCESS_VIOLATION (0xc0000005) at pc=0x00007ffda43f1d5b, pid=3964, tid=13624
#
# JRE version: Java(TM) SE Runtime Environment (8.0_25-b18) (build 1.8.0_25-b18)
# Java VM: Java HotSpot(TM) 64-Bit Server VM (25.25-b02 mixed mode windows-amd64 compressed oops)
# Problematic frame:
# C  [ig9icd64.dll+0x6b1d5b]
#
# Failed to write core dump. Minidumps are not enabled by default on client versions of Windows
#
# If you would like to submit a bug report, please visit:
#   http://bugreport.sun.com/bugreport/crash.jsp
#

---------------  T H R E A D  ---------------

Current thread (0x0000000018208000):  VMThread [stack: 0x0000000019f20000,0x000000001a020000] [id=13624]

siginfo: ExceptionCode=0xc0000005, reading address 0x0000000000000018

Registers:
RAX=0x0000000000000000, RBX=0x00000000336cdc80, RCX=0x0000000000000000, RDX=0x00000000336cdc80
RSP=0x000000001a01ed90, RBP=0x0000000000000000, RSI=0x00000000336cdc80, RDI=0x0000000000000000
R8 =0x00000000012f1500, R9 =0x0000000000000001, R10=0x0000000000008000, R11=0x000000001a01ec90
R12=0x0000000000000001, R13=0x0000000003001658, R14=0x0000000000000000, R15=0x0000000000000004
RIP=0x00007ffda43f1d5b, EFLAGS=0x0000000000010206

Top of Stack: (sp=0x000000001a01ed90)
0x000000001a01ed90:   0000000002625a00 000000082c72d009
0x000000001a01eda0:   0000000033444c20 0000000031f2aae0
0x000000001a01edb0:   0000000000000004 0000000000000000
0x000000001a01edc0:   0000000000000001 00000000336cdc80
0x000000001a01edd0:   0000000000000000 00007ffda436155d
0x000000001a01ede0:   0000000031f2aae0 00000000336cdc80
0x000000001a01edf0:   00000000336cdc80 00000000336cdc80
0x000000001a01ee00:   0000000000000001 00007ffdecb20000
0x000000001a01ee10:   0000000000000001 00007ffda3d40000
0x000000001a01ee20:   0000000003001658 00007ffda4231250
0x000000001a01ee30:   0000000000000000 00007ffda43615ed
0x000000001a01ee40:   00007ffdecb3d920 00000000336cdc80
0x000000001a01ee50:   00000000180956d0 0000000000000001
0x000000001a01ee60:   0000000000000000 00007ffda4281211
0x000000001a01ee70:   0000000000000001 0000000000003538
0x000000001a01ee80:   00007ffdecb3d920 0000000000000001 

Instructions: (pc=0x00007ffda43f1d5b)
0x00007ffda43f1d3b:   5f c3 cc cc cc cc cc cc cc cc cc cc cc cc cc cc
0x00007ffda43f1d4b:   cc cc cc cc cc 40 55 56 41 54 41 56 48 83 ec 28
0x00007ffda43f1d5b:   48 8b 71 18 45 33 e4 48 8b ea 4c 8b f1 48 85 f6
0x00007ffda43f1d6b:   0f 84 87 02 00 00 48 89 5c 24 58 48 89 7c 24 60 


Register to memory mapping:

RAX=0x0000000000000000 is an unknown value
RBX=0x00000000336cdc80 is an unknown value
RCX=0x0000000000000000 is an unknown value
RDX=0x00000000336cdc80 is an unknown value
RSP=0x000000001a01ed90 is an unknown value
RBP=0x0000000000000000 is an unknown value
RSI=0x00000000336cdc80 is an unknown value
RDI=0x0000000000000000 is an unknown value
R8 =0x00000000012f1500 is an unknown value
R9 =0x0000000000000001 is an unknown value
R10=0x0000000000008000 is an unknown value
R11=0x000000001a01ec90 is an unknown value
R12=0x0000000000000001 is an unknown value
R13=0x0000000003001658 is an unknown value
R14=0x0000000000000000 is an unknown value
R15=0x0000000000000004 is an unknown value


Stack: [0x0000000019f20000,0x000000001a020000],  sp=0x000000001a01ed90,  free space=1019k
Native frames: (J=compiled Java code, j=interpreted, Vv=VM code, C=native code)

VM_Operation (0x000000001f5cf520): Exit, mode: safepoint, requested by thread 0x000000001ea09800


---------------  P R O C E S S  ---------------

Java Threads: ( => current thread )
  0x000000001ea09000 JavaThread "AWT-Shutdown" [_thread_blocked, id=7804, stack(0x0000000020890000,0x0000000020990000)]
  0x000000001ea09800 JavaThread "SIGINT handler" daemon [_thread_blocked, id=12156, stack(0x000000001f4d0000,0x000000001f5d0000)]
  0x0000000028ae8800 JavaThread "LWJGL Timer" daemon [_thread_blocked, id=7572, stack(0x000000003e4c0000,0x000000003e5c0000)]
  0x0000000028aef000 JavaThread "jME3 Audio Decoder" daemon [_thread_blocked, id=7144, stack(0x0000000039a70000,0x0000000039b70000)]
  0x0000000028aec000 JavaThread "jME3 Main" [_thread_in_native, id=6700, stack(0x0000000034360000,0x0000000034460000)]
  0x0000000028aeb800 JavaThread "TimerQueue" daemon [_thread_blocked, id=7064, stack(0x0000000033830000,0x0000000033930000)]
  0x0000000028aee800 JavaThread "Java2D Disposer" daemon [_thread_blocked, id=8968, stack(0x000000001eea0000,0x000000001efa0000)]
  0x000000001a2e3800 JavaThread "Service Thread" daemon [_thread_blocked, id=4020, stack(0x000000001ac20000,0x000000001ad20000)]
  0x000000001a253800 JavaThread "C1 CompilerThread3" daemon [_thread_blocked, id=3968, stack(0x000000001ab20000,0x000000001ac20000)]
  0x000000001a250800 JavaThread "C2 CompilerThread2" daemon [_thread_blocked, id=12332, stack(0x000000001aa20000,0x000000001ab20000)]
  0x000000001a24e800 JavaThread "C2 CompilerThread1" daemon [_thread_blocked, id=13632, stack(0x000000001a920000,0x000000001aa20000)]
  0x000000001a246800 JavaThread "C2 CompilerThread0" daemon [_thread_blocked, id=13620, stack(0x000000001a820000,0x000000001a920000)]
  0x000000001a244800 JavaThread "Attach Listener" daemon [_thread_blocked, id=2968, stack(0x000000001a720000,0x000000001a820000)]
  0x000000001a243800 JavaThread "Signal Dispatcher" daemon [_thread_blocked, id=2888, stack(0x000000001a620000,0x000000001a720000)]
  0x000000001820c000 JavaThread "Finalizer" daemon [_thread_blocked, id=2980, stack(0x000000001a120000,0x000000001a220000)]
  0x0000000003273800 JavaThread "Reference Handler" daemon [_thread_blocked, id=9060, stack(0x000000001a020000,0x000000001a120000)]
  0x000000000300e000 JavaThread "main" [_thread_blocked, id=2496, stack(0x0000000003010000,0x0000000003110000)]

Other Threads:
=>0x0000000018208000 VMThread [stack: 0x0000000019f20000,0x000000001a020000] [id=13624]

VM state:at safepoint (shutting down)

VM Mutex/Monitor currently owned by a thread:  ([mutex/lock_event])
[0x000000000300cfd0] Threads_lock - owner thread: 0x0000000018208000

Heap:
 PSYoungGen      total 357376K, used 220256K [0x00000000d5e00000, 0x00000000f5900000, 0x0000000100000000)
  eden space 322048K, 68% used [0x00000000d5e00000,0x00000000e34d0128,0x00000000e9880000)
  from space 35328K, 0% used [0x00000000e9880000,0x00000000e98c8000,0x00000000ebb00000)
  to   space 34816K, 0% used [0x00000000f3700000,0x00000000f3700000,0x00000000f5900000)
 ParOldGen       total 111104K, used 34531K [0x0000000081a00000, 0x0000000088680000, 0x00000000d5e00000)
  object space 111104K, 31% used [0x0000000081a00000,0x0000000083bb8c98,0x0000000088680000)
 Metaspace       used 46739K, capacity 47627K, committed 47872K, reserved 1091584K
  class space    used 5403K, capacity 5627K, committed 5632K, reserved 1048576K

Card table byte_map: [0x0000000012640000,0x0000000012a40000] byte_map_base: 0x0000000012233000

Marking Bits: (ParMarkBitMap*) 0x00000000516ed490
 Begin Bits: [0x00000000134f0000, 0x0000000015488000)
 End Bits:   [0x0000000015488000, 0x0000000017420000)

Polling page: 0x0000000002ff0000

CodeCache: size=245760Kb used=27238Kb max_used=27714Kb free=218521Kb
 bounds [0x0000000003280000, 0x0000000004df0000, 0x0000000012280000]
 total_blobs=8204 nmethods=7451 adapters=666
 compilation: enabled

Compilation events (10 events):
Event: 3318.586 Thread 0x000000001a253800 9256       1       org.eclipse.jetty.util.component.ContainerLifeCycle$Bean::access$100 (5 bytes)
Event: 3318.587 Thread 0x000000001a253800 nmethod 9256 0x0000000004287110 code [0x0000000004287260, 0x0000000004287350]
Event: 3318.621 Thread 0x000000001a253800 9257       3       java.security.PermissionCollection::<init> (5 bytes)
Event: 3318.621 Thread 0x000000001a253800 nmethod 9257 0x0000000004292890 code [0x00000000042929e0, 0x0000000004292b90]
Event: 3318.639 Thread 0x000000001a253800 9258       3       com.jme3.util.NativeObject::setUpdateNeeded (6 bytes)
Event: 3318.639 Thread 0x000000001a253800 nmethod 9258 0x0000000004654110 code [0x0000000004654260, 0x00000000046543b0]
Event: 3318.642 Thread 0x000000001a253800 9259       3       java.lang.Long::equals (30 bytes)
Event: 3318.642 Thread 0x000000001a253800 nmethod 9259 0x00000000041b6810 code [0x00000000041b6980, 0x00000000041b6e50]
Event: 3318.673 Thread 0x000000001a253800 9260       3       java.util.concurrent.ConcurrentLinkedQueue$Node::casItem (13 bytes)
Event: 3318.673 Thread 0x000000001a253800 nmethod 9260 0x0000000004067810 code [0x0000000004067960, 0x0000000004067af0]

GC Heap History (10 events):
Event: 11.055 GC heap before
{Heap before GC invocations=13 (full 3):
 PSYoungGen      total 257024K, used 0K [0x00000000d5e00000, 0x00000000e7f80000, 0x0000000100000000)
  eden space 224768K, 0% used [0x00000000d5e00000,0x00000000d5e00000,0x00000000e3980000)
  from space 32256K, 0% used [0x00000000e5f00000,0x00000000e5f00000,0x00000000e7e80000)
  to   space 35840K, 0% used [0x00000000e3980000,0x00000000e3980000,0x00000000e5c80000)
 ParOldGen       total 64512K, used 56988K [0x0000000081a00000, 0x0000000085900000, 0x00000000d5e00000)
  object space 64512K, 88% used [0x0000000081a00000,0x00000000851a71c0,0x0000000085900000)
 Metaspace       used 33625K, capacity 34324K, committed 34560K, reserved 1079296K
  class space    used 4067K, capacity 4273K, committed 4352K, reserved 1048576K
Event: 11.131 GC heap after
Heap after GC invocations=13 (full 3):
 PSYoungGen      total 257024K, used 0K [0x00000000d5e00000, 0x00000000e7f80000, 0x0000000100000000)
  eden space 224768K, 0% used [0x00000000d5e00000,0x00000000d5e00000,0x00000000e3980000)
  from space 32256K, 0% used [0x00000000e5f00000,0x00000000e5f00000,0x00000000e7e80000)
  to   space 35840K, 0% used [0x00000000e3980000,0x00000000e3980000,0x00000000e5c80000)
 ParOldGen       total 64512K, used 56988K [0x0000000081a00000, 0x0000000085900000, 0x00000000d5e00000)
  object space 64512K, 88% used [0x0000000081a00000,0x00000000851a71a0,0x0000000085900000)
 Metaspace       used 33625K, capacity 34324K, committed 34560K, reserved 1079296K
  class space    used 4067K, capacity 4273K, committed 4352K, reserved 1048576K
}
Event: 167.785 GC heap before
{Heap before GC invocations=14 (full 4):
 PSYoungGen      total 257024K, used 224768K [0x00000000d5e00000, 0x00000000e7f80000, 0x0000000100000000)
  eden space 224768K, 100% used [0x00000000d5e00000,0x00000000e3980000,0x00000000e3980000)
  from space 32256K, 0% used [0x00000000e5f00000,0x00000000e5f00000,0x00000000e7e80000)
  to   space 35840K, 0% used [0x00000000e3980000,0x00000000e3980000,0x00000000e5c80000)
 ParOldGen       total 64512K, used 56990K [0x0000000081a00000, 0x0000000085900000, 0x00000000d5e00000)
  object space 64512K, 88% used [0x0000000081a00000,0x00000000851a78c0,0x0000000085900000)
 Metaspace       used 46241K, capacity 47137K, committed 47360K, reserved 1091584K
  class space    used 5367K, capacity 5620K, committed 5632K, reserved 1048576K
Event: 167.926 GC heap after
Heap after GC invocations=14 (full 4):
 PSYoungGen      total 257024K, used 0K [0x00000000d5e00000, 0x00000000e7f80000, 0x0000000100000000)
  eden space 224768K, 0% used [0x00000000d5e00000,0x00000000d5e00000,0x00000000e3980000)
  from space 32256K, 0% used [0x00000000e5f00000,0x00000000e5f00000,0x00000000e7e80000)
  to   space 35840K, 0% used [0x00000000e3980000,0x00000000e3980000,0x00000000e5c80000)
 ParOldGen       total 111104K, used 34231K [0x0000000081a00000, 0x0000000088680000, 0x00000000d5e00000)
  object space 111104K, 30% used [0x0000000081a00000,0x0000000083b6dc38,0x0000000088680000)
 Metaspace       used 46241K, capacity 47137K, committed 47360K, reserved 1091584K
  class space    used 5367K, capacity 5620K, committed 5632K, reserved 1048576K
}
Event: 663.689 GC heap before
{Heap before GC invocations=15 (full 4):
 PSYoungGen      total 257024K, used 224768K [0x00000000d5e00000, 0x00000000e7f80000, 0x0000000100000000)
  eden space 224768K, 100% used [0x00000000d5e00000,0x00000000e3980000,0x00000000e3980000)
  from space 32256K, 0% used [0x00000000e5f00000,0x00000000e5f00000,0x00000000e7e80000)
  to   space 35840K, 0% used [0x00000000e3980000,0x00000000e3980000,0x00000000e5c80000)
 ParOldGen       total 111104K, used 34231K [0x0000000081a00000, 0x0000000088680000, 0x00000000d5e00000)
  object space 111104K, 30% used [0x0000000081a00000,0x0000000083b6dc38,0x0000000088680000)
 Metaspace       used 46520K, capacity 47423K, committed 47616K, reserved 1091584K
  class space    used 5386K, capacity 5625K, committed 5632K, reserved 1048576K
Event: 663.693 GC heap after
Heap after GC invocations=15 (full 4):
 PSYoungGen      total 260608K, used 448K [0x00000000d5e00000, 0x00000000ee580000, 0x0000000100000000)
  eden space 224768K, 0% used [0x00000000d5e00000,0x00000000d5e00000,0x00000000e3980000)
  from space 35840K, 1% used [0x00000000e3980000,0x00000000e39f0000,0x00000000e5c80000)
  to   space 35840K, 0% used [0x00000000ec280000,0x00000000ec280000,0x00000000ee580000)
 ParOldGen       total 111104K, used 34239K [0x0000000081a00000, 0x0000000088680000, 0x00000000d5e00000)
  object space 111104K, 30% used [0x0000000081a00000,0x0000000083b6fc38,0x0000000088680000)
 Metaspace       used 46520K, capacity 47423K, committed 47616K, reserved 1091584K
  class space    used 5386K, capacity 5625K, committed 5632K, reserved 1048576K
}
Event: 700.648 GC heap before
{Heap before GC invocations=16 (full 4):
 PSYoungGen      total 260608K, used 225216K [0x00000000d5e00000, 0x00000000ee580000, 0x0000000100000000)
  eden space 224768K, 100% used [0x00000000d5e00000,0x00000000e3980000,0x00000000e3980000)
  from space 35840K, 1% used [0x00000000e3980000,0x00000000e39f0000,0x00000000e5c80000)
  to   space 35840K, 0% used [0x00000000ec280000,0x00000000ec280000,0x00000000ee580000)
 ParOldGen       total 111104K, used 34239K [0x0000000081a00000, 0x0000000088680000, 0x00000000d5e00000)
  object space 111104K, 30% used [0x0000000081a00000,0x0000000083b6fc38,0x0000000088680000)
 Metaspace       used 46571K, capacity 47423K, committed 47616K, reserved 1091584K
  class space    used 5387K, capacity 5625K, committed 5632K, reserved 1048576K
Event: 700.656 GC heap after
Heap after GC invocations=16 (full 4):
 PSYoungGen      total 349696K, used 304K [0x00000000d5e00000, 0x00000000edd80000, 0x0000000100000000)
  eden space 322048K, 0% used [0x00000000d5e00000,0x00000000d5e00000,0x00000000e9880000)
  from space 27648K, 1% used [0x00000000ec280000,0x00000000ec2cc010,0x00000000edd80000)
  to   space 35328K, 0% used [0x00000000e9880000,0x00000000e9880000,0x00000000ebb00000)
 ParOldGen       total 111104K, used 34443K [0x0000000081a00000, 0x0000000088680000, 0x00000000d5e00000)
  object space 111104K, 31% used [0x0000000081a00000,0x0000000083ba2c78,0x0000000088680000)
 Metaspace       used 46571K, capacity 47423K, committed 47616K, reserved 1091584K
  class space    used 5387K, capacity 5625K, committed 5632K, reserved 1048576K
}
Event: 768.920 GC heap before
{Heap before GC invocations=17 (full 4):
 PSYoungGen      total 349696K, used 322352K [0x00000000d5e00000, 0x00000000edd80000, 0x0000000100000000)
  eden space 322048K, 100% used [0x00000000d5e00000,0x00000000e9880000,0x00000000e9880000)
  from space 27648K, 1% used [0x00000000ec280000,0x00000000ec2cc010,0x00000000edd80000)
  to   space 35328K, 0% used [0x00000000e9880000,0x00000000e9880000,0x00000000ebb00000)
 ParOldGen       total 111104K, used 34443K [0x0000000081a00000, 0x0000000088680000, 0x00000000d5e00000)
  object space 111104K, 31% used [0x0000000081a00000,0x0000000083ba2c78,0x0000000088680000)
 Metaspace       used 46615K, capacity 47563K, committed 47616K, reserved 1091584K
  class space    used 5389K, capacity 5627K, committed 5632K, reserved 1048576K
Event: 768.934 GC heap after
Heap after GC invocations=17 (full 4):
 PSYoungGen      total 357376K, used 288K [0x00000000d5e00000, 0x00000000f5900000, 0x0000000100000000)
  eden space 322048K, 0% used [0x00000000d5e00000,0x00000000d5e00000,0x00000000e9880000)
  from space 35328K, 0% used [0x00000000e9880000,0x00000000e98c8000,0x00000000ebb00000)
  to   space 34816K, 0% used [0x00000000f3700000,0x00000000f3700000,0x00000000f5900000)
 ParOldGen       total 111104K, used 34531K [0x0000000081a00000, 0x0000000088680000, 0x00000000d5e00000)
  object space 111104K, 31% used [0x0000000081a00000,0x0000000083bb8c98,0x0000000088680000)
 Metaspace       used 46615K, capacity 47563K, committed 47616K, reserved 1091584K
  class space    used 5389K, capacity 5627K, committed 5632K, reserved 1048576K
}

Deoptimization events (10 events):
Event: 3318.648 Thread 0x000000001ea03000 Uncommon trap: reason=unreached action=reinterpret pc=0x0000000003399278 method=org.eclipse.jetty.util.AttributesMap.setAttribute(Ljava/lang/String;Ljava/lang/Object;)V @ 1
Event: 3318.673 Thread 0x000000001ea03000 Uncommon trap: reason=unreached action=reinterpret pc=0x0000000004804798 method=java.util.concurrent.ConcurrentLinkedQueue.poll()Ljava/lang/Object; @ 41
Event: 3318.674 Thread 0x000000001cfc7800 Uncommon trap: reason=class_check action=maybe_recompile pc=0x0000000003c50f7c method=org.eclipse.jetty.util.thread.QueuedThreadPool.idleJobPoll()Ljava/lang/Runnable; @ 17
Event: 3318.674 Thread 0x000000001cf27000 Uncommon trap: reason=class_check action=maybe_recompile pc=0x0000000003c50f7c method=org.eclipse.jetty.util.thread.QueuedThreadPool.idleJobPoll()Ljava/lang/Runnable; @ 17
Event: 3318.674 Thread 0x000000001c3c9000 Uncommon trap: reason=class_check action=maybe_recompile pc=0x0000000003c50f7c method=org.eclipse.jetty.util.thread.QueuedThreadPool.idleJobPoll()Ljava/lang/Runnable; @ 17
Event: 3318.674 Thread 0x000000001e161000 Uncommon trap: reason=class_check action=maybe_recompile pc=0x0000000003c50f7c method=org.eclipse.jetty.util.thread.QueuedThreadPool.idleJobPoll()Ljava/lang/Runnable; @ 17
Event: 3318.674 Thread 0x0000000028aed000 Uncommon trap: reason=class_check action=maybe_recompile pc=0x0000000003c50f7c method=org.eclipse.jetty.util.thread.QueuedThreadPool.idleJobPoll()Ljava/lang/Runnable; @ 17
Event: 3318.674 Thread 0x000000001cfc8000 Uncommon trap: reason=class_check action=maybe_recompile pc=0x0000000003c50f7c method=org.eclipse.jetty.util.thread.QueuedThreadPool.idleJobPoll()Ljava/lang/Runnable; @ 17
Event: 3318.674 Thread 0x000000001d83f800 Uncommon trap: reason=class_check action=maybe_recompile pc=0x0000000003c50f7c method=org.eclipse.jetty.util.thread.QueuedThreadPool.idleJobPoll()Ljava/lang/Runnable; @ 17
Event: 3318.674 Thread 0x000000001d840000 Uncommon trap: reason=class_check action=maybe_recompile pc=0x0000000003c50f7c method=org.eclipse.jetty.util.thread.QueuedThreadPool.idleJobPoll()Ljava/lang/Runnable; @ 17

Internal exceptions (10 events):
Event: 3318.031 Thread 0x000000001ea03000 Exception <a 'java/security/PrivilegedActionException'> (0x00000000e2ed9b08) thrown at [D:\re\workspace\8-2-build-windows-amd64-cygwin\jdk8u25\1677\hotspot\src\share\vm\prims\jvm.cpp, line 1312]
Event: 3318.042 Thread 0x000000001ea03000 Exception <a 'java/security/PrivilegedActionException'> (0x00000000e2ee0258) thrown at [D:\re\workspace\8-2-build-windows-amd64-cygwin\jdk8u25\1677\hotspot\src\share\vm\prims\jvm.cpp, line 1312]
Event: 3318.581 Thread 0x000000001ea03000 Exception <a 'java/security/PrivilegedActionException'> (0x00000000e2eeaf70) thrown at [D:\re\workspace\8-2-build-windows-amd64-cygwin\jdk8u25\1677\hotspot\src\share\vm\prims\jvm.cpp, line 1312]
Event: 3318.614 Thread 0x000000001ea03000 Exception <a 'java/security/PrivilegedActionException'> (0x00000000e2efba60) thrown at [D:\re\workspace\8-2-build-windows-amd64-cygwin\jdk8u25\1677\hotspot\src\share\vm\prims\jvm.cpp, line 1312]
Event: 3318.625 Thread 0x000000001ea03000 Exception <a 'java/security/PrivilegedActionException'> (0x00000000e2f0ebe0) thrown at [D:\re\workspace\8-2-build-windows-amd64-cygwin\jdk8u25\1677\hotspot\src\share\vm\prims\jvm.cpp, line 1312]
Event: 3318.626 Thread 0x000000001ea03000 Exception <a 'java/security/PrivilegedActionException'> (0x00000000e2f14a78) thrown at [D:\re\workspace\8-2-build-windows-amd64-cygwin\jdk8u25\1677\hotspot\src\share\vm\prims\jvm.cpp, line 1312]
Event: 3318.626 Thread 0x000000001ea03000 Exception <a 'java/security/PrivilegedActionException'> (0x00000000e2f198e0) thrown at [D:\re\workspace\8-2-build-windows-amd64-cygwin\jdk8u25\1677\hotspot\src\share\vm\prims\jvm.cpp, line 1312]
Event: 3318.627 Thread 0x000000001ea03000 Exception <a 'java/security/PrivilegedActionException'> (0x00000000e2f1fe70) thrown at [D:\re\workspace\8-2-build-windows-amd64-cygwin\jdk8u25\1677\hotspot\src\share\vm\prims\jvm.cpp, line 1312]
Event: 3318.673 Thread 0x000000001ea03000 Exception <a 'java/security/PrivilegedActionException'> (0x00000000e2f324c0) thrown at [D:\re\workspace\8-2-build-windows-amd64-cygwin\jdk8u25\1677\hotspot\src\share\vm\prims\jvm.cpp, line 1312]
Event: 3318.682 Thread 0x000000001ea03000 Exception <a 'java/io/FileNotFoundException'> (0x00000000e2f40778) thrown at [D:\re\workspace\8-2-build-windows-amd64-cygwin\jdk8u25\1677\hotspot\src\share\vm\prims\jni.cpp, line 716]

Events (10 events):
Event: 3318.674 Thread 0x000000001d840000 DEOPT UNPACKING pc=0x00000000032c556a sp=0x000000001fbcf290 mode 2
Event: 3318.674 Thread 0x000000001d840000 Thread exited: 0x000000001d840000
Event: 3318.674 Thread 0x000000001cfc7800 Thread exited: 0x000000001cfc7800
Event: 3318.674 Thread 0x000000001c3c9000 Thread exited: 0x000000001c3c9000
Event: 3318.682 Executing VM operation: RevokeBias
Event: 3318.682 Executing VM operation: RevokeBias done
Event: 3318.682 Executing VM operation: RevokeBias
Event: 3318.683 Executing VM operation: RevokeBias done
Event: 3318.683 Thread 0x000000001ea03000 Thread exited: 0x000000001ea03000
Event: 3318.687 Executing VM operation: Exit


Dynamic libraries:
0x00007ff63ee40000 - 0x00007ff63ee74000 	C:\Program Files\Java\jdk1.8.0_25\bin\java.exe
0x00007ffdefe30000 - 0x00007ffdf0025000 	C:\Windows\SYSTEM32\ntdll.dll
0x00007ffdee140000 - 0x00007ffdee1fd000 	C:\Windows\System32\KERNEL32.DLL
0x00007ffded870000 - 0x00007ffdedb38000 	C:\Windows\System32\KERNELBASE.dll
0x00007ffdef520000 - 0x00007ffdef5cc000 	C:\Windows\System32\ADVAPI32.dll
0x00007ffdef010000 - 0x00007ffdef0ae000 	C:\Windows\System32\msvcrt.dll
0x00007ffdee090000 - 0x00007ffdee12b000 	C:\Windows\System32\sechost.dll
0x00007ffdee860000 - 0x00007ffdee98b000 	C:\Windows\System32\RPCRT4.dll
0x00007ffdeee70000 - 0x00007ffdef010000 	C:\Windows\System32\USER32.dll
0x00007ffdedca0000 - 0x00007ffdedcc2000 	C:\Windows\System32\win32u.dll
0x00007ffdef5e0000 - 0x00007ffdef60a000 	C:\Windows\System32\GDI32.dll
0x00007ffdedcd0000 - 0x00007ffdedddb000 	C:\Windows\System32\gdi32full.dll
0x00007ffded5a0000 - 0x00007ffded63d000 	C:\Windows\System32\msvcp_win.dll
0x00007ffded640000 - 0x00007ffded740000 	C:\Windows\System32\ucrtbase.dll
0x00007ffddae30000 - 0x00007ffddb0ca000 	C:\Windows\WinSxS\amd64_microsoft.windows.common-controls_6595b64144ccf1df_6.0.19041.844_none_ca00b6081b84eb1d\COMCTL32.dll
0x00007ffdef610000 - 0x00007ffdef640000 	C:\Windows\System32\IMM32.DLL
0x0000000051770000 - 0x0000000051842000 	C:\Program Files\Java\jdk1.8.0_25\jre\bin\msvcr100.dll
0x0000000050f10000 - 0x000000005176a000 	C:\Program Files\Java\jdk1.8.0_25\jre\bin\server\jvm.dll
0x00007ffdee130000 - 0x00007ffdee138000 	C:\Windows\System32\PSAPI.DLL
0x00007ffde0900000 - 0x00007ffde0927000 	C:\Windows\SYSTEM32\WINMM.dll
0x00007ffdd7060000 - 0x00007ffdd7069000 	C:\Windows\SYSTEM32\WSOCK32.dll
0x00007ffdef280000 - 0x00007ffdef2eb000 	C:\Windows\System32\WS2_32.dll
0x0000000050f00000 - 0x0000000050f0f000 	C:\Program Files\Java\jdk1.8.0_25\jre\bin\verify.dll
0x0000000050ed0000 - 0x0000000050ef8000 	C:\Program Files\Java\jdk1.8.0_25\jre\bin\java.dll
0x0000000050eb0000 - 0x0000000050ec6000 	C:\Program Files\Java\jdk1.8.0_25\jre\bin\zip.dll
0x00007ffdef640000 - 0x00007ffdefd82000 	C:\Windows\System32\SHELL32.dll
0x00007ffdeb650000 - 0x00007ffdebde1000 	C:\Windows\SYSTEM32\windows.storage.dll
0x00007ffdee430000 - 0x00007ffdee785000 	C:\Windows\System32\combase.dll
0x00007ffdecf10000 - 0x00007ffdecf3c000 	C:\Windows\SYSTEM32\Wldp.dll
0x00007ffdef2f0000 - 0x00007ffdef39e000 	C:\Windows\System32\SHCORE.dll
0x00007ffdeee00000 - 0x00007ffdeee55000 	C:\Windows\System32\shlwapi.dll
0x00007ffded4b0000 - 0x00007ffded4cf000 	C:\Windows\SYSTEM32\profapi.dll
0x00007ffdc73a0000 - 0x00007ffdc73aa000 	C:\Program Files (x86)\apache-maven-3.8.1\lib\jansi-native\windows64\jansi.dll
0x0000000050ea0000 - 0x0000000050ead000 	C:\Program Files\Java\jdk1.8.0_25\jre\bin\management.dll
0x0000000050e50000 - 0x0000000050e6a000 	C:\Program Files\Java\jdk1.8.0_25\jre\bin\net.dll
0x00007ffdeccf0000 - 0x00007ffdecd5a000 	C:\Windows\system32\mswsock.dll
0x00007ffdec9b0000 - 0x00007ffdec9eb000 	C:\Windows\SYSTEM32\IPHLPAPI.DLL
0x00007ffdef5d0000 - 0x00007ffdef5d8000 	C:\Windows\System32\NSI.dll
0x00007ffde49c0000 - 0x00007ffde49d7000 	C:\Windows\SYSTEM32\dhcpcsvc6.DLL
0x00007ffde49a0000 - 0x00007ffde49bd000 	C:\Windows\SYSTEM32\dhcpcsvc.DLL
0x00007ffdec9f0000 - 0x00007ffdecabc000 	C:\Windows\SYSTEM32\DNSAPI.dll
0x0000000050e70000 - 0x0000000050e94000 	C:\Program Files\Java\jdk1.8.0_25\jre\bin\sunec.dll
0x00007ffdecf50000 - 0x00007ffdecf68000 	C:\Windows\SYSTEM32\CRYPTSP.dll
0x00007ffdec640000 - 0x00007ffdec674000 	C:\Windows\system32\rsaenh.dll
0x00007ffded570000 - 0x00007ffded597000 	C:\Windows\System32\bcrypt.dll
0x00007ffded470000 - 0x00007ffded49e000 	C:\Windows\SYSTEM32\USERENV.dll
0x00007ffded7f0000 - 0x00007ffded870000 	C:\Windows\System32\bcryptprimitives.dll
0x00007ffdece70000 - 0x00007ffdece7c000 	C:\Windows\SYSTEM32\CRYPTBASE.dll
0x0000000050e30000 - 0x0000000050e41000 	C:\Program Files\Java\jdk1.8.0_25\jre\bin\nio.dll
0x00007ffdd8380000 - 0x00007ffdd8397000 	C:\Windows\system32\napinsp.dll
0x00007ffdd83a0000 - 0x00007ffdd83bb000 	C:\Windows\system32\pnrpnsp.dll
0x00007ffde7d80000 - 0x00007ffde7d95000 	C:\Windows\system32\wshbth.dll
0x00007ffde9e30000 - 0x00007ffde9e4d000 	C:\Windows\system32\NLAapi.dll
0x00007ffdd8620000 - 0x00007ffdd8632000 	C:\Windows\System32\winrnr.dll
0x00007ffde2040000 - 0x00007ffde204a000 	C:\Windows\System32\rasadhlp.dll
0x00007ffde1f60000 - 0x00007ffde1fdf000 	C:\Windows\System32\fwpuclnt.dll
0x0000000050c90000 - 0x0000000050e28000 	C:\Program Files\Java\jdk1.8.0_25\jre\bin\awt.dll
0x00007ffdee790000 - 0x00007ffdee85d000 	C:\Windows\System32\OLEAUT32.dll
0x00007ffdea250000 - 0x00007ffdea2e0000 	C:\Windows\SYSTEM32\apphelp.dll
0x00007ffdea370000 - 0x00007ffdea40e000 	C:\Windows\system32\uxtheme.dll
0x00007ffdef400000 - 0x00007ffdef515000 	C:\Windows\System32\MSCTF.dll
0x00007ffdede90000 - 0x00007ffdedfba000 	C:\Windows\System32\ole32.dll
0x00007ffdebe30000 - 0x00007ffdebe42000 	C:\Windows\SYSTEM32\kernel.appcore.dll
0x00007ffdeaf00000 - 0x00007ffdeaf2f000 	C:\Windows\system32\DWMAPI.DLL
0x00007ffded740000 - 0x00007ffded78e000 	C:\Windows\System32\cfgmgr32.dll
0x00007ffde1db0000 - 0x00007ffde1f57000 	C:\Windows\System32\DriverStore\FileRepository\iigd_dch.inf_amd64_24db536432518c37\igdgmm64.dll
0x00007ffddc5b0000 - 0x00007ffddee9a000 	C:\Windows\System32\DriverStore\FileRepository\iigd_dch.inf_amd64_24db536432518c37\igc64.dll
0x00007ffde2050000 - 0x00007ffde208b000 	C:\Windows\SYSTEM32\dxcore.dll
0x0000000050c40000 - 0x0000000050c87000 	C:\Program Files\Java\jdk1.8.0_25\jre\bin\fontmanager.dll
0x0000000050bf0000 - 0x0000000050c31000 	C:\Program Files\Java\jdk1.8.0_25\jre\bin\t2k.dll
0x00007ffdd4520000 - 0x00007ffdd4619000 	C:\Windows\SYSTEM32\textinputframework.dll
0x00007ffde9c30000 - 0x00007ffde9d22000 	C:\Windows\System32\CoreMessaging.dll
0x00007ffde9550000 - 0x00007ffde98ae000 	C:\Windows\System32\CoreUIComponents.dll
0x00007ffdec270000 - 0x00007ffdec2a3000 	C:\Windows\SYSTEM32\ntmarta.dll
0x00007ffde9f10000 - 0x00007ffdea064000 	C:\Windows\SYSTEM32\wintypes.dll
0x00007ffd89790000 - 0x00007ffd89962000 	W:\home\nico\Workspaces\factory-wild\Virtual_Factory\java-project\jmonkey-ld-master\bulletjme.dll
0x0000000180000000 - 0x0000000180064000 	W:\home\nico\Workspaces\factory-wild\Virtual_Factory\java-project\jmonkey-ld-master\OpenAL64.dll
0x0000000034460000 - 0x00000000344b3000 	W:\home\nico\Workspaces\factory-wild\Virtual_Factory\java-project\jmonkey-ld-master\lwjgl64.dll
0x00007ffde5d90000 - 0x00007ffde5d9a000 	C:\Windows\SYSTEM32\VERSION.dll
0x00007ffdbd920000 - 0x00007ffdbda46000 	C:\Windows\SYSTEM32\OPENGL32.dll
0x00007ffdbe640000 - 0x00007ffdbe66c000 	C:\Windows\SYSTEM32\GLU32.dll
0x00007ffde7320000 - 0x00007ffde73ce000 	C:\Windows\SYSTEM32\mscms.dll
0x00007ffde71b0000 - 0x00007ffde71c1000 	C:\Windows\SYSTEM32\ColorAdapterClient.dll
0x00007ffdedfe0000 - 0x00007ffdee089000 	C:\Windows\System32\clbcatq.dll
0x00007ffde2790000 - 0x00007ffde27d3000 	C:\Windows\System32\Windows.Internal.Graphics.Display.DisplayColorManagement.dll
0x00007ffde56c0000 - 0x00007ffde57b9000 	C:\Windows\System32\AppXDeploymentClient.dll
0x00007ffda3d40000 - 0x00007ffda4c8a000 	C:\Windows\System32\DriverStore\FileRepository\iigd_dch.inf_amd64_24db536432518c37\ig9icd64.dll
0x00007ffdebe70000 - 0x00007ffdebf63000 	C:\Windows\system32\dxgi.dll
0x00007ffdecb20000 - 0x00007ffdecb6b000 	C:\Windows\SYSTEM32\powrprof.dll
0x00007ffdec990000 - 0x00007ffdec9a2000 	C:\Windows\SYSTEM32\UMPDC.dll
0x00007ffd8b420000 - 0x00007ffd8b463000 	C:\Windows\SYSTEM32\icm32.dll
0x00007ffda3940000 - 0x00007ffda3d31000 	C:\Windows\System32\DriverStore\FileRepository\iigd_dch.inf_amd64_24db536432518c37\igdml64.dll
0x00007ffde5ca0000 - 0x00007ffde5d25000 	C:\Windows\System32\MMDevApi.dll
0x00007ffded320000 - 0x00007ffded34c000 	C:\Windows\System32\DEVOBJ.dll
0x00007ffd8b380000 - 0x00007ffd8b41c000 	C:\Windows\SYSTEM32\dsound.dll
0x00007ffde0d70000 - 0x00007ffde0d96000 	C:\Windows\SYSTEM32\winmmbase.dll
0x00007ffde5a80000 - 0x00007ffde5c01000 	C:\Windows\SYSTEM32\AUDIOSES.DLL
0x00007ffdead00000 - 0x00007ffdead14000 	C:\Windows\SYSTEM32\resourcepolicyclient.dll
0x00007ffdeb230000 - 0x00007ffdeb414000 	C:\Windows\SYSTEM32\dbghelp.dll

VM Arguments:
jvm_args: -Dclassworlds.conf=C:\Program Files (x86)\apache-maven-3.8.1\bin\..\bin\m2.conf -Dmaven.home=C:\Program Files (x86)\apache-maven-3.8.1\bin\.. -Dlibrary.jansi.path=C:\Program Files (x86)\apache-maven-3.8.1\bin\..\lib\jansi-native -Dmaven.multiModuleProjectDirectory=W:\home\nico\Workspaces\factory-wild\Virtual_Factory\java-project\jmonkey-ld-master 
java_command: org.codehaus.plexus.classworlds.launcher.Launcher jetty:run
java_class_path (initial): C:\Program Files (x86)\apache-maven-3.8.1\bin\..\boot\plexus-classworlds-2.6.0.jar
Launcher Type: SUN_STANDARD

Environment Variables:
PATH=C:\Windows\system32;C:\Windows;C:\Windows\System32\Wbem;C:\Windows\System32\WindowsPowerShell\v1.0\;C:\Windows\System32\OpenSSH\;C:\Program Files\Intel\WiFi\bin\;C:\Program Files\Common Files\Intel\WirelessCommon\;C:\gwprog\putty\;C:\Program Files\Docker\Docker\resources\bin;C:\ProgramData\DockerDesktop\version-bin;C:\Users\gnlpf\AppData\Local\Microsoft\WindowsApps;C:\Users\gnlpf\AppData\Local\Programs\Microsoft VS Code\bin;C:\Program Files\Java\jdk1.8.0_25\bin;C:\Program Files (x86)\apache-maven-3.8.1\bin;C:\linked-data-fu-0.9.13-pr.0\bin
USERNAME=gnlpf
OS=Windows_NT
PROCESSOR_IDENTIFIER=Intel64 Family 6 Model 142 Stepping 10, GenuineIntel



---------------  S Y S T E M  ---------------

OS: Windows 8.1 , 64 bit Build 9600 

CPU:total 8 (4 cores per cpu, 2 threads per core) family 6 model 142 stepping 10, cmov, cx8, fxsr, mmx, sse, sse2, sse3, ssse3, sse4.1, sse4.2, popcnt, avx, avx2, aes, clmul, erms, lzcnt, ht, tsc, tscinvbit, bmi1, bmi2

Memory: 4k page, physical 8280788k(3549864k free), swap 13785812k(6544116k free)

vm_info: Java HotSpot(TM) 64-Bit Server VM (25.25-b02) for windows-amd64 JRE (1.8.0_25-b18), built on Oct  7 2014 14:25:37 by "java_re" with MS VC++ 10.0 (VS2010)

time: Sat Apr 24 22:00:42 2021
elapsed time: 3319 seconds (0d 0h 55m 19s)

