#
# A fatal error has been detected by the Java Runtime Environment:
#
#  EXCEPTION_ACCESS_VIOLATION (0xc0000005) at pc=0x00007ffe64601d5b, pid=13876, tid=13408
#
# JRE version: Java(TM) SE Runtime Environment (8.0_25-b18) (build 1.8.0_25-b18)
# Java VM: Java HotSpot(TM) 64-Bit Server VM (25.25-b02 mixed mode windows-amd64 compressed oops)
# Problematic frame:
# C  [ig9icd64.dll+0x6b1d5b]
#
# Failed to write core dump. Minidumps are not enabled by default on client versions of Windows
#
# If you would like to submit a bug report, please visit:
#   http://bugreport.sun.com/bugreport/crash.jsp
#

---------------  T H R E A D  ---------------

Current thread (0x0000000017628000):  VMThread [stack: 0x0000000019310000,0x0000000019410000] [id=13408]

siginfo: ExceptionCode=0xc0000005, reading address 0x0000000000000018

Registers:
RAX=0x0000000000000000, RBX=0x0000000034b001c0, RCX=0x0000000000000000, RDX=0x0000000034b001c0
RSP=0x000000001940f040, RBP=0x0000000000000000, RSI=0x0000000034b001c0, RDI=0x0000000000000000
R8 =0x00000000003a1440, R9 =0x0000000000000001, R10=0x0000000000008000, R11=0x000000001940ef40
R12=0x0000000000000001, R13=0x0000000002411658, R14=0x0000000000000000, R15=0x0000000000000004
RIP=0x00007ffe64601d5b, EFLAGS=0x0000000000010202

Top of Stack: (sp=0x000000001940f040)
0x000000001940f040:   0000000002625a00 000000135699c918
0x000000001940f050:   00000000349f5530 0000000030aab410
0x000000001940f060:   0000000000000004 0000000000000000
0x000000001940f070:   0000000000000001 0000000034b001c0
0x000000001940f080:   0000000000000000 00007ffe6457155d
0x000000001940f090:   0000000030aab410 0000000034b001c0
0x000000001940f0a0:   0000000034b001c0 0000000034b001c0
0x000000001940f0b0:   0000000000000001 00007ffeae020000
0x000000001940f0c0:   0000000000000001 00007ffe63f50000
0x000000001940f0d0:   0000000002411658 00007ffe64441250
0x000000001940f0e0:   0000000000000000 00007ffe645715ed
0x000000001940f0f0:   00007ffeae03d920 0000000034b001c0
0x000000001940f100:   0000000002647410 0000000000000001
0x000000001940f110:   0000000000000000 00007ffe64491211
0x000000001940f120:   0000000000000001 0000000000003460
0x000000001940f130:   00007ffeae03d920 0000000000000001 

Instructions: (pc=0x00007ffe64601d5b)
0x00007ffe64601d3b:   5f c3 cc cc cc cc cc cc cc cc cc cc cc cc cc cc
0x00007ffe64601d4b:   cc cc cc cc cc 40 55 56 41 54 41 56 48 83 ec 28
0x00007ffe64601d5b:   48 8b 71 18 45 33 e4 48 8b ea 4c 8b f1 48 85 f6
0x00007ffe64601d6b:   0f 84 87 02 00 00 48 89 5c 24 58 48 89 7c 24 60 


Register to memory mapping:

RAX=0x0000000000000000 is an unknown value
RBX=0x0000000034b001c0 is an unknown value
RCX=0x0000000000000000 is an unknown value
RDX=0x0000000034b001c0 is an unknown value
RSP=0x000000001940f040 is an unknown value
RBP=0x0000000000000000 is an unknown value
RSI=0x0000000034b001c0 is an unknown value
RDI=0x0000000000000000 is an unknown value
R8 =0x00000000003a1440 is an unknown value
R9 =0x0000000000000001 is an unknown value
R10=0x0000000000008000 is an unknown value
R11=0x000000001940ef40 is an unknown value
R12=0x0000000000000001 is an unknown value
R13=0x0000000002411658 is an unknown value
R14=0x0000000000000000 is an unknown value
R15=0x0000000000000004 is an unknown value


Stack: [0x0000000019310000,0x0000000019410000],  sp=0x000000001940f040,  free space=1020k
Native frames: (J=compiled Java code, j=interpreted, Vv=VM code, C=native code)

VM_Operation (0x000000001ec5ebf0): Exit, mode: safepoint, requested by thread 0x000000001a931000


---------------  P R O C E S S  ---------------

Java Threads: ( => current thread )
  0x0000000021d56000 JavaThread "AWT-Shutdown" [_thread_blocked, id=6620, stack(0x000000001f060000,0x000000001f160000)]
  0x000000001a931000 JavaThread "SIGINT handler" daemon [_thread_blocked, id=16680, stack(0x000000001eb60000,0x000000001ec60000)]
  0x000000001a92f800 JavaThread "LWJGL Timer" daemon [_thread_blocked, id=11932, stack(0x000000003ebe0000,0x000000003ece0000)]
  0x000000001a92d000 JavaThread "jME3 Audio Decoder" daemon [_thread_blocked, id=11416, stack(0x000000003a090000,0x000000003a190000)]
  0x000000001a92e000 JavaThread "jME3 Main" [_thread_in_native, id=13384, stack(0x0000000035330000,0x0000000035430000)]
  0x000000001a933000 JavaThread "TimerQueue" daemon [_thread_blocked, id=4148, stack(0x00000000339e0000,0x0000000033ae0000)]
  0x000000001a92c800 JavaThread "Java2D Disposer" daemon [_thread_blocked, id=5116, stack(0x000000001e530000,0x000000001e630000)]
  0x00000000196cb800 JavaThread "Service Thread" daemon [_thread_blocked, id=11260, stack(0x000000001a010000,0x000000001a110000)]
  0x0000000019647800 JavaThread "C1 CompilerThread3" daemon [_thread_blocked, id=12088, stack(0x0000000019f10000,0x000000001a010000)]
  0x0000000019645000 JavaThread "C2 CompilerThread2" daemon [_thread_blocked, id=13648, stack(0x0000000019e10000,0x0000000019f10000)]
  0x000000001963b000 JavaThread "C2 CompilerThread1" daemon [_thread_blocked, id=12024, stack(0x0000000019d10000,0x0000000019e10000)]
  0x0000000019637000 JavaThread "C2 CompilerThread0" daemon [_thread_blocked, id=12932, stack(0x0000000019c10000,0x0000000019d10000)]
  0x0000000019634800 JavaThread "Attach Listener" daemon [_thread_blocked, id=7212, stack(0x0000000019b10000,0x0000000019c10000)]
  0x0000000019633800 JavaThread "Signal Dispatcher" daemon [_thread_blocked, id=9844, stack(0x0000000019a10000,0x0000000019b10000)]
  0x0000000002699800 JavaThread "Finalizer" daemon [_thread_blocked, id=8160, stack(0x0000000019510000,0x0000000019610000)]
  0x0000000002692800 JavaThread "Reference Handler" daemon [_thread_blocked, id=8176, stack(0x0000000019410000,0x0000000019510000)]
  0x000000000241e000 JavaThread "main" [_thread_blocked, id=15284, stack(0x00000000024a0000,0x00000000025a0000)]

Other Threads:
=>0x0000000017628000 VMThread [stack: 0x0000000019310000,0x0000000019410000] [id=13408]

VM state:at safepoint (shutting down)

VM Mutex/Monitor currently owned by a thread:  ([mutex/lock_event])
[0x000000000241cdd0] Threads_lock - owner thread: 0x0000000017628000

Heap:
 PSYoungGen      total 275968K, used 215356K [0x00000000d5e00000, 0x00000000f0580000, 0x0000000100000000)
  eden space 240128K, 89% used [0x00000000d5e00000,0x00000000e2fe71b8,0x00000000e4880000)
  from space 35840K, 1% used [0x00000000e4880000,0x00000000e48e8000,0x00000000e6b80000)
  to   space 35840K, 0% used [0x00000000ee280000,0x00000000ee280000,0x00000000f0580000)
 ParOldGen       total 103424K, used 34204K [0x0000000081a00000, 0x0000000087f00000, 0x00000000d5e00000)
  object space 103424K, 33% used [0x0000000081a00000,0x0000000083b671b8,0x0000000087f00000)
 Metaspace       used 46962K, capacity 47839K, committed 48000K, reserved 1091584K
  class space    used 5411K, capacity 5657K, committed 5760K, reserved 1048576K

Card table byte_map: [0x0000000011a60000,0x0000000011e60000] byte_map_base: 0x0000000011653000

Marking Bits: (ParMarkBitMap*) 0x000000005b81d490
 Begin Bits: [0x0000000012910000, 0x00000000148a8000)
 End Bits:   [0x00000000148a8000, 0x0000000016840000)

Polling page: 0x0000000000cd0000

CodeCache: size=245760Kb used=25784Kb max_used=26119Kb free=219975Kb
 bounds [0x00000000026a0000, 0x0000000004090000, 0x00000000116a0000]
 total_blobs=8232 nmethods=7479 adapters=666
 compilation: enabled

Compilation events (10 events):
Event: 3091.875 Thread 0x0000000019647800 9278       3       java.security.PermissionCollection::<init> (5 bytes)
Event: 3091.875 Thread 0x0000000019647800 nmethod 9278 0x00000000038dca50 code [0x00000000038dcba0, 0x00000000038dcd50]
Event: 3091.908 Thread 0x0000000019647800 9279       3       com.jme3.util.IntMap$IntMapIterator::next (117 bytes)
Event: 3091.909 Thread 0x0000000019647800 nmethod 9279 0x0000000003bd0910 code [0x0000000003bd0aa0, 0x0000000003bd0e88]
Event: 3091.912 Thread 0x0000000019647800 9280       3       com.jme3.util.NativeObject::setUpdateNeeded (6 bytes)
Event: 3091.912 Thread 0x0000000019647800 nmethod 9280 0x0000000003a83010 code [0x0000000003a83160, 0x0000000003a832b0]
Event: 3091.944 Thread 0x0000000019647800 9281       3       java.util.concurrent.ConcurrentLinkedQueue$Node::casItem (13 bytes)
Event: 3091.944 Thread 0x0000000019647800 nmethod 9281 0x0000000003fd0350 code [0x0000000003fd04a0, 0x0000000003fd0630]
Event: 3091.956 Thread 0x0000000019637000 9282       4       java.io.FilterInputStream::read (9 bytes)
Event: 3091.960 Thread 0x0000000019637000 nmethod 9282 0x00000000038dc690 code [0x00000000038dc7e0, 0x00000000038dc8c8]

GC Heap History (10 events):
Event: 15.675 GC heap before
{Heap before GC invocations=11 (full 2):
 PSYoungGen      total 262144K, used 21493K [0x00000000d5e00000, 0x00000000e8e00000, 0x0000000100000000)
  eden space 240640K, 0% used [0x00000000d5e00000,0x00000000d5e00000,0x00000000e4900000)
  from space 21504K, 99% used [0x00000000e4b00000,0x00000000e5ffd6f8,0x00000000e6000000)
  to   space 35328K, 0% used [0x00000000e6b80000,0x00000000e6b80000,0x00000000e8e00000)
 ParOldGen       total 60928K, used 60676K [0x0000000081a00000, 0x0000000085580000, 0x00000000d5e00000)
  object space 60928K, 99% used [0x0000000081a00000,0x00000000855411e0,0x0000000085580000)
 Metaspace       used 33821K, capacity 34518K, committed 34816K, reserved 1079296K
  class space    used 4068K, capacity 4274K, committed 4352K, reserved 1048576K
Event: 15.858 GC heap after
Heap after GC invocations=11 (full 2):
 PSYoungGen      total 262144K, used 0K [0x00000000d5e00000, 0x00000000e8e00000, 0x0000000100000000)
  eden space 240640K, 0% used [0x00000000d5e00000,0x00000000d5e00000,0x00000000e4900000)
  from space 21504K, 0% used [0x00000000e4b00000,0x00000000e4b00000,0x00000000e6000000)
  to   space 35328K, 0% used [0x00000000e6b80000,0x00000000e6b80000,0x00000000e8e00000)
 ParOldGen       total 60928K, used 57130K [0x0000000081a00000, 0x0000000085580000, 0x00000000d5e00000)
  object space 60928K, 93% used [0x0000000081a00000,0x00000000851ca850,0x0000000085580000)
 Metaspace       used 33820K, capacity 34516K, committed 34816K, reserved 1079296K
  class space    used 4067K, capacity 4273K, committed 4352K, reserved 1048576K
}
Event: 15.858 GC heap before
{Heap before GC invocations=12 (full 2):
 PSYoungGen      total 262144K, used 687K [0x00000000d5e00000, 0x00000000e8e00000, 0x0000000100000000)
  eden space 240640K, 0% used [0x00000000d5e00000,0x00000000d5eabea8,0x00000000e4900000)
  from space 21504K, 0% used [0x00000000e4b00000,0x00000000e4b00000,0x00000000e6000000)
  to   space 35328K, 0% used [0x00000000e6b80000,0x00000000e6b80000,0x00000000e8e00000)
 ParOldGen       total 60928K, used 57130K [0x0000000081a00000, 0x0000000085580000, 0x00000000d5e00000)
  object space 60928K, 93% used [0x0000000081a00000,0x00000000851ca850,0x0000000085580000)
 Metaspace       used 33820K, capacity 34516K, committed 34816K, reserved 1079296K
  class space    used 4067K, capacity 4273K, committed 4352K, reserved 1048576K
Event: 15.860 GC heap after
Heap after GC invocations=12 (full 2):
 PSYoungGen      total 275456K, used 64K [0x00000000d5e00000, 0x00000000e8f00000, 0x0000000100000000)
  eden space 240128K, 0% used [0x00000000d5e00000,0x00000000d5e00000,0x00000000e4880000)
  from space 35328K, 0% used [0x00000000e6b80000,0x00000000e6b90000,0x00000000e8e00000)
  to   space 35840K, 0% used [0x00000000e4880000,0x00000000e4880000,0x00000000e6b80000)
 ParOldGen       total 60928K, used 57130K [0x0000000081a00000, 0x0000000085580000, 0x00000000d5e00000)
  object space 60928K, 93% used [0x0000000081a00000,0x00000000851ca850,0x0000000085580000)
 Metaspace       used 33820K, capacity 34516K, committed 34816K, reserved 1079296K
  class space    used 4067K, capacity 4273K, committed 4352K, reserved 1048576K
}
Event: 15.860 GC heap before
{Heap before GC invocations=13 (full 3):
 PSYoungGen      total 275456K, used 64K [0x00000000d5e00000, 0x00000000e8f00000, 0x0000000100000000)
  eden space 240128K, 0% used [0x00000000d5e00000,0x00000000d5e00000,0x00000000e4880000)
  from space 35328K, 0% used [0x00000000e6b80000,0x00000000e6b90000,0x00000000e8e00000)
  to   space 35840K, 0% used [0x00000000e4880000,0x00000000e4880000,0x00000000e6b80000)
 ParOldGen       total 60928K, used 57130K [0x0000000081a00000, 0x0000000085580000, 0x00000000d5e00000)
  object space 60928K, 93% used [0x0000000081a00000,0x00000000851ca850,0x0000000085580000)
 Metaspace       used 33820K, capacity 34516K, committed 34816K, reserved 1079296K
  class space    used 4067K, capacity 4273K, committed 4352K, reserved 1048576K
Event: 15.967 GC heap after
Heap after GC invocations=13 (full 3):
 PSYoungGen      total 275456K, used 0K [0x00000000d5e00000, 0x00000000e8f00000, 0x0000000100000000)
  eden space 240128K, 0% used [0x00000000d5e00000,0x00000000d5e00000,0x00000000e4880000)
  from space 35328K, 0% used [0x00000000e6b80000,0x00000000e6b80000,0x00000000e8e00000)
  to   space 35840K, 0% used [0x00000000e4880000,0x00000000e4880000,0x00000000e6b80000)
 ParOldGen       total 60928K, used 56990K [0x0000000081a00000, 0x0000000085580000, 0x00000000d5e00000)
  object space 60928K, 93% used [0x0000000081a00000,0x00000000851a7960,0x0000000085580000)
 Metaspace       used 33820K, capacity 34516K, committed 34816K, reserved 1079296K
  class space    used 4067K, capacity 4273K, committed 4352K, reserved 1048576K
}
Event: 85.164 GC heap before
{Heap before GC invocations=14 (full 4):
 PSYoungGen      total 275456K, used 240128K [0x00000000d5e00000, 0x00000000e8f00000, 0x0000000100000000)
  eden space 240128K, 100% used [0x00000000d5e00000,0x00000000e4880000,0x00000000e4880000)
  from space 35328K, 0% used [0x00000000e6b80000,0x00000000e6b80000,0x00000000e8e00000)
  to   space 35840K, 0% used [0x00000000e4880000,0x00000000e4880000,0x00000000e6b80000)
 ParOldGen       total 60928K, used 56992K [0x0000000081a00000, 0x0000000085580000, 0x00000000d5e00000)
  object space 60928K, 93% used [0x0000000081a00000,0x00000000851a8088,0x0000000085580000)
 Metaspace       used 46416K, capacity 47329K, committed 47616K, reserved 1091584K
  class space    used 5368K, capacity 5620K, committed 5632K, reserved 1048576K
Event: 85.315 GC heap after
Heap after GC invocations=14 (full 4):
 PSYoungGen      total 275456K, used 0K [0x00000000d5e00000, 0x00000000e8f00000, 0x0000000100000000)
  eden space 240128K, 0% used [0x00000000d5e00000,0x00000000d5e00000,0x00000000e4880000)
  from space 35328K, 0% used [0x00000000e6b80000,0x00000000e6b80000,0x00000000e8e00000)
  to   space 35840K, 0% used [0x00000000e4880000,0x00000000e4880000,0x00000000e6b80000)
 ParOldGen       total 103424K, used 34196K [0x0000000081a00000, 0x0000000087f00000, 0x00000000d5e00000)
  object space 103424K, 33% used [0x0000000081a00000,0x0000000083b651b8,0x0000000087f00000)
 Metaspace       used 46416K, capacity 47329K, committed 47616K, reserved 1091584K
  class space    used 5368K, capacity 5620K, committed 5632K, reserved 1048576K
}
Event: 851.919 GC heap before
{Heap before GC invocations=15 (full 4):
 PSYoungGen      total 275456K, used 240128K [0x00000000d5e00000, 0x00000000e8f00000, 0x0000000100000000)
  eden space 240128K, 100% used [0x00000000d5e00000,0x00000000e4880000,0x00000000e4880000)
  from space 35328K, 0% used [0x00000000e6b80000,0x00000000e6b80000,0x00000000e8e00000)
  to   space 35840K, 0% used [0x00000000e4880000,0x00000000e4880000,0x00000000e6b80000)
 ParOldGen       total 103424K, used 34196K [0x0000000081a00000, 0x0000000087f00000, 0x00000000d5e00000)
  object space 103424K, 33% used [0x0000000081a00000,0x0000000083b651b8,0x0000000087f00000)
 Metaspace       used 46729K, capacity 47615K, committed 47872K, reserved 1091584K
  class space    used 5388K, capacity 5625K, committed 5632K, reserved 1048576K
Event: 851.926 GC heap after
Heap after GC invocations=15 (full 4):
 PSYoungGen      total 275968K, used 416K [0x00000000d5e00000, 0x00000000f0580000, 0x0000000100000000)
  eden space 240128K, 0% used [0x00000000d5e00000,0x00000000d5e00000,0x00000000e4880000)
  from space 35840K, 1% used [0x00000000e4880000,0x00000000e48e8000,0x00000000e6b80000)
  to   space 35840K, 0% used [0x00000000ee280000,0x00000000ee280000,0x00000000f0580000)
 ParOldGen       total 103424K, used 34204K [0x0000000081a00000, 0x0000000087f00000, 0x00000000d5e00000)
  object space 103424K, 33% used [0x0000000081a00000,0x0000000083b671b8,0x0000000087f00000)
 Metaspace       used 46729K, capacity 47615K, committed 47872K, reserved 1091584K
  class space    used 5388K, capacity 5625K, committed 5632K, reserved 1048576K
}

Deoptimization events (10 events):
Event: 3091.860 Thread 0x0000000021d51800 Uncommon trap: reason=unreached action=reinterpret pc=0x00000000029b1ed4 method=java.util.concurrent.ConcurrentHashMap.clear()V @ 12
Event: 3091.879 Thread 0x0000000021d51800 Uncommon trap: reason=class_check action=maybe_recompile pc=0x0000000003724298 method=java.util.Collections$3.nextElement()Ljava/lang/Object; @ 4
Event: 3091.879 Thread 0x0000000021d51800 Uncommon trap: reason=class_check action=maybe_recompile pc=0x0000000003724298 method=java.util.Collections$3.nextElement()Ljava/lang/Object; @ 4
Event: 3091.879 Thread 0x0000000021d51800 Uncommon trap: reason=class_check action=maybe_recompile pc=0x0000000003724298 method=java.util.Collections$3.nextElement()Ljava/lang/Object; @ 4
Event: 3091.879 Thread 0x0000000021d51800 Uncommon trap: reason=class_check action=maybe_recompile pc=0x0000000003724298 method=java.util.Collections$3.nextElement()Ljava/lang/Object; @ 4
Event: 3091.903 Thread 0x000000001a92e000 Uncommon trap: reason=bimorphic action=maybe_recompile pc=0x0000000003a65188 method=java.util.HashMap.removeNode(ILjava/lang/Object;Ljava/lang/Object;ZZ)Ljava/util/HashMap$Node; @ 68
Event: 3091.906 Thread 0x000000001a92e000 Uncommon trap: reason=bimorphic action=maybe_recompile pc=0x0000000003a65188 method=java.util.HashMap.removeNode(ILjava/lang/Object;Ljava/lang/Object;ZZ)Ljava/util/HashMap$Node; @ 68
Event: 3091.908 Thread 0x000000001a92e000 Uncommon trap: reason=bimorphic action=maybe_recompile pc=0x0000000003a65188 method=java.util.HashMap.removeNode(ILjava/lang/Object;Ljava/lang/Object;ZZ)Ljava/util/HashMap$Node; @ 68
Event: 3091.908 Thread 0x000000001a92e000 Uncommon trap: reason=bimorphic action=maybe_recompile pc=0x0000000003a65188 method=java.util.HashMap.removeNode(ILjava/lang/Object;Ljava/lang/Object;ZZ)Ljava/util/HashMap$Node; @ 68
Event: 3091.943 Thread 0x0000000021d51800 Uncommon trap: reason=unreached action=reinterpret pc=0x0000000002f47b90 method=java.util.concurrent.ConcurrentLinkedQueue.poll()Ljava/lang/Object; @ 41

Internal exceptions (10 events):
Event: 3091.341 Thread 0x0000000021d51800 Exception <a 'java/security/PrivilegedActionException'> (0x00000000e2bd5a90) thrown at [D:\re\workspace\8-2-build-windows-amd64-cygwin\jdk8u25\1677\hotspot\src\share\vm\prims\jvm.cpp, line 1312]
Event: 3091.342 Thread 0x0000000021d54800 Exception <a 'org/lwjgl/LWJGLException': Failed to set device gamma.> (0x00000000e2c96588) thrown at [D:\re\workspace\8-2-build-windows-amd64-cygwin\jdk8u25\1677\hotspot\src\share\vm\prims\jni.cpp, line 742]
Event: 3091.863 Thread 0x0000000021d51800 Exception <a 'java/security/PrivilegedActionException'> (0x00000000e2be07a8) thrown at [D:\re\workspace\8-2-build-windows-amd64-cygwin\jdk8u25\1677\hotspot\src\share\vm\prims\jvm.cpp, line 1312]
Event: 3091.873 Thread 0x0000000021d51800 Exception <a 'java/security/PrivilegedActionException'> (0x00000000e2bf12f0) thrown at [D:\re\workspace\8-2-build-windows-amd64-cygwin\jdk8u25\1677\hotspot\src\share\vm\prims\jvm.cpp, line 1312]
Event: 3091.877 Thread 0x0000000021d51800 Exception <a 'java/security/PrivilegedActionException'> (0x00000000e2c04470) thrown at [D:\re\workspace\8-2-build-windows-amd64-cygwin\jdk8u25\1677\hotspot\src\share\vm\prims\jvm.cpp, line 1312]
Event: 3091.878 Thread 0x0000000021d51800 Exception <a 'java/security/PrivilegedActionException'> (0x00000000e2c0a308) thrown at [D:\re\workspace\8-2-build-windows-amd64-cygwin\jdk8u25\1677\hotspot\src\share\vm\prims\jvm.cpp, line 1312]
Event: 3091.878 Thread 0x0000000021d51800 Exception <a 'java/security/PrivilegedActionException'> (0x00000000e2c0f170) thrown at [D:\re\workspace\8-2-build-windows-amd64-cygwin\jdk8u25\1677\hotspot\src\share\vm\prims\jvm.cpp, line 1312]
Event: 3091.878 Thread 0x0000000021d51800 Exception <a 'java/security/PrivilegedActionException'> (0x00000000e2c15700) thrown at [D:\re\workspace\8-2-build-windows-amd64-cygwin\jdk8u25\1677\hotspot\src\share\vm\prims\jvm.cpp, line 1312]
Event: 3091.944 Thread 0x0000000021d51800 Exception <a 'java/security/PrivilegedActionException'> (0x00000000e2c27d50) thrown at [D:\re\workspace\8-2-build-windows-amd64-cygwin\jdk8u25\1677\hotspot\src\share\vm\prims\jvm.cpp, line 1312]
Event: 3091.957 Thread 0x0000000021d51800 Exception <a 'java/io/FileNotFoundException'> (0x00000000e2f86d80) thrown at [D:\re\workspace\8-2-build-windows-amd64-cygwin\jdk8u25\1677\hotspot\src\share\vm\prims\jni.cpp, line 716]

Events (10 events):
Event: 3091.946 Thread 0x000000001a620000 Thread exited: 0x000000001a620000
Event: 3091.947 Executing VM operation: BulkRevokeBias
Event: 3091.948 Executing VM operation: BulkRevokeBias done
Event: 3091.957 Executing VM operation: RevokeBias
Event: 3091.957 Executing VM operation: RevokeBias done
Event: 3091.958 Executing VM operation: RevokeBias
Event: 3091.959 Executing VM operation: RevokeBias done
Event: 3091.960 Thread 0x0000000021d51800 Thread exited: 0x0000000021d51800
Event: 3091.961 Thread 0x0000000019637000 flushing nmethod 0x0000000002bdde90
Event: 3091.963 Executing VM operation: Exit


Dynamic libraries:
0x00007ff709390000 - 0x00007ff7093c4000 	C:\Program Files\Java\jdk1.8.0_25\bin\java.exe
0x00007ffeb1330000 - 0x00007ffeb1525000 	C:\Windows\SYSTEM32\ntdll.dll
0x00007ffeb08c0000 - 0x00007ffeb097d000 	C:\Windows\System32\KERNEL32.DLL
0x00007ffeaecd0000 - 0x00007ffeaef98000 	C:\Windows\System32\KERNELBASE.dll
0x00007ffeaf440000 - 0x00007ffeaf4ec000 	C:\Windows\System32\ADVAPI32.dll
0x00007ffeaf3a0000 - 0x00007ffeaf43e000 	C:\Windows\System32\msvcrt.dll
0x00007ffeaf500000 - 0x00007ffeaf59b000 	C:\Windows\System32\sechost.dll
0x00007ffeb0c00000 - 0x00007ffeb0d2b000 	C:\Windows\System32\RPCRT4.dll
0x00007ffeb0a60000 - 0x00007ffeb0c00000 	C:\Windows\System32\USER32.dll
0x00007ffeaea70000 - 0x00007ffeaea92000 	C:\Windows\System32\win32u.dll
0x00007ffeaf5a0000 - 0x00007ffeaf5ca000 	C:\Windows\System32\GDI32.dll
0x00007ffeaf0a0000 - 0x00007ffeaf1ab000 	C:\Windows\System32\gdi32full.dll
0x00007ffeaf2f0000 - 0x00007ffeaf38d000 	C:\Windows\System32\msvcp_win.dll
0x00007ffeaefa0000 - 0x00007ffeaf0a0000 	C:\Windows\System32\ucrtbase.dll
0x00007ffe9dca0000 - 0x00007ffe9df3a000 	C:\Windows\WinSxS\amd64_microsoft.windows.common-controls_6595b64144ccf1df_6.0.19041.844_none_ca00b6081b84eb1d\COMCTL32.dll
0x00007ffeaff90000 - 0x00007ffeaffc0000 	C:\Windows\System32\IMM32.DLL
0x000000005ca30000 - 0x000000005cb02000 	C:\Program Files\Java\jdk1.8.0_25\jre\bin\msvcr100.dll
0x000000005b040000 - 0x000000005b89a000 	C:\Program Files\Java\jdk1.8.0_25\jre\bin\server\jvm.dll
0x00007ffeaf4f0000 - 0x00007ffeaf4f8000 	C:\Windows\System32\PSAPI.DLL
0x00007ffe9dc60000 - 0x00007ffe9dc87000 	C:\Windows\SYSTEM32\WINMM.dll
0x00007ffe94250000 - 0x00007ffe94259000 	C:\Windows\SYSTEM32\WSOCK32.dll
0x00007ffeaff20000 - 0x00007ffeaff8b000 	C:\Windows\System32\WS2_32.dll
0x000000005ca20000 - 0x000000005ca2f000 	C:\Program Files\Java\jdk1.8.0_25\jre\bin\verify.dll
0x000000005c9f0000 - 0x000000005ca18000 	C:\Program Files\Java\jdk1.8.0_25\jre\bin\java.dll
0x000000005c9d0000 - 0x000000005c9e6000 	C:\Program Files\Java\jdk1.8.0_25\jre\bin\zip.dll
0x00007ffeaffc0000 - 0x00007ffeb0702000 	C:\Windows\System32\SHELL32.dll
0x00007ffeaca70000 - 0x00007ffead201000 	C:\Windows\SYSTEM32\windows.storage.dll
0x00007ffeb0d30000 - 0x00007ffeb1085000 	C:\Windows\System32\combase.dll
0x00007ffeae410000 - 0x00007ffeae43c000 	C:\Windows\SYSTEM32\Wldp.dll
0x00007ffeafc10000 - 0x00007ffeafcbe000 	C:\Windows\System32\SHCORE.dll
0x00007ffeaf740000 - 0x00007ffeaf795000 	C:\Windows\System32\shlwapi.dll
0x00007ffeae9b0000 - 0x00007ffeae9cf000 	C:\Windows\SYSTEM32\profapi.dll
0x00007ffea7f10000 - 0x00007ffea7f1a000 	C:\Program Files (x86)\apache-maven-3.8.1\lib\jansi-native\windows64\jansi.dll
0x000000005c9c0000 - 0x000000005c9cd000 	C:\Program Files\Java\jdk1.8.0_25\jre\bin\management.dll
0x000000005c9a0000 - 0x000000005c9ba000 	C:\Program Files\Java\jdk1.8.0_25\jre\bin\net.dll
0x00007ffeae1f0000 - 0x00007ffeae25a000 	C:\Windows\system32\mswsock.dll
0x00007ffeadeb0000 - 0x00007ffeadeeb000 	C:\Windows\SYSTEM32\IPHLPAPI.DLL
0x00007ffeaf390000 - 0x00007ffeaf398000 	C:\Windows\System32\NSI.dll
0x00007ffea5860000 - 0x00007ffea5877000 	C:\Windows\SYSTEM32\dhcpcsvc6.DLL
0x00007ffea55c0000 - 0x00007ffea55dd000 	C:\Windows\SYSTEM32\dhcpcsvc.DLL
0x00007ffeadef0000 - 0x00007ffeadfbc000 	C:\Windows\SYSTEM32\DNSAPI.dll
0x000000005c970000 - 0x000000005c994000 	C:\Program Files\Java\jdk1.8.0_25\jre\bin\sunec.dll
0x00007ffeae450000 - 0x00007ffeae468000 	C:\Windows\SYSTEM32\CRYPTSP.dll
0x00007ffeadb40000 - 0x00007ffeadb74000 	C:\Windows\system32\rsaenh.dll
0x00007ffeaf1b0000 - 0x00007ffeaf1d7000 	C:\Windows\System32\bcrypt.dll
0x00007ffeae970000 - 0x00007ffeae99e000 	C:\Windows\SYSTEM32\USERENV.dll
0x00007ffeaeaa0000 - 0x00007ffeaeb20000 	C:\Windows\System32\bcryptprimitives.dll
0x00007ffeae370000 - 0x00007ffeae37c000 	C:\Windows\SYSTEM32\CRYPTBASE.dll
0x000000005c950000 - 0x000000005c961000 	C:\Program Files\Java\jdk1.8.0_25\jre\bin\nio.dll
0x00007ffe96030000 - 0x00007ffe96047000 	C:\Windows\system32\napinsp.dll
0x00007ffe7fbf0000 - 0x00007ffe7fc0b000 	C:\Windows\system32\pnrpnsp.dll
0x00007ffea8e10000 - 0x00007ffea8e25000 	C:\Windows\system32\wshbth.dll
0x00007ffea9990000 - 0x00007ffea99ad000 	C:\Windows\system32\NLAapi.dll
0x00007ffe7fbd0000 - 0x00007ffe7fbe2000 	C:\Windows\System32\winrnr.dll
0x00007ffea6e00000 - 0x00007ffea6e0a000 	C:\Windows\System32\rasadhlp.dll
0x00007ffea3090000 - 0x00007ffea310f000 	C:\Windows\System32\fwpuclnt.dll
0x000000005c7b0000 - 0x000000005c948000 	C:\Program Files\Java\jdk1.8.0_25\jre\bin\awt.dll
0x00007ffeb0980000 - 0x00007ffeb0a4d000 	C:\Windows\System32\OLEAUT32.dll
0x00007ffeab320000 - 0x00007ffeab3b0000 	C:\Windows\SYSTEM32\apphelp.dll
0x00007ffeab450000 - 0x00007ffeab4ee000 	C:\Windows\system32\uxtheme.dll
0x00007ffeafe00000 - 0x00007ffeaff15000 	C:\Windows\System32\MSCTF.dll
0x00007ffeb0730000 - 0x00007ffeb085a000 	C:\Windows\System32\ole32.dll
0x00007ffead350000 - 0x00007ffead362000 	C:\Windows\SYSTEM32\kernel.appcore.dll
0x00007ffeac2f0000 - 0x00007ffeac31f000 	C:\Windows\system32\DWMAPI.DLL
0x00007ffeaec80000 - 0x00007ffeaecce000 	C:\Windows\System32\cfgmgr32.dll
0x00007ffea17e0000 - 0x00007ffea1987000 	C:\Windows\System32\DriverStore\FileRepository\iigd_dch.inf_amd64_24db536432518c37\igdgmm64.dll
0x00007ffe9eee0000 - 0x00007ffea17ca000 	C:\Windows\System32\DriverStore\FileRepository\iigd_dch.inf_amd64_24db536432518c37\igc64.dll
0x00007ffea34e0000 - 0x00007ffea351b000 	C:\Windows\SYSTEM32\dxcore.dll
0x000000005c760000 - 0x000000005c7a7000 	C:\Program Files\Java\jdk1.8.0_25\jre\bin\fontmanager.dll
0x000000005c710000 - 0x000000005c751000 	C:\Program Files\Java\jdk1.8.0_25\jre\bin\t2k.dll
0x00007ffe9bbc0000 - 0x00007ffe9bcb9000 	C:\Windows\SYSTEM32\textinputframework.dll
0x00007ffeaad90000 - 0x00007ffeab0ee000 	C:\Windows\System32\CoreUIComponents.dll
0x00007ffeab0f0000 - 0x00007ffeab1e2000 	C:\Windows\System32\CoreMessaging.dll
0x00007ffead770000 - 0x00007ffead7a3000 	C:\Windows\SYSTEM32\ntmarta.dll
0x00007ffeab6b0000 - 0x00007ffeab804000 	C:\Windows\SYSTEM32\wintypes.dll
0x00007ffe77c40000 - 0x00007ffe77e12000 	W:\home\nico\Workspaces\factory-wild\Virtual_Factory\java-project\jmonkey-ld-master\bulletjme.dll
0x0000000180000000 - 0x0000000180064000 	W:\home\nico\Workspaces\factory-wild\Virtual_Factory\java-project\jmonkey-ld-master\OpenAL64.dll
0x000000001f6a0000 - 0x000000001f6f3000 	W:\home\nico\Workspaces\factory-wild\Virtual_Factory\java-project\jmonkey-ld-master\lwjgl64.dll
0x00007ffe7ec50000 - 0x00007ffe7ed76000 	C:\Windows\SYSTEM32\OPENGL32.dll
0x00007ffea6ec0000 - 0x00007ffea6eca000 	C:\Windows\SYSTEM32\VERSION.dll
0x00007ffe7ec20000 - 0x00007ffe7ec4c000 	C:\Windows\SYSTEM32\GLU32.dll
0x00007ffea86a0000 - 0x00007ffea874e000 	C:\Windows\SYSTEM32\mscms.dll
0x00007ffea84d0000 - 0x00007ffea84e1000 	C:\Windows\SYSTEM32\ColorAdapterClient.dll
0x00007ffeb1090000 - 0x00007ffeb1139000 	C:\Windows\System32\clbcatq.dll
0x00007ffea7000000 - 0x00007ffea70f9000 	C:\Windows\System32\AppXDeploymentClient.dll
0x00007ffe63f50000 - 0x00007ffe64e9a000 	C:\Windows\System32\DriverStore\FileRepository\iigd_dch.inf_amd64_24db536432518c37\ig9icd64.dll
0x00007ffead370000 - 0x00007ffead463000 	C:\Windows\system32\dxgi.dll
0x00007ffeae020000 - 0x00007ffeae06b000 	C:\Windows\SYSTEM32\powrprof.dll
0x00007ffeade90000 - 0x00007ffeadea2000 	C:\Windows\SYSTEM32\UMPDC.dll
0x00007ffe9cdb0000 - 0x00007ffe9cdf3000 	C:\Windows\SYSTEM32\icm32.dll
0x00007ffe63b50000 - 0x00007ffe63f41000 	C:\Windows\System32\DriverStore\FileRepository\iigd_dch.inf_amd64_24db536432518c37\igdml64.dll
0x00007ffea71b0000 - 0x00007ffea7235000 	C:\Windows\System32\MMDevApi.dll
0x00007ffeae840000 - 0x00007ffeae86c000 	C:\Windows\System32\DEVOBJ.dll
0x00007ffe74260000 - 0x00007ffe742fc000 	C:\Windows\SYSTEM32\dsound.dll
0x00007ffe93c20000 - 0x00007ffe93c46000 	C:\Windows\SYSTEM32\winmmbase.dll
0x00007ffea7470000 - 0x00007ffea75f1000 	C:\Windows\SYSTEM32\AUDIOSES.DLL
0x00007ffeac200000 - 0x00007ffeac214000 	C:\Windows\SYSTEM32\resourcepolicyclient.dll
0x00007ffeac880000 - 0x00007ffeaca64000 	C:\Windows\SYSTEM32\dbghelp.dll

VM Arguments:
jvm_args: -Dclassworlds.conf=C:\Program Files (x86)\apache-maven-3.8.1\bin\..\bin\m2.conf -Dmaven.home=C:\Program Files (x86)\apache-maven-3.8.1\bin\.. -Dlibrary.jansi.path=C:\Program Files (x86)\apache-maven-3.8.1\bin\..\lib\jansi-native -Dmaven.multiModuleProjectDirectory=W:\home\nico\Workspaces\factory-wild\Virtual_Factory\java-project\jmonkey-ld-master 
java_command: org.codehaus.plexus.classworlds.launcher.Launcher jetty:run
java_class_path (initial): C:\Program Files (x86)\apache-maven-3.8.1\bin\..\boot\plexus-classworlds-2.6.0.jar
Launcher Type: SUN_STANDARD

Environment Variables:
PATH=C:\Windows\system32;C:\Windows;C:\Windows\System32\Wbem;C:\Windows\System32\WindowsPowerShell\v1.0\;C:\Windows\System32\OpenSSH\;C:\Program Files\Intel\WiFi\bin\;C:\Program Files\Common Files\Intel\WirelessCommon\;C:\gwprog\putty\;C:\Program Files\Docker\Docker\resources\bin;C:\ProgramData\DockerDesktop\version-bin;C:\Users\gnlpf\AppData\Local\Microsoft\WindowsApps;C:\Users\gnlpf\AppData\Local\Programs\Microsoft VS Code\bin;C:\Program Files\Java\jdk1.8.0_25\bin;C:\Program Files (x86)\apache-maven-3.8.1\bin;C:\linked-data-fu-0.9.13-pr.0\bin
USERNAME=gnlpf
OS=Windows_NT
PROCESSOR_IDENTIFIER=Intel64 Family 6 Model 142 Stepping 10, GenuineIntel



---------------  S Y S T E M  ---------------

OS: Windows 8.1 , 64 bit Build 9600 

CPU:total 8 (4 cores per cpu, 2 threads per core) family 6 model 142 stepping 10, cmov, cx8, fxsr, mmx, sse, sse2, sse3, ssse3, sse4.1, sse4.2, popcnt, avx, avx2, aes, clmul, erms, lzcnt, ht, tsc, tscinvbit, bmi1, bmi2

Memory: 4k page, physical 8280788k(1779836k free), swap 13523668k(4327364k free)

vm_info: Java HotSpot(TM) 64-Bit Server VM (25.25-b02) for windows-amd64 JRE (1.8.0_25-b18), built on Oct  7 2014 14:25:37 by "java_re" with MS VC++ 10.0 (VS2010)

time: Sun Apr 25 13:10:01 2021
elapsed time: 3093 seconds (0d 0h 51m 33s)

