#
# A fatal error has been detected by the Java Runtime Environment:
#
#  EXCEPTION_ACCESS_VIOLATION (0xc0000005) at pc=0x00007ffeed181d5b, pid=10116, tid=3332
#
# JRE version: Java(TM) SE Runtime Environment (8.0_25-b18) (build 1.8.0_25-b18)
# Java VM: Java HotSpot(TM) 64-Bit Server VM (25.25-b02 mixed mode windows-amd64 compressed oops)
# Problematic frame:
# C  [ig9icd64.dll+0x6b1d5b]
#
# Failed to write core dump. Minidumps are not enabled by default on client versions of Windows
#
# If you would like to submit a bug report, please visit:
#   http://bugreport.sun.com/bugreport/crash.jsp
#

---------------  T H R E A D  ---------------

Current thread (0x0000000017f18000):  VMThread [stack: 0x0000000019c00000,0x0000000019d00000] [id=3332]

siginfo: ExceptionCode=0xc0000005, reading address 0x0000000000000018

Registers:
RAX=0x0000000000000000, RBX=0x0000000035f79040, RCX=0x0000000000000000, RDX=0x0000000035f79040
RSP=0x0000000019cfef70, RBP=0x0000000000000000, RSI=0x0000000035f79040, RDI=0x0000000000000000
R8 =0x00000000013f1500, R9 =0x0000000000000001, R10=0x0000000000008000, R11=0x0000000019cfee70
R12=0x0000000000000001, R13=0x0000000002d11658, R14=0x0000000000000000, R15=0x0000000000000004
RIP=0x00007ffeed181d5b, EFLAGS=0x0000000000010202

Top of Stack: (sp=0x0000000019cfef70)
0x0000000019cfef70:   0000000002625a00 0000000403dc9d8a
0x0000000019cfef80:   00000000324fb260 00000000323583a0
0x0000000019cfef90:   0000000000000004 0000000000000000
0x0000000019cfefa0:   0000000000000001 0000000035f79040
0x0000000019cfefb0:   0000000000000000 00007ffeed0f155d
0x0000000019cfefc0:   00000000323583a0 0000000035f79040
0x0000000019cfefd0:   0000000035f79040 0000000035f79040
0x0000000019cfefe0:   0000000000000001 00007fff35c40000
0x0000000019cfeff0:   0000000000000001 00007ffeecad0000
0x0000000019cff000:   0000000002d11658 00007ffeecfc1250
0x0000000019cff010:   0000000000000000 00007ffeed0f15ed
0x0000000019cff020:   00007fff35c5d920 0000000035f79040
0x0000000019cff030:   0000000017da56d0 0000000000000001
0x0000000019cff040:   0000000000000000 00007ffeed011211
0x0000000019cff050:   0000000000000001 0000000000000d04
0x0000000019cff060:   00007fff35c5d920 0000000000000001 

Instructions: (pc=0x00007ffeed181d5b)
0x00007ffeed181d3b:   5f c3 cc cc cc cc cc cc cc cc cc cc cc cc cc cc
0x00007ffeed181d4b:   cc cc cc cc cc 40 55 56 41 54 41 56 48 83 ec 28
0x00007ffeed181d5b:   48 8b 71 18 45 33 e4 48 8b ea 4c 8b f1 48 85 f6
0x00007ffeed181d6b:   0f 84 87 02 00 00 48 89 5c 24 58 48 89 7c 24 60 


Register to memory mapping:

RAX=0x0000000000000000 is an unknown value
RBX=0x0000000035f79040 is an unknown value
RCX=0x0000000000000000 is an unknown value
RDX=0x0000000035f79040 is an unknown value
RSP=0x0000000019cfef70 is an unknown value
RBP=0x0000000000000000 is an unknown value
RSI=0x0000000035f79040 is an unknown value
RDI=0x0000000000000000 is an unknown value
R8 =0x00000000013f1500 is an unknown value
R9 =0x0000000000000001 is an unknown value
R10=0x0000000000008000 is an unknown value
R11=0x0000000019cfee70 is an unknown value
R12=0x0000000000000001 is an unknown value
R13=0x0000000002d11658 is an unknown value
R14=0x0000000000000000 is an unknown value
R15=0x0000000000000004 is an unknown value


Stack: [0x0000000019c00000,0x0000000019d00000],  sp=0x0000000019cfef70,  free space=1019k
Native frames: (J=compiled Java code, j=interpreted, Vv=VM code, C=native code)

VM_Operation (0x00000000012ef290): Exit, mode: safepoint, requested by thread 0x000000002c41c000


---------------  P R O C E S S  ---------------

Java Threads: ( => current thread )
  0x000000002c41f000 JavaThread "AWT-Shutdown" [_thread_blocked, id=13232, stack(0x00000000012f0000,0x00000000013f0000)]
  0x000000002c41c000 JavaThread "SIGINT handler" daemon [_thread_blocked, id=6196, stack(0x00000000011f0000,0x00000000012f0000)]
  0x000000002c418800 JavaThread "LWJGL Timer" daemon [_thread_blocked, id=11976, stack(0x0000000048f90000,0x0000000049090000)]
  0x000000002c417800 JavaThread "jME3 Audio Decoder" daemon [_thread_blocked, id=14932, stack(0x000000002d820000,0x000000002d920000)]
  0x000000002c41a800 JavaThread "jME3 Main" [_thread_in_native, id=8364, stack(0x000000001daa0000,0x000000001dba0000)]
  0x000000002c41a000 JavaThread "TimerQueue" daemon [_thread_blocked, id=1136, stack(0x00000000351a0000,0x00000000352a0000)]
  0x000000002c414000 JavaThread "Java2D Disposer" daemon [_thread_blocked, id=15344, stack(0x000000002d130000,0x000000002d230000)]
  0x0000000019fb9000 JavaThread "Service Thread" daemon [_thread_blocked, id=15892, stack(0x000000001a900000,0x000000001aa00000)]
  0x0000000019f33000 JavaThread "C1 CompilerThread3" daemon [_thread_blocked, id=4376, stack(0x000000001a800000,0x000000001a900000)]
  0x0000000019f2f800 JavaThread "C2 CompilerThread2" daemon [_thread_blocked, id=8764, stack(0x000000001a700000,0x000000001a800000)]
  0x0000000019f2e000 JavaThread "C2 CompilerThread1" daemon [_thread_blocked, id=15988, stack(0x000000001a600000,0x000000001a700000)]
  0x0000000019f26000 JavaThread "C2 CompilerThread0" daemon [_thread_blocked, id=3840, stack(0x000000001a500000,0x000000001a600000)]
  0x0000000019f24000 JavaThread "Attach Listener" daemon [_thread_blocked, id=12784, stack(0x000000001a400000,0x000000001a500000)]
  0x0000000019f23000 JavaThread "Signal Dispatcher" daemon [_thread_blocked, id=16184, stack(0x000000001a300000,0x000000001a400000)]
  0x0000000017f1c000 JavaThread "Finalizer" daemon [_thread_blocked, id=1164, stack(0x0000000019e00000,0x0000000019f00000)]
  0x0000000002f83800 JavaThread "Reference Handler" daemon [_thread_blocked, id=4300, stack(0x0000000019d00000,0x0000000019e00000)]
  0x0000000002d1e000 JavaThread "main" [_thread_blocked, id=1752, stack(0x0000000002d90000,0x0000000002e90000)]

Other Threads:
=>0x0000000017f18000 VMThread [stack: 0x0000000019c00000,0x0000000019d00000] [id=3332]

VM state:at safepoint (shutting down)

VM Mutex/Monitor currently owned by a thread:  ([mutex/lock_event])
[0x0000000002d1d6b0] Threads_lock - owner thread: 0x0000000017f18000

Heap:
 PSYoungGen      total 258048K, used 103129K [0x00000000d5e00000, 0x00000000e8080000, 0x0000000100000000)
  eden space 224768K, 45% used [0x00000000d5e00000,0x00000000dc2b65d8,0x00000000e3980000)
  from space 33280K, 0% used [0x00000000e5f00000,0x00000000e5f00000,0x00000000e7f80000)
  to   space 36352K, 0% used [0x00000000e3980000,0x00000000e3980000,0x00000000e5d00000)
 ParOldGen       total 63488K, used 57684K [0x0000000081a00000, 0x0000000085800000, 0x00000000d5e00000)
  object space 63488K, 90% used [0x0000000081a00000,0x0000000085255148,0x0000000085800000)
 Metaspace       used 40261K, capacity 41039K, committed 41216K, reserved 1085440K
  class space    used 4620K, capacity 4847K, committed 4864K, reserved 1048576K

Card table byte_map: [0x0000000012350000,0x0000000012750000] byte_map_base: 0x0000000011f43000

Marking Bits: (ParMarkBitMap*) 0x0000000050d0d490
 Begin Bits: [0x0000000013200000, 0x0000000015198000)
 End Bits:   [0x0000000015198000, 0x0000000017130000)

Polling page: 0x00000000014b0000

CodeCache: size=245760Kb used=20402Kb max_used=20450Kb free=225357Kb
 bounds [0x0000000002f90000, 0x00000000043c0000, 0x0000000011f90000]
 total_blobs=6843 nmethods=6104 adapters=651
 compilation: enabled

Compilation events (10 events):
Event: 568.554 Thread 0x0000000019f33000 6934       3       java.util.Collections$3::hasMoreElements (10 bytes)
Event: 568.554 Thread 0x0000000019f33000 nmethod 6934 0x0000000003404ed0 code [0x0000000003405040, 0x0000000003405268]
Event: 568.556 Thread 0x0000000019f26000 6936       4       java.util.HashMap::removeNode (291 bytes)
Event: 568.556 Thread 0x0000000019f2f800 6935       4       java.util.HashMap::remove (26 bytes)
Event: 568.556 Thread 0x0000000019f33000 6937       3       com.jme3.util.NativeObject::setUpdateNeeded (6 bytes)
Event: 568.556 Thread 0x0000000019f33000 nmethod 6937 0x00000000032bc010 code [0x00000000032bc160, 0x00000000032bc2b0]
Event: 568.557 Thread 0x0000000019f33000 6938       3       java.lang.Long::equals (30 bytes)
Event: 568.557 Thread 0x0000000019f33000 nmethod 6938 0x0000000003b5c410 code [0x0000000003b5c580, 0x0000000003b5ca50]
Event: 568.589 Thread 0x0000000019f26000 nmethod 6936 0x0000000003614b50 code [0x0000000003614ce0, 0x00000000036154b8]
Event: 568.590 Thread 0x0000000019f2f800 nmethod 6935 0x00000000034e6590 code [0x00000000034e6720, 0x00000000034e6d98]

GC Heap History (10 events):
Event: 4.896 GC heap before
{Heap before GC invocations=9 (full 1):
 PSYoungGen      total 142848K, used 131584K [0x00000000d5e00000, 0x00000000e7400000, 0x0000000100000000)
  eden space 131584K, 100% used [0x00000000d5e00000,0x00000000dde80000,0x00000000dde80000)
  from space 11264K, 0% used [0x00000000dde80000,0x00000000dde80000,0x00000000de980000)
  to   space 10752K, 0% used [0x00000000e6980000,0x00000000e6980000,0x00000000e7400000)
 ParOldGen       total 63488K, used 12315K [0x0000000081a00000, 0x0000000085800000, 0x00000000d5e00000)
  object space 63488K, 19% used [0x0000000081a00000,0x0000000082606d20,0x0000000085800000)
 Metaspace       used 20832K, capacity 21432K, committed 21504K, reserved 1069056K
  class space    used 2377K, capacity 2520K, committed 2560K, reserved 1048576K
Event: 4.938 GC heap after
Heap after GC invocations=9 (full 1):
 PSYoungGen      total 235520K, used 10730K [0x00000000d5e00000, 0x00000000e7400000, 0x0000000100000000)
  eden space 224768K, 0% used [0x00000000d5e00000,0x00000000d5e00000,0x00000000e3980000)
  from space 10752K, 99% used [0x00000000e6980000,0x00000000e73fab40,0x00000000e7400000)
  to   space 21504K, 0% used [0x00000000e4a00000,0x00000000e4a00000,0x00000000e5f00000)
 ParOldGen       total 63488K, used 34856K [0x0000000081a00000, 0x0000000085800000, 0x00000000d5e00000)
  object space 63488K, 54% used [0x0000000081a00000,0x0000000083c0a190,0x0000000085800000)
 Metaspace       used 20832K, capacity 21432K, committed 21504K, reserved 1069056K
  class space    used 2377K, capacity 2520K, committed 2560K, reserved 1048576K
}
Event: 16.229 GC heap before
{Heap before GC invocations=10 (full 1):
 PSYoungGen      total 235520K, used 193679K [0x00000000d5e00000, 0x00000000e7400000, 0x0000000100000000)
  eden space 224768K, 81% used [0x00000000d5e00000,0x00000000e10a93f0,0x00000000e3980000)
  from space 10752K, 99% used [0x00000000e6980000,0x00000000e73fab40,0x00000000e7400000)
  to   space 21504K, 0% used [0x00000000e4a00000,0x00000000e4a00000,0x00000000e5f00000)
 ParOldGen       total 63488K, used 34856K [0x0000000081a00000, 0x0000000085800000, 0x00000000d5e00000)
  object space 63488K, 54% used [0x0000000081a00000,0x0000000083c0a190,0x0000000085800000)
 Metaspace       used 34338K, capacity 35038K, committed 35328K, reserved 1081344K
  class space    used 4123K, capacity 4338K, committed 4352K, reserved 1048576K
Event: 16.350 GC heap after
Heap after GC invocations=10 (full 1):
 PSYoungGen      total 246272K, used 21476K [0x00000000d5e00000, 0x00000000e7f80000, 0x0000000100000000)
  eden space 224768K, 0% used [0x00000000d5e00000,0x00000000d5e00000,0x00000000e3980000)
  from space 21504K, 99% used [0x00000000e4a00000,0x00000000e5ef92c0,0x00000000e5f00000)
  to   space 33280K, 0% used [0x00000000e5f00000,0x00000000e5f00000,0x00000000e7f80000)
 ParOldGen       total 63488K, used 61911K [0x0000000081a00000, 0x0000000085800000, 0x00000000d5e00000)
  object space 63488K, 97% used [0x0000000081a00000,0x0000000085675cf0,0x0000000085800000)
 Metaspace       used 34338K, capacity 35038K, committed 35328K, reserved 1081344K
  class space    used 4123K, capacity 4338K, committed 4352K, reserved 1048576K
}
Event: 16.350 GC heap before
{Heap before GC invocations=11 (full 2):
 PSYoungGen      total 246272K, used 21476K [0x00000000d5e00000, 0x00000000e7f80000, 0x0000000100000000)
  eden space 224768K, 0% used [0x00000000d5e00000,0x00000000d5e00000,0x00000000e3980000)
  from space 21504K, 99% used [0x00000000e4a00000,0x00000000e5ef92c0,0x00000000e5f00000)
  to   space 33280K, 0% used [0x00000000e5f00000,0x00000000e5f00000,0x00000000e7f80000)
 ParOldGen       total 63488K, used 61911K [0x0000000081a00000, 0x0000000085800000, 0x00000000d5e00000)
  object space 63488K, 97% used [0x0000000081a00000,0x0000000085675cf0,0x0000000085800000)
 Metaspace       used 34338K, capacity 35038K, committed 35328K, reserved 1081344K
  class space    used 4123K, capacity 4338K, committed 4352K, reserved 1048576K
Event: 16.559 GC heap after
Heap after GC invocations=11 (full 2):
 PSYoungGen      total 246272K, used 0K [0x00000000d5e00000, 0x00000000e7f80000, 0x0000000100000000)
  eden space 224768K, 0% used [0x00000000d5e00000,0x00000000d5e00000,0x00000000e3980000)
  from space 21504K, 0% used [0x00000000e4a00000,0x00000000e4a00000,0x00000000e5f00000)
  to   space 33280K, 0% used [0x00000000e5f00000,0x00000000e5f00000,0x00000000e7f80000)
 ParOldGen       total 63488K, used 57684K [0x0000000081a00000, 0x0000000085800000, 0x00000000d5e00000)
  object space 63488K, 90% used [0x0000000081a00000,0x00000000852550a0,0x0000000085800000)
 Metaspace       used 34336K, capacity 35036K, committed 35328K, reserved 1081344K
  class space    used 4122K, capacity 4337K, committed 4352K, reserved 1048576K
}
Event: 16.559 GC heap before
{Heap before GC invocations=12 (full 2):
 PSYoungGen      total 246272K, used 2900K [0x00000000d5e00000, 0x00000000e7f80000, 0x0000000100000000)
  eden space 224768K, 1% used [0x00000000d5e00000,0x00000000d60d53f0,0x00000000e3980000)
  from space 21504K, 0% used [0x00000000e4a00000,0x00000000e4a00000,0x00000000e5f00000)
  to   space 33280K, 0% used [0x00000000e5f00000,0x00000000e5f00000,0x00000000e7f80000)
 ParOldGen       total 63488K, used 57684K [0x0000000081a00000, 0x0000000085800000, 0x00000000d5e00000)
  object space 63488K, 90% used [0x0000000081a00000,0x00000000852550a0,0x0000000085800000)
 Metaspace       used 34336K, capacity 35036K, committed 35328K, reserved 1081344K
  class space    used 4122K, capacity 4337K, committed 4352K, reserved 1048576K
Event: 16.561 GC heap after
Heap after GC invocations=12 (full 2):
 PSYoungGen      total 258048K, used 160K [0x00000000d5e00000, 0x00000000e8080000, 0x0000000100000000)
  eden space 224768K, 0% used [0x00000000d5e00000,0x00000000d5e00000,0x00000000e3980000)
  from space 33280K, 0% used [0x00000000e5f00000,0x00000000e5f28000,0x00000000e7f80000)
  to   space 36352K, 0% used [0x00000000e3980000,0x00000000e3980000,0x00000000e5d00000)
 ParOldGen       total 63488K, used 57684K [0x0000000081a00000, 0x0000000085800000, 0x00000000d5e00000)
  object space 63488K, 90% used [0x0000000081a00000,0x00000000852550a0,0x0000000085800000)
 Metaspace       used 34336K, capacity 35036K, committed 35328K, reserved 1081344K
  class space    used 4122K, capacity 4337K, committed 4352K, reserved 1048576K
}
Event: 16.561 GC heap before
{Heap before GC invocations=13 (full 3):
 PSYoungGen      total 258048K, used 160K [0x00000000d5e00000, 0x00000000e8080000, 0x0000000100000000)
  eden space 224768K, 0% used [0x00000000d5e00000,0x00000000d5e00000,0x00000000e3980000)
  from space 33280K, 0% used [0x00000000e5f00000,0x00000000e5f28000,0x00000000e7f80000)
  to   space 36352K, 0% used [0x00000000e3980000,0x00000000e3980000,0x00000000e5d00000)
 ParOldGen       total 63488K, used 57684K [0x0000000081a00000, 0x0000000085800000, 0x00000000d5e00000)
  object space 63488K, 90% used [0x0000000081a00000,0x00000000852550a0,0x0000000085800000)
 Metaspace       used 34336K, capacity 35036K, committed 35328K, reserved 1081344K
  class space    used 4122K, capacity 4337K, committed 4352K, reserved 1048576K
Event: 16.635 GC heap after
Heap after GC invocations=13 (full 3):
 PSYoungGen      total 258048K, used 0K [0x00000000d5e00000, 0x00000000e8080000, 0x0000000100000000)
  eden space 224768K, 0% used [0x00000000d5e00000,0x00000000d5e00000,0x00000000e3980000)
  from space 33280K, 0% used [0x00000000e5f00000,0x00000000e5f00000,0x00000000e7f80000)
  to   space 36352K, 0% used [0x00000000e3980000,0x00000000e3980000,0x00000000e5d00000)
 ParOldGen       total 63488K, used 57684K [0x0000000081a00000, 0x0000000085800000, 0x00000000d5e00000)
  object space 63488K, 90% used [0x0000000081a00000,0x0000000085255148,0x0000000085800000)
 Metaspace       used 34336K, capacity 35036K, committed 35328K, reserved 1081344K
  class space    used 4122K, capacity 4337K, committed 4352K, reserved 1048576K
}

Deoptimization events (10 events):
Event: 568.553 Thread 0x000000002c417000 Uncommon trap: reason=unreached action=reinterpret pc=0x000000000315c4e8 method=java.util.concurrent.ConcurrentHashMap$Traverser.advance()Ljava/util/concurrent/ConcurrentHashMap$Node; @ 15
Event: 568.553 Thread 0x000000002c417000 Uncommon trap: reason=unreached action=reinterpret pc=0x0000000003d53a50 method=java.util.concurrent.ConcurrentHashMap$BaseIterator.hasNext()Z @ 4
Event: 568.555 Thread 0x000000002c41a800 Uncommon trap: reason=class_check action=maybe_recompile pc=0x00000000032dd0b4 method=java.util.HashMap.removeNode(ILjava/lang/Object;Ljava/lang/Object;ZZ)Ljava/util/HashMap$Node; @ 68
Event: 568.555 Thread 0x000000002c41a800 Uncommon trap: reason=class_check action=maybe_recompile pc=0x00000000032dd0b4 method=java.util.HashMap.removeNode(ILjava/lang/Object;Ljava/lang/Object;ZZ)Ljava/util/HashMap$Node; @ 68
Event: 568.555 Thread 0x000000002c41a800 Uncommon trap: reason=class_check action=maybe_recompile pc=0x00000000032dd0b4 method=java.util.HashMap.removeNode(ILjava/lang/Object;Ljava/lang/Object;ZZ)Ljava/util/HashMap$Node; @ 68
Event: 568.556 Thread 0x000000002c41a800 Uncommon trap: reason=class_check action=maybe_recompile pc=0x00000000032dd0b4 method=java.util.HashMap.removeNode(ILjava/lang/Object;Ljava/lang/Object;ZZ)Ljava/util/HashMap$Node; @ 68
Event: 568.556 Thread 0x000000002c41a800 Uncommon trap: reason=class_check action=maybe_recompile pc=0x0000000003f0928c method=java.util.HashMap.removeNode(ILjava/lang/Object;Ljava/lang/Object;ZZ)Ljava/util/HashMap$Node; @ 68
Event: 568.764 Thread 0x000000002c417000 Uncommon trap: reason=class_check action=maybe_recompile pc=0x000000000406f4cc method=java.io.FilterInputStream.read([B)I @ 5
Event: 568.765 Thread 0x000000002c417000 Uncommon trap: reason=class_check action=maybe_recompile pc=0x000000000406f4cc method=java.io.FilterInputStream.read([B)I @ 5
Event: 568.765 Thread 0x000000002c417000 Uncommon trap: reason=class_check action=maybe_recompile pc=0x000000000406f4cc method=java.io.FilterInputStream.read([B)I @ 5

Internal exceptions (10 events):
Event: 568.035 Thread 0x000000002c417000 Exception <a 'java/security/PrivilegedActionException'> (0x00000000dc147010) thrown at [D:\re\workspace\8-2-build-windows-amd64-cygwin\jdk8u25\1677\hotspot\src\share\vm\prims\jvm.cpp, line 1312]
Event: 568.036 Thread 0x000000002c417000 Exception <a 'java/security/PrivilegedActionException'> (0x00000000dc14b098) thrown at [D:\re\workspace\8-2-build-windows-amd64-cygwin\jdk8u25\1677\hotspot\src\share\vm\prims\jvm.cpp, line 1312]
Event: 568.543 Thread 0x000000002c417000 Exception <a 'java/security/PrivilegedActionException'> (0x00000000dc157268) thrown at [D:\re\workspace\8-2-build-windows-amd64-cygwin\jdk8u25\1677\hotspot\src\share\vm\prims\jvm.cpp, line 1312]
Event: 568.548 Thread 0x000000002c417000 Exception <a 'java/security/PrivilegedActionException'> (0x00000000dc160ff8) thrown at [D:\re\workspace\8-2-build-windows-amd64-cygwin\jdk8u25\1677\hotspot\src\share\vm\prims\jvm.cpp, line 1312]
Event: 568.551 Thread 0x000000002c417000 Exception <a 'java/security/PrivilegedActionException'> (0x00000000dc1740d8) thrown at [D:\re\workspace\8-2-build-windows-amd64-cygwin\jdk8u25\1677\hotspot\src\share\vm\prims\jvm.cpp, line 1312]
Event: 568.551 Thread 0x000000002c417000 Exception <a 'java/security/PrivilegedActionException'> (0x00000000dc179f48) thrown at [D:\re\workspace\8-2-build-windows-amd64-cygwin\jdk8u25\1677\hotspot\src\share\vm\prims\jvm.cpp, line 1312]
Event: 568.552 Thread 0x000000002c417000 Exception <a 'java/security/PrivilegedActionException'> (0x00000000dc17ed88) thrown at [D:\re\workspace\8-2-build-windows-amd64-cygwin\jdk8u25\1677\hotspot\src\share\vm\prims\jvm.cpp, line 1312]
Event: 568.553 Thread 0x000000002c417000 Exception <a 'java/security/PrivilegedActionException'> (0x00000000dc1852f0) thrown at [D:\re\workspace\8-2-build-windows-amd64-cygwin\jdk8u25\1677\hotspot\src\share\vm\prims\jvm.cpp, line 1312]
Event: 568.755 Thread 0x000000002c417000 Exception <a 'java/security/PrivilegedActionException'> (0x00000000dc1976c0) thrown at [D:\re\workspace\8-2-build-windows-amd64-cygwin\jdk8u25\1677\hotspot\src\share\vm\prims\jvm.cpp, line 1312]
Event: 568.766 Thread 0x000000002c417000 Exception <a 'java/io/FileNotFoundException'> (0x00000000dc1a5990) thrown at [D:\re\workspace\8-2-build-windows-amd64-cygwin\jdk8u25\1677\hotspot\src\share\vm\prims\jni.cpp, line 716]

Events (10 events):
Event: 568.764 Thread 0x000000002c417000 DEOPT PACKING pc=0x000000000406f4cc sp=0x000000003389e8f0
Event: 568.764 Thread 0x000000002c417000 DEOPT UNPACKING pc=0x0000000002fd556a sp=0x000000003389e870 mode 2
Event: 568.764 Thread 0x000000002c417000 Uncommon trap: trap_request=0xffffffde fr.pc=0x000000000406f4cc
Event: 568.765 Thread 0x000000002c417000 DEOPT PACKING pc=0x000000000406f4cc sp=0x000000003389e8f0
Event: 568.765 Thread 0x000000002c417000 DEOPT UNPACKING pc=0x0000000002fd556a sp=0x000000003389e870 mode 2
Event: 568.765 Thread 0x000000002c417000 Uncommon trap: trap_request=0xffffffde fr.pc=0x000000000406f4cc
Event: 568.765 Thread 0x000000002c417000 DEOPT PACKING pc=0x000000000406f4cc sp=0x000000003389e8f0
Event: 568.765 Thread 0x000000002c417000 DEOPT UNPACKING pc=0x0000000002fd556a sp=0x000000003389e870 mode 2
Event: 568.769 Thread 0x000000002c417000 Thread exited: 0x000000002c417000
Event: 568.777 Executing VM operation: Exit


Dynamic libraries:
0x00007ff6f06b0000 - 0x00007ff6f06e4000 	C:\Program Files\Java\jdk1.8.0_25\bin\java.exe
0x00007fff38f50000 - 0x00007fff39145000 	C:\Windows\SYSTEM32\ntdll.dll
0x00007fff38160000 - 0x00007fff3821d000 	C:\Windows\System32\KERNEL32.DLL
0x00007fff367b0000 - 0x00007fff36a78000 	C:\Windows\System32\KERNELBASE.dll
0x00007fff38e60000 - 0x00007fff38f0c000 	C:\Windows\System32\ADVAPI32.dll
0x00007fff36fb0000 - 0x00007fff3704e000 	C:\Windows\System32\msvcrt.dll
0x00007fff37050000 - 0x00007fff370eb000 	C:\Windows\System32\sechost.dll
0x00007fff38c00000 - 0x00007fff38d2b000 	C:\Windows\System32\RPCRT4.dll
0x00007fff37e20000 - 0x00007fff37fc0000 	C:\Windows\System32\USER32.dll
0x00007fff36c90000 - 0x00007fff36cb2000 	C:\Windows\System32\win32u.dll
0x00007fff38130000 - 0x00007fff3815a000 	C:\Windows\System32\GDI32.dll
0x00007fff36b80000 - 0x00007fff36c8b000 	C:\Windows\System32\gdi32full.dll
0x00007fff36690000 - 0x00007fff3672d000 	C:\Windows\System32\msvcp_win.dll
0x00007fff36a80000 - 0x00007fff36b80000 	C:\Windows\System32\ucrtbase.dll
0x00007fff257b0000 - 0x00007fff25a4a000 	C:\Windows\WinSxS\amd64_microsoft.windows.common-controls_6595b64144ccf1df_6.0.19041.844_none_ca00b6081b84eb1d\COMCTL32.dll
0x00007fff38090000 - 0x00007fff380c0000 	C:\Windows\System32\IMM32.DLL
0x0000000051f20000 - 0x0000000051ff2000 	C:\Program Files\Java\jdk1.8.0_25\jre\bin\msvcr100.dll
0x0000000050530000 - 0x0000000050d8a000 	C:\Program Files\Java\jdk1.8.0_25\jre\bin\server\jvm.dll
0x00007fff371d0000 - 0x00007fff371d8000 	C:\Windows\System32\PSAPI.DLL
0x00007fff25780000 - 0x00007fff257a7000 	C:\Windows\SYSTEM32\WINMM.dll
0x00007fff1c680000 - 0x00007fff1c689000 	C:\Windows\SYSTEM32\WSOCK32.dll
0x00007fff380c0000 - 0x00007fff3812b000 	C:\Windows\System32\WS2_32.dll
0x0000000051f10000 - 0x0000000051f1f000 	C:\Program Files\Java\jdk1.8.0_25\jre\bin\verify.dll
0x0000000051ee0000 - 0x0000000051f08000 	C:\Program Files\Java\jdk1.8.0_25\jre\bin\java.dll
0x0000000051ec0000 - 0x0000000051ed6000 	C:\Program Files\Java\jdk1.8.0_25\jre\bin\zip.dll
0x00007fff37530000 - 0x00007fff37c72000 	C:\Windows\System32\SHELL32.dll
0x00007fff34770000 - 0x00007fff34f01000 	C:\Windows\SYSTEM32\windows.storage.dll
0x00007fff38220000 - 0x00007fff38575000 	C:\Windows\System32\combase.dll
0x00007fff36030000 - 0x00007fff3605c000 	C:\Windows\SYSTEM32\Wldp.dll
0x00007fff37fe0000 - 0x00007fff3808e000 	C:\Windows\System32\SHCORE.dll
0x00007fff38580000 - 0x00007fff385d5000 	C:\Windows\System32\shlwapi.dll
0x00007fff365d0000 - 0x00007fff365ef000 	C:\Windows\SYSTEM32\profapi.dll
0x00007fff31660000 - 0x00007fff3166a000 	C:\Program Files (x86)\apache-maven-3.8.1\lib\jansi-native\windows64\jansi.dll
0x0000000051eb0000 - 0x0000000051ebd000 	C:\Program Files\Java\jdk1.8.0_25\jre\bin\management.dll
0x0000000051e80000 - 0x0000000051ea4000 	C:\Program Files\Java\jdk1.8.0_25\jre\bin\sunec.dll
0x00007fff36070000 - 0x00007fff36088000 	C:\Windows\SYSTEM32\CRYPTSP.dll
0x00007fff35760000 - 0x00007fff35794000 	C:\Windows\system32\rsaenh.dll
0x00007fff36f80000 - 0x00007fff36fa7000 	C:\Windows\System32\bcrypt.dll
0x00007fff36590000 - 0x00007fff365be000 	C:\Windows\SYSTEM32\USERENV.dll
0x00007fff36730000 - 0x00007fff367b0000 	C:\Windows\System32\bcryptprimitives.dll
0x00007fff35f90000 - 0x00007fff35f9c000 	C:\Windows\SYSTEM32\CRYPTBASE.dll
0x0000000051e60000 - 0x0000000051e7a000 	C:\Program Files\Java\jdk1.8.0_25\jre\bin\net.dll
0x00007fff35e10000 - 0x00007fff35e7a000 	C:\Windows\system32\mswsock.dll
0x00007fff35ad0000 - 0x00007fff35b0b000 	C:\Windows\SYSTEM32\IPHLPAPI.DLL
0x00007fff38e50000 - 0x00007fff38e58000 	C:\Windows\System32\NSI.dll
0x00007fff2d4c0000 - 0x00007fff2d4d7000 	C:\Windows\SYSTEM32\dhcpcsvc6.DLL
0x00007fff2d440000 - 0x00007fff2d45d000 	C:\Windows\SYSTEM32\dhcpcsvc.DLL
0x00007fff35b10000 - 0x00007fff35bdc000 	C:\Windows\SYSTEM32\DNSAPI.dll
0x0000000051e40000 - 0x0000000051e51000 	C:\Program Files\Java\jdk1.8.0_25\jre\bin\nio.dll
0x00007ffefaad0000 - 0x00007ffefaae7000 	C:\Windows\system32\napinsp.dll
0x00007ffefaaf0000 - 0x00007ffefab0b000 	C:\Windows\system32\pnrpnsp.dll
0x00007fff30980000 - 0x00007fff30995000 	C:\Windows\system32\wshbth.dll
0x00007fff315a0000 - 0x00007fff315bd000 	C:\Windows\system32\NLAapi.dll
0x00007ffefab10000 - 0x00007ffefab22000 	C:\Windows\System32\winrnr.dll
0x00007fff2de80000 - 0x00007fff2de8a000 	C:\Windows\System32\rasadhlp.dll
0x00007fff2ac90000 - 0x00007fff2ad0f000 	C:\Windows\System32\fwpuclnt.dll
0x0000000051ca0000 - 0x0000000051e38000 	C:\Program Files\Java\jdk1.8.0_25\jre\bin\awt.dll
0x00007fff37460000 - 0x00007fff3752d000 	C:\Windows\System32\OLEAUT32.dll
0x00007fff32f40000 - 0x00007fff32fd0000 	C:\Windows\SYSTEM32\apphelp.dll
0x00007fff33030000 - 0x00007fff330ce000 	C:\Windows\system32\uxtheme.dll
0x00007fff38d30000 - 0x00007fff38e45000 	C:\Windows\System32\MSCTF.dll
0x00007fff38ad0000 - 0x00007fff38bfa000 	C:\Windows\System32\ole32.dll
0x00007fff34f20000 - 0x00007fff34f32000 	C:\Windows\SYSTEM32\kernel.appcore.dll
0x00007fff33e00000 - 0x00007fff33e2f000 	C:\Windows\system32\DWMAPI.DLL
0x00007fff36d20000 - 0x00007fff36d6e000 	C:\Windows\System32\cfgmgr32.dll
0x00007fff29470000 - 0x00007fff29617000 	C:\Windows\System32\DriverStore\FileRepository\iigd_dch.inf_amd64_24db536432518c37\igdgmm64.dll
0x00007fff26b10000 - 0x00007fff293fa000 	C:\Windows\System32\DriverStore\FileRepository\iigd_dch.inf_amd64_24db536432518c37\igc64.dll
0x00007fff2b150000 - 0x00007fff2b18b000 	C:\Windows\SYSTEM32\dxcore.dll
0x0000000051c50000 - 0x0000000051c97000 	C:\Program Files\Java\jdk1.8.0_25\jre\bin\fontmanager.dll
0x0000000051c00000 - 0x0000000051c41000 	C:\Program Files\Java\jdk1.8.0_25\jre\bin\t2k.dll
0x00007fff23fa0000 - 0x00007fff24099000 	C:\Windows\SYSTEM32\textinputframework.dll
0x00007fff329b0000 - 0x00007fff32d0e000 	C:\Windows\System32\CoreUIComponents.dll
0x00007fff32d10000 - 0x00007fff32e02000 	C:\Windows\System32\CoreMessaging.dll
0x00007fff332d0000 - 0x00007fff33424000 	C:\Windows\SYSTEM32\wintypes.dll
0x00007fff35390000 - 0x00007fff353c3000 	C:\Windows\SYSTEM32\ntmarta.dll
0x00007ffed50c0000 - 0x00007ffed5292000 	W:\home\nico\Workspaces\factory-wild\Virtual_Factory\java-project\jmonkey-ld-master\bulletjme.dll
0x0000000180000000 - 0x0000000180064000 	W:\home\nico\Workspaces\factory-wild\Virtual_Factory\java-project\jmonkey-ld-master\OpenAL64.dll
0x000000001ec10000 - 0x000000001ec63000 	W:\home\nico\Workspaces\factory-wild\Virtual_Factory\java-project\jmonkey-ld-master\lwjgl64.dll
0x00007fff06690000 - 0x00007fff067b6000 	C:\Windows\SYSTEM32\OPENGL32.dll
0x00007fff2ee30000 - 0x00007fff2ee3a000 	C:\Windows\SYSTEM32\VERSION.dll
0x00007fff072b0000 - 0x00007fff072dc000 	C:\Windows\SYSTEM32\GLU32.dll
0x00007fff301e0000 - 0x00007fff3028e000 	C:\Windows\SYSTEM32\mscms.dll
0x00007fff30180000 - 0x00007fff30191000 	C:\Windows\SYSTEM32\ColorAdapterClient.dll
0x00007fff37c80000 - 0x00007fff37d29000 	C:\Windows\System32\clbcatq.dll
0x00007fff2ee40000 - 0x00007fff2ef39000 	C:\Windows\System32\AppXDeploymentClient.dll
0x00007ffeecad0000 - 0x00007ffeeda1a000 	C:\Windows\System32\DriverStore\FileRepository\iigd_dch.inf_amd64_24db536432518c37\ig9icd64.dll
0x00007fff34f90000 - 0x00007fff35083000 	C:\Windows\system32\dxgi.dll
0x00007fff35c40000 - 0x00007fff35c8b000 	C:\Windows\SYSTEM32\powrprof.dll
0x00007fff35ab0000 - 0x00007fff35ac2000 	C:\Windows\SYSTEM32\UMPDC.dll
0x00007fff10990000 - 0x00007fff109d3000 	C:\Windows\SYSTEM32\icm32.dll
0x00007ffeec6d0000 - 0x00007ffeecac1000 	C:\Windows\System32\DriverStore\FileRepository\iigd_dch.inf_amd64_24db536432518c37\igdml64.dll
0x00007fff2ebe0000 - 0x00007fff2ec65000 	C:\Windows\System32\MMDevApi.dll
0x00007fff36440000 - 0x00007fff3646c000 	C:\Windows\System32\DEVOBJ.dll
0x00007fff108f0000 - 0x00007fff1098c000 	C:\Windows\SYSTEM32\dsound.dll
0x00007fff1e0e0000 - 0x00007fff1e106000 	C:\Windows\SYSTEM32\winmmbase.dll
0x00007fff2eca0000 - 0x00007fff2ee21000 	C:\Windows\SYSTEM32\AUDIOSES.DLL
0x00007fff33f30000 - 0x00007fff33f44000 	C:\Windows\SYSTEM32\resourcepolicyclient.dll
0x00007fff344a0000 - 0x00007fff34684000 	C:\Windows\SYSTEM32\dbghelp.dll

VM Arguments:
jvm_args: -Dclassworlds.conf=C:\Program Files (x86)\apache-maven-3.8.1\bin\..\bin\m2.conf -Dmaven.home=C:\Program Files (x86)\apache-maven-3.8.1\bin\.. -Dlibrary.jansi.path=C:\Program Files (x86)\apache-maven-3.8.1\bin\..\lib\jansi-native -Dmaven.multiModuleProjectDirectory=W:\home\nico\Workspaces\factory-wild\Virtual_Factory\java-project\jmonkey-ld-master 
java_command: org.codehaus.plexus.classworlds.launcher.Launcher jetty:run
java_class_path (initial): C:\Program Files (x86)\apache-maven-3.8.1\bin\..\boot\plexus-classworlds-2.6.0.jar
Launcher Type: SUN_STANDARD

Environment Variables:
PATH=C:\Program Files\WindowsApps\Microsoft.WindowsTerminal_1.7.1033.0_x64__8wekyb3d8bbwe;C:\Windows\system32;C:\Windows;C:\Windows\System32\Wbem;C:\Windows\System32\WindowsPowerShell\v1.0\;C:\Windows\System32\OpenSSH\;C:\Program Files\Intel\WiFi\bin\;C:\Program Files\Common Files\Intel\WirelessCommon\;C:\gwprog\putty\;C:\Program Files\Docker\Docker\resources\bin;C:\ProgramData\DockerDesktop\version-bin;C:\Users\gnlpf\AppData\Local\Microsoft\WindowsApps;C:\Users\gnlpf\AppData\Local\Programs\Microsoft VS Code\bin;C:\Program Files\Java\jdk1.8.0_25\bin;C:\Program Files (x86)\apache-maven-3.8.1\bin;
USERNAME=gnlpf
OS=Windows_NT
PROCESSOR_IDENTIFIER=Intel64 Family 6 Model 142 Stepping 10, GenuineIntel



---------------  S Y S T E M  ---------------

OS: Windows 8.1 , 64 bit Build 9600 

CPU:total 8 (4 cores per cpu, 2 threads per core) family 6 model 142 stepping 10, cmov, cx8, fxsr, mmx, sse, sse2, sse3, ssse3, sse4.1, sse4.2, popcnt, avx, avx2, aes, clmul, erms, lzcnt, ht, tsc, tscinvbit, bmi1, bmi2

Memory: 4k page, physical 8280788k(2343732k free), swap 13785812k(6893212k free)

vm_info: Java HotSpot(TM) 64-Bit Server VM (25.25-b02) for windows-amd64 JRE (1.8.0_25-b18), built on Oct  7 2014 14:25:37 by "java_re" with MS VC++ 10.0 (VS2010)

time: Fri Apr 23 18:35:37 2021
elapsed time: 570 seconds (0d 0h 9m 30s)

